Warning: no access to tty (Bad file descriptor).
Thus no job control in this shell.
Can't load history: $< line too long.
Now running source localization for CA114
LOADEDMODULES=pbspro:Anaconda3-5.1.0 ;export LOADEDMODULES;PATH=/usr/physics/python/anaconda3/bin:/usr/lib64/qt-3.3/bin:/headnode1/abry4213/software/freesurfer/bin:/headnode1/abry4213/software/freesurfer/fsfast/bin:/headnode1/abry4213/software/freesurfer/bin:/headnode1/abry4213/.vscode-server/cli/servers/Stable-31c37ee8f63491495ac49e43b8544550fbae4533/server/bin/remote-cli:/usr/physics/pbspro/bin:/headnode1/abry4213/bin:/usr/physics/bin:/bin:/usr/local/bin:/usr/share/Modules/bin:/usr/bin:/opt/dell/srvadmin/bin:/usr/local/sbin:/usr/sbin ;export PATH;_LMFILES_=/usr/physics/share/modulefiles/pbspro:/usr/physics/share/modulefiles/Anaconda3-5.1.0 ;export _LMFILES_;1. Creating a dense scalp tessellation with mkheadsurf...
Running subprocess: mkheadsurf -subjid sub-CA114 -srcvol T1.mgz
INFO: log file is /headnode1/abry4213/data/Cogitate_Batch2/MEG_Data/derivatives/fs/sub-CA114/scripts/mkheadsurf.log

--------------------------------

Thu Jun 20 21:10:31 AEST 2024

/headnode1/abry4213

mri_seghead --invol /headnode1/abry4213/data/Cogitate_Batch2/MEG_Data/derivatives/fs/sub-CA114/mri/T1.mgz --outvol /headnode1/abry4213/data/Cogitate_Batch2/MEG_Data/derivatives/fs/sub-CA114/mri/seghead.mgz --fill 1 --thresh1 20 --thresh2 20 --nhitsmin 2

--------------------------------

input volume:  /headnode1/abry4213/data/Cogitate_Batch2/MEG_Data/derivatives/fs/sub-CA114/mri/T1.mgz

output volume: /headnode1/abry4213/data/Cogitate_Batch2/MEG_Data/derivatives/fs/sub-CA114/mri/seghead.mgz

threshold1:    20

threshold2:    20

nhitsmin:      2

fill value:    1

Loading input volume

Filling Columns

Filling Rows

Filling Slices

Merging and Inverting

Growing

Counting

N Head Voxels = 4497669

N Back Voxels = 12279547

Avg. Back Intensity = 1.954346

Max. Back Intensity = 234.000000

Writing output

Done

--------------------------------

Thu Jun 20 21:10:37 AEST 2024

/headnode1/abry4213

mri_tessellate /headnode1/abry4213/data/Cogitate_Batch2/MEG_Data/derivatives/fs/sub-CA114/mri/seghead.mgz 1 /headnode1/abry4213/data/Cogitate_Batch2/MEG_Data/derivatives/fs/sub-CA114/surf/lh.seghead

--------------------------------

7.1.1

  7.1.1

slice 20: 6322 vertices, 6482 faces

slice 30: 15371 vertices, 15598 faces

slice 40: 24652 vertices, 24919 faces

slice 50: 34154 vertices, 34459 faces

slice 60: 43619 vertices, 43960 faces

slice 70: 53934 vertices, 54322 faces

slice 80: 64609 vertices, 65025 faces

slice 90: 74657 vertices, 75089 faces

slice 100: 84481 vertices, 84920 faces

slice 110: 94713 vertices, 95199 faces

slice 120: 106196 vertices, 106719 faces

slice 130: 116962 vertices, 117483 faces

slice 140: 126493 vertices, 127051 faces

slice 150: 137091 vertices, 137759 faces

slice 160: 149007 vertices, 149741 faces

slice 170: 160242 vertices, 161033 faces

slice 180: 171057 vertices, 171853 faces

slice 190: 181518 vertices, 182322 faces

slice 200: 193037 vertices, 193858 faces

slice 210: 206774 vertices, 207583 faces

slice 220: 216808 vertices, 217506 faces

slice 230: 223846 vertices, 224439 faces

slice 240: 225133 vertices, 225646 faces

slice 250: 225139 vertices, 225648 faces

using the conformed surface RAS to save vertex points...

writing /headnode1/abry4213/data/Cogitate_Batch2/MEG_Data/derivatives/fs/sub-CA114/surf/lh.seghead

using vox2ras matrix:

-1.00000   0.00000   0.00000   128.00000;

 0.00000   0.00000   1.00000  -128.00000;

 0.00000  -1.00000   0.00000   128.00000;

 0.00000   0.00000   0.00000   1.00000;

--------------------------------

Thu Jun 20 21:10:39 AEST 2024

/headnode1/abry4213

mris_smooth -n 10 -b area.seghead -c curv.seghead /headnode1/abry4213/data/Cogitate_Batch2/MEG_Data/derivatives/fs/sub-CA114/surf/lh.seghead /headnode1/abry4213/data/Cogitate_Batch2/MEG_Data/derivatives/fs/sub-CA114/surf/lh.seghead

--------------------------------

smoothing for 10 iterations

smoothing surface tessellation for 10 iterations...

smoothing complete - recomputing first and second fundamental forms...

writing smoothed curvature to /headnode1/abry4213/data/Cogitate_Batch2/MEG_Data/derivatives/fs/sub-CA114/surf/lh.curv.seghead

writing smoothed area to /headnode1/abry4213/data/Cogitate_Batch2/MEG_Data/derivatives/fs/sub-CA114/surf/lh.area.seghead

--------------------------------

Thu Jun 20 21:10:47 AEST 2024

/headnode1/abry4213

mris_inflate -n 10 -sulc sulc.seghead /headnode1/abry4213/data/Cogitate_Batch2/MEG_Data/derivatives/fs/sub-CA114/surf/lh.seghead /headnode1/abry4213/data/Cogitate_Batch2/MEG_Data/derivatives/fs/sub-CA114/surf/lh.seghead.inflated

--------------------------------

niterations = 10

sulc name = sulc.seghead

Reading /headnode1/abry4213/data/Cogitate_Batch2/MEG_Data/derivatives/fs/sub-CA114/surf/lh.seghead

avg radius = 104.1 mm, total surface area = 148759 mm^2

step 000: RMS=0.089 (target=0.015)   step 005: RMS=0.067 (target=0.015)   step 010: RMS=0.061 (target=0.015)   step 015: RMS=0.057 (target=0.015)   step 020: RMS=0.053 (target=0.015)   step 025: RMS=0.050 (target=0.015)   step 030: RMS=0.048 (target=0.015)   step 035: RMS=0.046 (target=0.015)   step 040: RMS=0.044 (target=0.015)   step 045: RMS=0.043 (target=0.015)   step 050: RMS=0.042 (target=0.015)   step 055: RMS=0.042 (target=0.015)   step 060: RMS=0.042 (target=0.015)   writing inflated surface to /headnode1/abry4213/data/Cogitate_Batch2/MEG_Data/derivatives/fs/sub-CA114/surf/lh.seghead.inflated

writing sulcal depths to /headnode1/abry4213/data/Cogitate_Batch2/MEG_Data/derivatives/fs/sub-CA114/surf/lh.sulc.seghead



inflation complete.

inflation took 0.9 minutes

mris_inflate utimesec    48.601637

mris_inflate stimesec    3.340562

mris_inflate ru_maxrss   346464

mris_inflate ru_ixrss    0

mris_inflate ru_idrss    0

mris_inflate ru_isrss    0

mris_inflate ru_minflt   1571222

mris_inflate ru_majflt   0

mris_inflate ru_nswap    0

mris_inflate ru_inblock  0

mris_inflate ru_oublock  12336

mris_inflate ru_msgsnd   0

mris_inflate ru_msgrcv   0

mris_inflate ru_nsignals 0

mris_inflate ru_nvcsw    194

mris_inflate ru_nivcsw   91

Started at: Thu Jun 20 21:10:31 AEST 2024

Ended   at: Thu Jun 20 21:11:39 AEST 2024

mkheadsurf done

2. Creating /headnode1/abry4213/data/Cogitate_Batch2/MEG_Data/derivatives/fs/sub-CA114/bem/sub-CA114-head-dense.fif ...
outer skin  CM is   0.34  -4.41 -13.27 mm
Surfaces passed the basic topology checks.
3. Creating medium tessellation...
3.1 Decimating the dense tessellation...
3.2 Creating /headnode1/abry4213/data/Cogitate_Batch2/MEG_Data/derivatives/fs/sub-CA114/bem/sub-CA114-head-medium.fif
/headnode1/abry4213/github/cogitate-msp1/coglib/meeg/source_modelling/S00a_scalp_surfaces.py:106: RuntimeWarning: Surface outer skin  has topological defects: 20 / 30000 vertices have fewer than three neighboring triangles [4962, 5913, 6406, 6755, 6930, 7597, 7675, 7846, 7924, 8089, 8468, 8512, 8606, 8625, 8627, 9243, 9575, 10371, 10425, 10587]

Consider using --force as an additional input parameter.
  mnebem.make_scalp_surfaces(subject,
outer skin  CM is   0.79   4.92 -29.30 mm
Surfaces passed the basic topology checks.
4. Creating sparse tessellation...
4.1 Decimating the dense tessellation...
4.2 Creating /headnode1/abry4213/data/Cogitate_Batch2/MEG_Data/derivatives/fs/sub-CA114/bem/sub-CA114-head-sparse.fif
/headnode1/abry4213/github/cogitate-msp1/coglib/meeg/source_modelling/S00a_scalp_surfaces.py:106: RuntimeWarning: Surface outer skin  has topological defects: 1 / 2500 vertices have fewer than three neighboring triangles [550]

Consider using --force as an additional input parameter.
  mnebem.make_scalp_surfaces(subject,
outer skin  CM is   0.93   2.66 -25.41 mm
/headnode1/abry4213/github/cogitate-msp1/coglib/meeg/source_modelling/S00a_scalp_surfaces.py:106: RuntimeWarning: Surface outer skin  is not complete (sum of solid angles yielded 1.0000563375108642, should be 1.)
  mnebem.make_scalp_surfaces(subject,
Surfaces passed the basic topology checks.
Can't load history: $< line too long.
