Warning: no access to tty (Bad file descriptor).
Thus no job control in this shell.
Can't load history: $< line too long.
Now running source localization for CA124
LOADEDMODULES=pbspro:Anaconda3-5.1.0 ;export LOADEDMODULES;PATH=/usr/physics/python/anaconda3/bin:/usr/lib64/qt-3.3/bin:/headnode1/abry4213/software/freesurfer/bin:/headnode1/abry4213/software/freesurfer/fsfast/bin:/headnode1/abry4213/software/freesurfer/bin:/headnode1/abry4213/.vscode-server/cli/servers/Stable-31c37ee8f63491495ac49e43b8544550fbae4533/server/bin/remote-cli:/usr/physics/pbspro/bin:/headnode1/abry4213/bin:/usr/physics/bin:/bin:/usr/local/bin:/usr/share/Modules/bin:/usr/bin:/opt/dell/srvadmin/bin:/usr/local/sbin:/usr/sbin ;export PATH;_LMFILES_=/usr/physics/share/modulefiles/pbspro:/usr/physics/share/modulefiles/Anaconda3-5.1.0 ;export _LMFILES_;1. Creating a dense scalp tessellation with mkheadsurf...
Running subprocess: mkheadsurf -subjid sub-CA124 -srcvol T1.mgz
INFO: log file is /headnode1/abry4213/data/Cogitate_Batch2/MEG_Data/derivatives/fs/sub-CA124/scripts/mkheadsurf.log

--------------------------------

Thu Jun 20 21:10:36 AEST 2024

/headnode1/abry4213

mri_seghead --invol /headnode1/abry4213/data/Cogitate_Batch2/MEG_Data/derivatives/fs/sub-CA124/mri/T1.mgz --outvol /headnode1/abry4213/data/Cogitate_Batch2/MEG_Data/derivatives/fs/sub-CA124/mri/seghead.mgz --fill 1 --thresh1 20 --thresh2 20 --nhitsmin 2

--------------------------------

input volume:  /headnode1/abry4213/data/Cogitate_Batch2/MEG_Data/derivatives/fs/sub-CA124/mri/T1.mgz

output volume: /headnode1/abry4213/data/Cogitate_Batch2/MEG_Data/derivatives/fs/sub-CA124/mri/seghead.mgz

threshold1:    20

threshold2:    20

nhitsmin:      2

fill value:    1

Loading input volume

Filling Columns

Filling Rows

Filling Slices

Merging and Inverting

Growing

Counting

N Head Voxels = 3771708

N Back Voxels = 13005508

Avg. Back Intensity = 1.351535

Max. Back Intensity = 229.000000

Writing output

Done

--------------------------------

Thu Jun 20 21:10:42 AEST 2024

/headnode1/abry4213

mri_tessellate /headnode1/abry4213/data/Cogitate_Batch2/MEG_Data/derivatives/fs/sub-CA124/mri/seghead.mgz 1 /headnode1/abry4213/data/Cogitate_Batch2/MEG_Data/derivatives/fs/sub-CA124/surf/lh.seghead

--------------------------------

7.1.1

  7.1.1

slice 30: 391 vertices, 440 faces

slice 40: 8381 vertices, 8560 faces

slice 50: 18241 vertices, 18490 faces

slice 60: 29992 vertices, 30405 faces

slice 70: 42317 vertices, 42732 faces

slice 80: 53407 vertices, 53849 faces

slice 90: 64135 vertices, 64601 faces

slice 100: 74642 vertices, 75154 faces

slice 110: 86151 vertices, 86781 faces

slice 120: 98123 vertices, 98803 faces

slice 130: 109366 vertices, 110049 faces

slice 140: 119864 vertices, 120582 faces

slice 150: 129540 vertices, 130221 faces

slice 160: 138336 vertices, 139015 faces

slice 170: 147285 vertices, 147952 faces

slice 180: 156744 vertices, 157420 faces

slice 190: 167627 vertices, 168346 faces

slice 200: 181622 vertices, 182347 faces

slice 210: 194724 vertices, 195371 faces

slice 220: 201882 vertices, 202385 faces

slice 230: 203188 vertices, 203622 faces

slice 240: 203257 vertices, 203678 faces

slice 250: 203257 vertices, 203678 faces

using the conformed surface RAS to save vertex points...

writing /headnode1/abry4213/data/Cogitate_Batch2/MEG_Data/derivatives/fs/sub-CA124/surf/lh.seghead

using vox2ras matrix:

-1.00000   0.00000   0.00000   128.00000;

 0.00000   0.00000   1.00000  -128.00000;

 0.00000  -1.00000   0.00000   128.00000;

 0.00000   0.00000   0.00000   1.00000;

--------------------------------

Thu Jun 20 21:10:45 AEST 2024

/headnode1/abry4213

mris_smooth -n 10 -b area.seghead -c curv.seghead /headnode1/abry4213/data/Cogitate_Batch2/MEG_Data/derivatives/fs/sub-CA124/surf/lh.seghead /headnode1/abry4213/data/Cogitate_Batch2/MEG_Data/derivatives/fs/sub-CA124/surf/lh.seghead

--------------------------------

smoothing for 10 iterations

smoothing surface tessellation for 10 iterations...

smoothing complete - recomputing first and second fundamental forms...

writing smoothed curvature to /headnode1/abry4213/data/Cogitate_Batch2/MEG_Data/derivatives/fs/sub-CA124/surf/lh.curv.seghead

writing smoothed area to /headnode1/abry4213/data/Cogitate_Batch2/MEG_Data/derivatives/fs/sub-CA124/surf/lh.area.seghead

--------------------------------

Thu Jun 20 21:10:53 AEST 2024

/headnode1/abry4213

mris_inflate -n 10 -sulc sulc.seghead /headnode1/abry4213/data/Cogitate_Batch2/MEG_Data/derivatives/fs/sub-CA124/surf/lh.seghead /headnode1/abry4213/data/Cogitate_Batch2/MEG_Data/derivatives/fs/sub-CA124/surf/lh.seghead.inflated

--------------------------------

niterations = 10

sulc name = sulc.seghead

Reading /headnode1/abry4213/data/Cogitate_Batch2/MEG_Data/derivatives/fs/sub-CA124/surf/lh.seghead

avg radius = 98.6 mm, total surface area = 132474 mm^2

step 000: RMS=0.084 (target=0.015)   step 005: RMS=0.061 (target=0.015)   step 010: RMS=0.055 (target=0.015)   step 015: RMS=0.051 (target=0.015)   step 020: RMS=0.047 (target=0.015)   step 025: RMS=0.044 (target=0.015)   step 030: RMS=0.043 (target=0.015)   step 035: RMS=0.041 (target=0.015)   step 040: RMS=0.040 (target=0.015)   step 045: RMS=0.039 (target=0.015)   step 050: RMS=0.037 (target=0.015)   step 055: RMS=0.039 (target=0.015)   step 060: RMS=0.039 (target=0.015)   writing inflated surface to /headnode1/abry4213/data/Cogitate_Batch2/MEG_Data/derivatives/fs/sub-CA124/surf/lh.seghead.inflated

writing sulcal depths to /headnode1/abry4213/data/Cogitate_Batch2/MEG_Data/derivatives/fs/sub-CA124/surf/lh.sulc.seghead



inflation complete.

inflation took 1.0 minutes

mris_inflate utimesec    56.688093

mris_inflate stimesec    4.102210

mris_inflate ru_maxrss   313464

mris_inflate ru_ixrss    0

mris_inflate ru_idrss    0

mris_inflate ru_isrss    0

mris_inflate ru_minflt   1541568

mris_inflate ru_majflt   1

mris_inflate ru_nswap    0

mris_inflate ru_inblock  7288

mris_inflate ru_oublock  11136

mris_inflate ru_msgsnd   0

mris_inflate ru_msgrcv   0

mris_inflate ru_nsignals 0

mris_inflate ru_nvcsw    348

mris_inflate ru_nivcsw   176

Started at: Thu Jun 20 21:10:36 AEST 2024

Ended   at: Thu Jun 20 21:11:54 AEST 2024

mkheadsurf done

2. Creating /headnode1/abry4213/data/Cogitate_Batch2/MEG_Data/derivatives/fs/sub-CA124/bem/sub-CA124-head-dense.fif ...
outer skin  CM is   0.17  -3.52  -9.84 mm
Surfaces passed the basic topology checks.
3. Creating medium tessellation...
3.1 Decimating the dense tessellation...
3.2 Creating /headnode1/abry4213/data/Cogitate_Batch2/MEG_Data/derivatives/fs/sub-CA124/bem/sub-CA124-head-medium.fif
/headnode1/abry4213/github/cogitate-msp1/coglib/meeg/source_modelling/S00a_scalp_surfaces.py:106: RuntimeWarning: Surface outer skin  has topological defects: 10 / 30000 vertices have fewer than three neighboring triangles [1595, 7059, 7344, 7502, 7580, 8445, 8464, 8627, 8892, 14476]

Consider using --force as an additional input parameter.
  mnebem.make_scalp_surfaces(subject,
outer skin  CM is  -1.03   3.86 -30.08 mm
Surfaces passed the basic topology checks.
4. Creating sparse tessellation...
4.1 Decimating the dense tessellation...
4.2 Creating /headnode1/abry4213/data/Cogitate_Batch2/MEG_Data/derivatives/fs/sub-CA124/bem/sub-CA124-head-sparse.fif
/headnode1/abry4213/github/cogitate-msp1/coglib/meeg/source_modelling/S00a_scalp_surfaces.py:106: RuntimeWarning: Surface outer skin  has topological defects: 3 / 2500 vertices have fewer than three neighboring triangles [404, 416, 606]

Consider using --force as an additional input parameter.
  mnebem.make_scalp_surfaces(subject,
outer skin  CM is  -2.03   2.76 -25.90 mm
/headnode1/abry4213/github/cogitate-msp1/coglib/meeg/source_modelling/S00a_scalp_surfaces.py:106: RuntimeWarning: Surface outer skin  is not complete (sum of solid angles yielded 1.0000346608816963, should be 1.)
  mnebem.make_scalp_surfaces(subject,
Surfaces passed the basic topology checks.
Can't load history: $< line too long.
