Warning: no access to tty (Bad file descriptor).
Thus no job control in this shell.
Can't load history: $< line too long.
Now running source localization for CB045
LOADEDMODULES=pbspro:Anaconda3-5.1.0 ;export LOADEDMODULES;PATH=/usr/physics/python/anaconda3/bin:/usr/lib64/qt-3.3/bin:/headnode1/abry4213/software/freesurfer/bin:/headnode1/abry4213/software/freesurfer/fsfast/bin:/headnode1/abry4213/software/freesurfer/bin:/headnode1/abry4213/.vscode-server/cli/servers/Stable-31c37ee8f63491495ac49e43b8544550fbae4533/server/bin/remote-cli:/usr/physics/pbspro/bin:/headnode1/abry4213/bin:/usr/physics/bin:/bin:/usr/local/bin:/usr/share/Modules/bin:/usr/bin:/opt/dell/srvadmin/bin:/usr/local/sbin:/usr/sbin ;export PATH;_LMFILES_=/usr/physics/share/modulefiles/pbspro:/usr/physics/share/modulefiles/Anaconda3-5.1.0 ;export _LMFILES_;1. Creating a dense scalp tessellation with mkheadsurf...
Running subprocess: mkheadsurf -subjid sub-CB045 -srcvol T1.mgz
INFO: log file is /headnode1/abry4213/data/Cogitate_Batch2/MEG_Data/derivatives/fs/sub-CB045/scripts/mkheadsurf.log

--------------------------------

Thu Jun 20 21:18:23 AEST 2024

/headnode1/abry4213

mri_seghead --invol /headnode1/abry4213/data/Cogitate_Batch2/MEG_Data/derivatives/fs/sub-CB045/mri/T1.mgz --outvol /headnode1/abry4213/data/Cogitate_Batch2/MEG_Data/derivatives/fs/sub-CB045/mri/seghead.mgz --fill 1 --thresh1 20 --thresh2 20 --nhitsmin 2

--------------------------------

input volume:  /headnode1/abry4213/data/Cogitate_Batch2/MEG_Data/derivatives/fs/sub-CB045/mri/T1.mgz

output volume: /headnode1/abry4213/data/Cogitate_Batch2/MEG_Data/derivatives/fs/sub-CB045/mri/seghead.mgz

threshold1:    20

threshold2:    20

nhitsmin:      2

fill value:    1

Loading input volume

Filling Columns

Filling Rows

Filling Slices

Merging and Inverting

Growing

Counting

N Head Voxels = 3892858

N Back Voxels = 12884358

Avg. Back Intensity = 1.407434

Max. Back Intensity = 210.000000

Writing output

Done

--------------------------------

Thu Jun 20 21:18:28 AEST 2024

/headnode1/abry4213

mri_tessellate /headnode1/abry4213/data/Cogitate_Batch2/MEG_Data/derivatives/fs/sub-CB045/mri/seghead.mgz 1 /headnode1/abry4213/data/Cogitate_Batch2/MEG_Data/derivatives/fs/sub-CB045/surf/lh.seghead

--------------------------------

7.1.1

  7.1.1

slice 40: 8453 vertices, 8629 faces

slice 50: 17790 vertices, 18023 faces

slice 60: 27286 vertices, 27563 faces

slice 70: 39581 vertices, 40000 faces

slice 80: 54499 vertices, 54955 faces

slice 90: 66125 vertices, 66587 faces

slice 100: 76944 vertices, 77409 faces

slice 110: 87450 vertices, 87913 faces

slice 120: 97200 vertices, 97660 faces

slice 130: 107126 vertices, 107586 faces

slice 140: 118873 vertices, 119384 faces

slice 150: 128609 vertices, 129090 faces

slice 160: 138099 vertices, 138556 faces

slice 170: 147570 vertices, 148084 faces

slice 180: 156777 vertices, 157265 faces

slice 190: 168071 vertices, 168685 faces

slice 200: 180011 vertices, 180567 faces

slice 210: 195451 vertices, 195887 faces

slice 220: 200863 vertices, 201183 faces

slice 230: 201837 vertices, 202088 faces

slice 240: 201837 vertices, 202088 faces

slice 250: 201837 vertices, 202088 faces

using the conformed surface RAS to save vertex points...

writing /headnode1/abry4213/data/Cogitate_Batch2/MEG_Data/derivatives/fs/sub-CB045/surf/lh.seghead

using vox2ras matrix:

-1.00000   0.00000   0.00000   128.00000;

 0.00000   0.00000   1.00000  -128.00000;

 0.00000  -1.00000   0.00000   128.00000;

 0.00000   0.00000   0.00000   1.00000;

--------------------------------

Thu Jun 20 21:18:30 AEST 2024

/headnode1/abry4213

mris_smooth -n 10 -b area.seghead -c curv.seghead /headnode1/abry4213/data/Cogitate_Batch2/MEG_Data/derivatives/fs/sub-CB045/surf/lh.seghead /headnode1/abry4213/data/Cogitate_Batch2/MEG_Data/derivatives/fs/sub-CB045/surf/lh.seghead

--------------------------------

smoothing for 10 iterations

smoothing surface tessellation for 10 iterations...

smoothing complete - recomputing first and second fundamental forms...

writing smoothed curvature to /headnode1/abry4213/data/Cogitate_Batch2/MEG_Data/derivatives/fs/sub-CB045/surf/lh.curv.seghead

writing smoothed area to /headnode1/abry4213/data/Cogitate_Batch2/MEG_Data/derivatives/fs/sub-CB045/surf/lh.area.seghead

--------------------------------

Thu Jun 20 21:18:37 AEST 2024

/headnode1/abry4213

mris_inflate -n 10 -sulc sulc.seghead /headnode1/abry4213/data/Cogitate_Batch2/MEG_Data/derivatives/fs/sub-CB045/surf/lh.seghead /headnode1/abry4213/data/Cogitate_Batch2/MEG_Data/derivatives/fs/sub-CB045/surf/lh.seghead.inflated

--------------------------------

niterations = 10

sulc name = sulc.seghead

Reading /headnode1/abry4213/data/Cogitate_Batch2/MEG_Data/derivatives/fs/sub-CB045/surf/lh.seghead

avg radius = 100.1 mm, total surface area = 135573 mm^2

step 000: RMS=0.068 (target=0.015)   step 005: RMS=0.053 (target=0.015)   step 010: RMS=0.048 (target=0.015)   step 015: RMS=0.045 (target=0.015)   step 020: RMS=0.042 (target=0.015)   step 025: RMS=0.040 (target=0.015)   step 030: RMS=0.040 (target=0.015)   step 035: RMS=0.038 (target=0.015)   step 040: RMS=0.037 (target=0.015)   step 045: RMS=0.036 (target=0.015)   step 050: RMS=0.036 (target=0.015)   step 055: RMS=0.037 (target=0.015)   step 060: RMS=0.037 (target=0.015)   writing inflated surface to /headnode1/abry4213/data/Cogitate_Batch2/MEG_Data/derivatives/fs/sub-CB045/surf/lh.seghead.inflated

writing sulcal depths to /headnode1/abry4213/data/Cogitate_Batch2/MEG_Data/derivatives/fs/sub-CB045/surf/lh.sulc.seghead



inflation complete.

inflation took 0.7 minutes

mris_inflate utimesec    40.678518

mris_inflate stimesec    3.716225

mris_inflate ru_maxrss   310852

mris_inflate ru_ixrss    0

mris_inflate ru_idrss    0

mris_inflate ru_isrss    0

mris_inflate ru_minflt   1415499

mris_inflate ru_majflt   0

mris_inflate ru_nswap    0

mris_inflate ru_inblock  0

mris_inflate ru_oublock  11056

mris_inflate ru_msgsnd   0

mris_inflate ru_msgrcv   0

mris_inflate ru_nsignals 0

mris_inflate ru_nvcsw    282

mris_inflate ru_nivcsw   480

Started at: Thu Jun 20 21:18:23 AEST 2024

Ended   at: Thu Jun 20 21:19:22 AEST 2024

mkheadsurf done

2. Creating /headnode1/abry4213/data/Cogitate_Batch2/MEG_Data/derivatives/fs/sub-CB045/bem/sub-CB045-head-dense.fif ...
outer skin  CM is  -0.30  -3.95  -8.69 mm
Surfaces passed the basic topology checks.
3. Creating medium tessellation...
3.1 Decimating the dense tessellation...
3.2 Creating /headnode1/abry4213/data/Cogitate_Batch2/MEG_Data/derivatives/fs/sub-CB045/bem/sub-CB045-head-medium.fif
/headnode1/abry4213/github/cogitate-msp1/coglib/meeg/source_modelling/S00a_scalp_surfaces.py:106: RuntimeWarning: Surface outer skin  has topological defects: 7 / 29999 vertices have fewer than three neighboring triangles [3842, 4781, 9756, 10150, 10385, 10904, 12368]

Consider using --force as an additional input parameter.
  mnebem.make_scalp_surfaces(subject,
outer skin  CM is  -0.66   4.86 -26.92 mm
Surfaces passed the basic topology checks.
4. Creating sparse tessellation...
4.1 Decimating the dense tessellation...
4.2 Creating /headnode1/abry4213/data/Cogitate_Batch2/MEG_Data/derivatives/fs/sub-CB045/bem/sub-CB045-head-sparse.fif
/headnode1/abry4213/github/cogitate-msp1/coglib/meeg/source_modelling/S00a_scalp_surfaces.py:106: RuntimeWarning: Surface outer skin  has topological defects: 4 / 2500 vertices have fewer than three neighboring triangles [422, 423, 704, 1071]

Consider using --force as an additional input parameter.
  mnebem.make_scalp_surfaces(subject,
outer skin  CM is  -0.16   2.22 -23.71 mm
/headnode1/abry4213/github/cogitate-msp1/coglib/meeg/source_modelling/S00a_scalp_surfaces.py:106: RuntimeWarning: Surface outer skin  is not complete (sum of solid angles yielded 0.9997959817981728, should be 1.)
  mnebem.make_scalp_surfaces(subject,
Surfaces passed the basic topology checks.
Can't load history: $< line too long.
