Warning: no access to tty (Bad file descriptor).
Thus no job control in this shell.
Can't load history: $< line too long.
Now running source localization for CA145
LOADEDMODULES=pbspro:Anaconda3-5.1.0 ;export LOADEDMODULES;PATH=/usr/physics/python/anaconda3/bin:/usr/lib64/qt-3.3/bin:/headnode1/abry4213/software/freesurfer/bin:/headnode1/abry4213/software/freesurfer/fsfast/bin:/headnode1/abry4213/software/freesurfer/bin:/headnode1/abry4213/.vscode-server/cli/servers/Stable-31c37ee8f63491495ac49e43b8544550fbae4533/server/bin/remote-cli:/usr/physics/pbspro/bin:/headnode1/abry4213/bin:/usr/physics/bin:/bin:/usr/local/bin:/usr/share/Modules/bin:/usr/bin:/opt/dell/srvadmin/bin:/usr/local/sbin:/usr/sbin ;export PATH;_LMFILES_=/usr/physics/share/modulefiles/pbspro:/usr/physics/share/modulefiles/Anaconda3-5.1.0 ;export _LMFILES_;1. Creating a dense scalp tessellation with mkheadsurf...
Running subprocess: mkheadsurf -subjid sub-CA145 -srcvol T1.mgz
INFO: log file is /headnode1/abry4213/data/Cogitate_Batch2/MEG_Data/derivatives/fs/sub-CA145/scripts/mkheadsurf.log

--------------------------------

Thu Jun 20 21:12:43 AEST 2024

/headnode1/abry4213

mri_seghead --invol /headnode1/abry4213/data/Cogitate_Batch2/MEG_Data/derivatives/fs/sub-CA145/mri/T1.mgz --outvol /headnode1/abry4213/data/Cogitate_Batch2/MEG_Data/derivatives/fs/sub-CA145/mri/seghead.mgz --fill 1 --thresh1 20 --thresh2 20 --nhitsmin 2

--------------------------------

input volume:  /headnode1/abry4213/data/Cogitate_Batch2/MEG_Data/derivatives/fs/sub-CA145/mri/T1.mgz

output volume: /headnode1/abry4213/data/Cogitate_Batch2/MEG_Data/derivatives/fs/sub-CA145/mri/seghead.mgz

threshold1:    20

threshold2:    20

nhitsmin:      2

fill value:    1

Loading input volume

Filling Columns

Filling Rows

Filling Slices

Merging and Inverting

Growing

Counting

N Head Voxels = 3495560

N Back Voxels = 13281656

Avg. Back Intensity = 1.827367

Max. Back Intensity = 234.000000

Writing output

Done

--------------------------------

Thu Jun 20 21:12:49 AEST 2024

/headnode1/abry4213

mri_tessellate /headnode1/abry4213/data/Cogitate_Batch2/MEG_Data/derivatives/fs/sub-CA145/mri/seghead.mgz 1 /headnode1/abry4213/data/Cogitate_Batch2/MEG_Data/derivatives/fs/sub-CA145/surf/lh.seghead

--------------------------------

7.1.1

  7.1.1

slice 30: 5549 vertices, 5694 faces

slice 40: 13188 vertices, 13389 faces

slice 50: 23447 vertices, 23819 faces

slice 60: 36887 vertices, 37375 faces

slice 70: 51987 vertices, 52471 faces

slice 80: 63355 vertices, 63826 faces

slice 90: 73843 vertices, 74301 faces

slice 100: 83962 vertices, 84422 faces

slice 110: 93381 vertices, 93844 faces

slice 120: 103738 vertices, 104228 faces

slice 130: 114840 vertices, 115397 faces

slice 140: 124903 vertices, 125409 faces

slice 150: 133677 vertices, 134170 faces

slice 160: 142199 vertices, 142712 faces

slice 170: 151866 vertices, 152509 faces

slice 180: 162404 vertices, 163168 faces

slice 190: 173455 vertices, 174362 faces

slice 200: 187040 vertices, 188020 faces

slice 210: 196422 vertices, 197279 faces

slice 220: 200768 vertices, 201525 faces

slice 230: 201480 vertices, 202182 faces

slice 240: 201480 vertices, 202182 faces

slice 250: 201480 vertices, 202182 faces

using the conformed surface RAS to save vertex points...

writing /headnode1/abry4213/data/Cogitate_Batch2/MEG_Data/derivatives/fs/sub-CA145/surf/lh.seghead

using vox2ras matrix:

-1.00000   0.00000   0.00000   128.00000;

 0.00000   0.00000   1.00000  -128.00000;

 0.00000  -1.00000   0.00000   128.00000;

 0.00000   0.00000   0.00000   1.00000;

--------------------------------

Thu Jun 20 21:12:52 AEST 2024

/headnode1/abry4213

mris_smooth -n 10 -b area.seghead -c curv.seghead /headnode1/abry4213/data/Cogitate_Batch2/MEG_Data/derivatives/fs/sub-CA145/surf/lh.seghead /headnode1/abry4213/data/Cogitate_Batch2/MEG_Data/derivatives/fs/sub-CA145/surf/lh.seghead

--------------------------------

smoothing for 10 iterations

smoothing surface tessellation for 10 iterations...

smoothing complete - recomputing first and second fundamental forms...

writing smoothed curvature to /headnode1/abry4213/data/Cogitate_Batch2/MEG_Data/derivatives/fs/sub-CA145/surf/lh.curv.seghead

writing smoothed area to /headnode1/abry4213/data/Cogitate_Batch2/MEG_Data/derivatives/fs/sub-CA145/surf/lh.area.seghead

--------------------------------

Thu Jun 20 21:12:59 AEST 2024

/headnode1/abry4213

mris_inflate -n 10 -sulc sulc.seghead /headnode1/abry4213/data/Cogitate_Batch2/MEG_Data/derivatives/fs/sub-CA145/surf/lh.seghead /headnode1/abry4213/data/Cogitate_Batch2/MEG_Data/derivatives/fs/sub-CA145/surf/lh.seghead.inflated

--------------------------------

niterations = 10

sulc name = sulc.seghead

Reading /headnode1/abry4213/data/Cogitate_Batch2/MEG_Data/derivatives/fs/sub-CA145/surf/lh.seghead

avg radius = 97.9 mm, total surface area = 134565 mm^2

step 000: RMS=0.096 (target=0.015)   step 005: RMS=0.074 (target=0.015)   step 010: RMS=0.066 (target=0.015)   step 015: RMS=0.061 (target=0.015)   step 020: RMS=0.056 (target=0.015)   step 025: RMS=0.054 (target=0.015)   step 030: RMS=0.054 (target=0.015)   step 035: RMS=0.051 (target=0.015)   step 040: RMS=0.049 (target=0.015)   step 045: RMS=0.049 (target=0.015)   step 050: RMS=0.048 (target=0.015)   step 055: RMS=0.049 (target=0.015)   step 060: RMS=0.048 (target=0.015)   writing inflated surface to /headnode1/abry4213/data/Cogitate_Batch2/MEG_Data/derivatives/fs/sub-CA145/surf/lh.seghead.inflated

writing sulcal depths to /headnode1/abry4213/data/Cogitate_Batch2/MEG_Data/derivatives/fs/sub-CA145/surf/lh.sulc.seghead



inflation complete.

inflation took 0.8 minutes

mris_inflate utimesec    44.601244

mris_inflate stimesec    3.165875

mris_inflate ru_maxrss   310416

mris_inflate ru_ixrss    0

mris_inflate ru_idrss    0

mris_inflate ru_isrss    0

mris_inflate ru_minflt   1286640

mris_inflate ru_majflt   0

mris_inflate ru_nswap    0

mris_inflate ru_inblock  0

mris_inflate ru_oublock  11048

mris_inflate ru_msgsnd   0

mris_inflate ru_msgrcv   0

mris_inflate ru_nsignals 0

mris_inflate ru_nvcsw    175

mris_inflate ru_nivcsw   64

Started at: Thu Jun 20 21:12:43 AEST 2024

Ended   at: Thu Jun 20 21:13:47 AEST 2024

mkheadsurf done

2. Creating /headnode1/abry4213/data/Cogitate_Batch2/MEG_Data/derivatives/fs/sub-CA145/bem/sub-CA145-head-dense.fif ...
/headnode1/abry4213/github/cogitate-msp1/coglib/meeg/source_modelling/S00a_scalp_surfaces.py:106: RuntimeWarning: Surface outer skin  has topological defects: 13 / 404364 vertices have fewer than three neighboring triangles [86829, 87755, 98507, 98509, 99556, 99558, 99560, 99562, 100611, 100613, 101643, 101645, 102670]

Consider using --force as an additional input parameter.
  mnebem.make_scalp_surfaces(subject,
outer skin  CM is   3.24 -10.07 -18.44 mm
/headnode1/abry4213/github/cogitate-msp1/coglib/meeg/source_modelling/S00a_scalp_surfaces.py:106: RuntimeWarning: Surface outer skin  is not complete (sum of solid angles yielded 0.999957278904528, should be 1.)
  mnebem.make_scalp_surfaces(subject,
Surfaces passed the basic topology checks.
3. Creating medium tessellation...
3.1 Decimating the dense tessellation...
3.2 Creating /headnode1/abry4213/data/Cogitate_Batch2/MEG_Data/derivatives/fs/sub-CA145/bem/sub-CA145-head-medium.fif
/headnode1/abry4213/github/cogitate-msp1/coglib/meeg/source_modelling/S00a_scalp_surfaces.py:106: RuntimeWarning: Surface outer skin  has topological defects: 16 / 29999 vertices have fewer than three neighboring triangles [5931, 7144, 7488, 7565, 7777, 8583, 8948, 10047, 10049, 10265, 10588, 10799, 12116, 12771, 13955, 14155]

Consider using --force as an additional input parameter.
  mnebem.make_scalp_surfaces(subject,
outer skin  CM is   5.81   3.49 -35.83 mm
/headnode1/abry4213/github/cogitate-msp1/coglib/meeg/source_modelling/S00a_scalp_surfaces.py:106: RuntimeWarning: Surface outer skin  is not complete (sum of solid angles yielded 0.999948293843561, should be 1.)
  mnebem.make_scalp_surfaces(subject,
Surfaces passed the basic topology checks.
4. Creating sparse tessellation...
4.1 Decimating the dense tessellation...
4.2 Creating /headnode1/abry4213/data/Cogitate_Batch2/MEG_Data/derivatives/fs/sub-CA145/bem/sub-CA145-head-sparse.fif
/headnode1/abry4213/github/cogitate-msp1/coglib/meeg/source_modelling/S00a_scalp_surfaces.py:106: RuntimeWarning: Surface outer skin  has topological defects: 2 / 2499 vertices have fewer than three neighboring triangles [593, 624]

Consider using --force as an additional input parameter.
  mnebem.make_scalp_surfaces(subject,
outer skin  CM is   5.23  -0.44 -31.10 mm
/headnode1/abry4213/github/cogitate-msp1/coglib/meeg/source_modelling/S00a_scalp_surfaces.py:106: RuntimeWarning: Surface outer skin  is not complete (sum of solid angles yielded 1.0000550621378956, should be 1.)
  mnebem.make_scalp_surfaces(subject,
Surfaces passed the basic topology checks.
Can't load history: $< line too long.
