Warning: no access to tty (Bad file descriptor).
Thus no job control in this shell.
Can't load history: $< line too long.
Now running source localization for CB082
LOADEDMODULES=pbspro:Anaconda3-5.1.0 ;export LOADEDMODULES;PATH=/usr/physics/python/anaconda3/bin:/usr/lib64/qt-3.3/bin:/headnode1/abry4213/software/freesurfer/bin:/headnode1/abry4213/software/freesurfer/fsfast/bin:/headnode1/abry4213/software/freesurfer/bin:/headnode1/abry4213/.vscode-server/cli/servers/Stable-31c37ee8f63491495ac49e43b8544550fbae4533/server/bin/remote-cli:/usr/physics/pbspro/bin:/headnode1/abry4213/bin:/usr/physics/bin:/bin:/usr/local/bin:/usr/share/Modules/bin:/usr/bin:/opt/dell/srvadmin/bin:/usr/local/sbin:/usr/sbin ;export PATH;_LMFILES_=/usr/physics/share/modulefiles/pbspro:/usr/physics/share/modulefiles/Anaconda3-5.1.0 ;export _LMFILES_;1. Creating a dense scalp tessellation with mkheadsurf...
Running subprocess: mkheadsurf -subjid sub-CB082 -srcvol T1.mgz
INFO: log file is /headnode1/abry4213/data/Cogitate_Batch2/MEG_Data/derivatives/fs/sub-CB082/scripts/mkheadsurf.log

--------------------------------

Thu Jun 20 21:19:10 AEST 2024

/headnode1/abry4213

mri_seghead --invol /headnode1/abry4213/data/Cogitate_Batch2/MEG_Data/derivatives/fs/sub-CB082/mri/T1.mgz --outvol /headnode1/abry4213/data/Cogitate_Batch2/MEG_Data/derivatives/fs/sub-CB082/mri/seghead.mgz --fill 1 --thresh1 20 --thresh2 20 --nhitsmin 2

--------------------------------

input volume:  /headnode1/abry4213/data/Cogitate_Batch2/MEG_Data/derivatives/fs/sub-CB082/mri/T1.mgz

output volume: /headnode1/abry4213/data/Cogitate_Batch2/MEG_Data/derivatives/fs/sub-CB082/mri/seghead.mgz

threshold1:    20

threshold2:    20

nhitsmin:      2

fill value:    1

Loading input volume

Filling Columns

Filling Rows

Filling Slices

Merging and Inverting

Growing

Counting

N Head Voxels = 5459155

N Back Voxels = 11318061

Avg. Back Intensity = 1.903639

Max. Back Intensity = 211.000000

Writing output

Done

--------------------------------

Thu Jun 20 21:19:19 AEST 2024

/headnode1/abry4213

mri_tessellate /headnode1/abry4213/data/Cogitate_Batch2/MEG_Data/derivatives/fs/sub-CB082/mri/seghead.mgz 1 /headnode1/abry4213/data/Cogitate_Batch2/MEG_Data/derivatives/fs/sub-CB082/surf/lh.seghead

--------------------------------

7.1.1

  7.1.1

slice 20: 4211 vertices, 4345 faces

slice 30: 12994 vertices, 13203 faces

slice 40: 23858 vertices, 24190 faces

slice 50: 41541 vertices, 42032 faces

slice 60: 56930 vertices, 57398 faces

slice 70: 69154 vertices, 69607 faces

slice 80: 79617 vertices, 80065 faces

slice 90: 89281 vertices, 89733 faces

slice 100: 99224 vertices, 99711 faces

slice 110: 109571 vertices, 110075 faces

slice 120: 120064 vertices, 120613 faces

slice 130: 132364 vertices, 132975 faces

slice 140: 144001 vertices, 144558 faces

slice 150: 153653 vertices, 154209 faces

slice 160: 163774 vertices, 164330 faces

slice 170: 174210 vertices, 174763 faces

slice 180: 185014 vertices, 185610 faces

slice 190: 198722 vertices, 199545 faces

slice 200: 212470 vertices, 213363 faces

slice 210: 226622 vertices, 227556 faces

slice 220: 245648 vertices, 246574 faces

slice 230: 255526 vertices, 256242 faces

slice 240: 257318 vertices, 257958 faces

slice 250: 257318 vertices, 257958 faces

using the conformed surface RAS to save vertex points...

writing /headnode1/abry4213/data/Cogitate_Batch2/MEG_Data/derivatives/fs/sub-CB082/surf/lh.seghead

using vox2ras matrix:

-1.00000   0.00000   0.00000   128.00000;

 0.00000   0.00000   1.00000  -128.00000;

 0.00000  -1.00000   0.00000   128.00000;

 0.00000   0.00000   0.00000   1.00000;

--------------------------------

Thu Jun 20 21:19:23 AEST 2024

/headnode1/abry4213

mris_smooth -n 10 -b area.seghead -c curv.seghead /headnode1/abry4213/data/Cogitate_Batch2/MEG_Data/derivatives/fs/sub-CB082/surf/lh.seghead /headnode1/abry4213/data/Cogitate_Batch2/MEG_Data/derivatives/fs/sub-CB082/surf/lh.seghead

--------------------------------

smoothing for 10 iterations

smoothing surface tessellation for 10 iterations...

smoothing complete - recomputing first and second fundamental forms...

writing smoothed curvature to /headnode1/abry4213/data/Cogitate_Batch2/MEG_Data/derivatives/fs/sub-CB082/surf/lh.curv.seghead

writing smoothed area to /headnode1/abry4213/data/Cogitate_Batch2/MEG_Data/derivatives/fs/sub-CB082/surf/lh.area.seghead

--------------------------------

Thu Jun 20 21:19:34 AEST 2024

/headnode1/abry4213

mris_inflate -n 10 -sulc sulc.seghead /headnode1/abry4213/data/Cogitate_Batch2/MEG_Data/derivatives/fs/sub-CB082/surf/lh.seghead /headnode1/abry4213/data/Cogitate_Batch2/MEG_Data/derivatives/fs/sub-CB082/surf/lh.seghead.inflated

--------------------------------

niterations = 10

sulc name = sulc.seghead

Reading /headnode1/abry4213/data/Cogitate_Batch2/MEG_Data/derivatives/fs/sub-CB082/surf/lh.seghead

avg radius = 112.3 mm, total surface area = 175058 mm^2

step 000: RMS=0.084 (target=0.015)   step 005: RMS=0.064 (target=0.015)   step 010: RMS=0.059 (target=0.015)   step 015: RMS=0.055 (target=0.015)   step 020: RMS=0.052 (target=0.015)   step 025: RMS=0.049 (target=0.015)   step 030: RMS=0.048 (target=0.015)   step 035: RMS=0.047 (target=0.015)   step 040: RMS=0.046 (target=0.015)   step 045: RMS=0.045 (target=0.015)   step 050: RMS=0.045 (target=0.015)   step 055: RMS=0.045 (target=0.015)   step 060: RMS=0.045 (target=0.015)   writing inflated surface to /headnode1/abry4213/data/Cogitate_Batch2/MEG_Data/derivatives/fs/sub-CB082/surf/lh.seghead.inflated

writing sulcal depths to /headnode1/abry4213/data/Cogitate_Batch2/MEG_Data/derivatives/fs/sub-CB082/surf/lh.sulc.seghead



inflation complete.

inflation took 1.4 minutes

mris_inflate utimesec    78.254962

mris_inflate stimesec    6.319878

mris_inflate ru_maxrss   394932

mris_inflate ru_ixrss    0

mris_inflate ru_idrss    0

mris_inflate ru_isrss    0

mris_inflate ru_minflt   2213117

mris_inflate ru_majflt   0

mris_inflate ru_nswap    0

mris_inflate ru_inblock  0

mris_inflate ru_oublock  14104

mris_inflate ru_msgsnd   0

mris_inflate ru_msgrcv   0

mris_inflate ru_nsignals 0

mris_inflate ru_nvcsw    176

mris_inflate ru_nivcsw   416

Started at: Thu Jun 20 21:19:10 AEST 2024

Ended   at: Thu Jun 20 21:20:59 AEST 2024

mkheadsurf done

2. Creating /headnode1/abry4213/data/Cogitate_Batch2/MEG_Data/derivatives/fs/sub-CB082/bem/sub-CB082-head-dense.fif ...
outer skin  CM is   0.34  -2.72 -21.06 mm
Surfaces passed the basic topology checks.
3. Creating medium tessellation...
3.1 Decimating the dense tessellation...
3.2 Creating /headnode1/abry4213/data/Cogitate_Batch2/MEG_Data/derivatives/fs/sub-CB082/bem/sub-CB082-head-medium.fif
/headnode1/abry4213/github/cogitate-msp1/coglib/meeg/source_modelling/S00a_scalp_surfaces.py:106: RuntimeWarning: Surface outer skin  has topological defects: 20 / 29999 vertices have fewer than three neighboring triangles [3781, 4052, 4361, 5099, 6003, 9302, 9825, 10261, 10382, 10630, 10956, 11183, 12275, 12375, 12678, 12697, 12843, 12844, 14560, 14565]

Consider using --force as an additional input parameter.
  mnebem.make_scalp_surfaces(subject,
outer skin  CM is   0.83   7.37 -41.35 mm
/headnode1/abry4213/github/cogitate-msp1/coglib/meeg/source_modelling/S00a_scalp_surfaces.py:106: RuntimeWarning: Surface outer skin  is not complete (sum of solid angles yielded 1.0001323441167689, should be 1.)
  mnebem.make_scalp_surfaces(subject,
Surfaces passed the basic topology checks.
4. Creating sparse tessellation...
4.1 Decimating the dense tessellation...
4.2 Creating /headnode1/abry4213/data/Cogitate_Batch2/MEG_Data/derivatives/fs/sub-CB082/bem/sub-CB082-head-sparse.fif
/headnode1/abry4213/github/cogitate-msp1/coglib/meeg/source_modelling/S00a_scalp_surfaces.py:106: RuntimeWarning: Surface outer skin  has topological defects: 3 / 2499 vertices have fewer than three neighboring triangles [396, 726, 973]

Consider using --force as an additional input parameter.
  mnebem.make_scalp_surfaces(subject,
outer skin  CM is   0.52   7.20 -37.56 mm
/headnode1/abry4213/github/cogitate-msp1/coglib/meeg/source_modelling/S00a_scalp_surfaces.py:106: RuntimeWarning: Surface outer skin  is not complete (sum of solid angles yielded 1.0000693995682604, should be 1.)
  mnebem.make_scalp_surfaces(subject,
Surfaces passed the basic topology checks.
Can't load history: $< line too long.
