Warning: no access to tty (Bad file descriptor).
Thus no job control in this shell.
Can't load history: $< line too long.
Now running source localization for CB035
LOADEDMODULES=pbspro:Anaconda3-5.1.0 ;export LOADEDMODULES;PATH=/usr/physics/python/anaconda3/bin:/usr/lib64/qt-3.3/bin:/headnode1/abry4213/software/freesurfer/bin:/headnode1/abry4213/software/freesurfer/fsfast/bin:/headnode1/abry4213/software/freesurfer/bin:/headnode1/abry4213/.vscode-server/cli/servers/Stable-31c37ee8f63491495ac49e43b8544550fbae4533/server/bin/remote-cli:/usr/physics/pbspro/bin:/headnode1/abry4213/bin:/usr/physics/bin:/bin:/usr/local/bin:/usr/share/Modules/bin:/usr/bin:/opt/dell/srvadmin/bin:/usr/local/sbin:/usr/sbin ;export PATH;_LMFILES_=/usr/physics/share/modulefiles/pbspro:/usr/physics/share/modulefiles/Anaconda3-5.1.0 ;export _LMFILES_;1. Creating a dense scalp tessellation with mkheadsurf...
Running subprocess: mkheadsurf -subjid sub-CB035 -srcvol T1.mgz
INFO: log file is /headnode1/abry4213/data/Cogitate_Batch2/MEG_Data/derivatives/fs/sub-CB035/scripts/mkheadsurf.log

--------------------------------

Thu Jun 20 21:17:06 AEST 2024

/headnode1/abry4213

mri_seghead --invol /headnode1/abry4213/data/Cogitate_Batch2/MEG_Data/derivatives/fs/sub-CB035/mri/T1.mgz --outvol /headnode1/abry4213/data/Cogitate_Batch2/MEG_Data/derivatives/fs/sub-CB035/mri/seghead.mgz --fill 1 --thresh1 20 --thresh2 20 --nhitsmin 2

--------------------------------

input volume:  /headnode1/abry4213/data/Cogitate_Batch2/MEG_Data/derivatives/fs/sub-CB035/mri/T1.mgz

output volume: /headnode1/abry4213/data/Cogitate_Batch2/MEG_Data/derivatives/fs/sub-CB035/mri/seghead.mgz

threshold1:    20

threshold2:    20

nhitsmin:      2

fill value:    1

Loading input volume

Filling Columns

Filling Rows

Filling Slices

Merging and Inverting

Growing

Counting

N Head Voxels = 4826967

N Back Voxels = 11950249

Avg. Back Intensity = 1.878491

Max. Back Intensity = 241.000000

Writing output

Done

--------------------------------

Thu Jun 20 21:17:14 AEST 2024

/headnode1/abry4213

mri_tessellate /headnode1/abry4213/data/Cogitate_Batch2/MEG_Data/derivatives/fs/sub-CB035/mri/seghead.mgz 1 /headnode1/abry4213/data/Cogitate_Batch2/MEG_Data/derivatives/fs/sub-CB035/surf/lh.seghead

--------------------------------

7.1.1

  7.1.1

slice 20: 302 vertices, 351 faces

slice 30: 8655 vertices, 8830 faces

slice 40: 18683 vertices, 18927 faces

slice 50: 29939 vertices, 30243 faces

slice 60: 46347 vertices, 46812 faces

slice 70: 59853 vertices, 60305 faces

slice 80: 70330 vertices, 70770 faces

slice 90: 80559 vertices, 81009 faces

slice 100: 90228 vertices, 90677 faces

slice 110: 99795 vertices, 100266 faces

slice 120: 110415 vertices, 110936 faces

slice 130: 120556 vertices, 121027 faces

slice 140: 130628 vertices, 131147 faces

slice 150: 140340 vertices, 140856 faces

slice 160: 150055 vertices, 150569 faces

slice 170: 160302 vertices, 160817 faces

slice 180: 170724 vertices, 171242 faces

slice 190: 183617 vertices, 184278 faces

slice 200: 196995 vertices, 197716 faces

slice 210: 212423 vertices, 213194 faces

slice 220: 224953 vertices, 225542 faces

slice 230: 229107 vertices, 229535 faces

slice 240: 229360 vertices, 229758 faces

slice 250: 229360 vertices, 229758 faces

using the conformed surface RAS to save vertex points...

writing /headnode1/abry4213/data/Cogitate_Batch2/MEG_Data/derivatives/fs/sub-CB035/surf/lh.seghead

using vox2ras matrix:

-1.00000   0.00000   0.00000   128.00000;

 0.00000   0.00000   1.00000  -128.00000;

 0.00000  -1.00000   0.00000   128.00000;

 0.00000   0.00000   0.00000   1.00000;

--------------------------------

Thu Jun 20 21:17:17 AEST 2024

/headnode1/abry4213

mris_smooth -n 10 -b area.seghead -c curv.seghead /headnode1/abry4213/data/Cogitate_Batch2/MEG_Data/derivatives/fs/sub-CB035/surf/lh.seghead /headnode1/abry4213/data/Cogitate_Batch2/MEG_Data/derivatives/fs/sub-CB035/surf/lh.seghead

--------------------------------

smoothing for 10 iterations

smoothing surface tessellation for 10 iterations...

smoothing complete - recomputing first and second fundamental forms...

writing smoothed curvature to /headnode1/abry4213/data/Cogitate_Batch2/MEG_Data/derivatives/fs/sub-CB035/surf/lh.curv.seghead

writing smoothed area to /headnode1/abry4213/data/Cogitate_Batch2/MEG_Data/derivatives/fs/sub-CB035/surf/lh.area.seghead

--------------------------------

Thu Jun 20 21:17:25 AEST 2024

/headnode1/abry4213

mris_inflate -n 10 -sulc sulc.seghead /headnode1/abry4213/data/Cogitate_Batch2/MEG_Data/derivatives/fs/sub-CB035/surf/lh.seghead /headnode1/abry4213/data/Cogitate_Batch2/MEG_Data/derivatives/fs/sub-CB035/surf/lh.seghead.inflated

--------------------------------

niterations = 10

sulc name = sulc.seghead

Reading /headnode1/abry4213/data/Cogitate_Batch2/MEG_Data/derivatives/fs/sub-CB035/surf/lh.seghead

avg radius = 107.7 mm, total surface area = 156397 mm^2

step 000: RMS=0.076 (target=0.015)   step 005: RMS=0.057 (target=0.015)   step 010: RMS=0.052 (target=0.015)   step 015: RMS=0.048 (target=0.015)   step 020: RMS=0.046 (target=0.015)   step 025: RMS=0.044 (target=0.015)   step 030: RMS=0.043 (target=0.015)   step 035: RMS=0.040 (target=0.015)   step 040: RMS=0.039 (target=0.015)   step 045: RMS=0.038 (target=0.015)   step 050: RMS=0.037 (target=0.015)   step 055: RMS=0.037 (target=0.015)   step 060: RMS=0.037 (target=0.015)   writing inflated surface to /headnode1/abry4213/data/Cogitate_Batch2/MEG_Data/derivatives/fs/sub-CB035/surf/lh.seghead.inflated

writing sulcal depths to /headnode1/abry4213/data/Cogitate_Batch2/MEG_Data/derivatives/fs/sub-CB035/surf/lh.sulc.seghead



inflation complete.

inflation took 0.9 minutes

mris_inflate utimesec    49.542844

mris_inflate stimesec    3.216860

mris_inflate ru_maxrss   351768

mris_inflate ru_ixrss    0

mris_inflate ru_idrss    0

mris_inflate ru_isrss    0

mris_inflate ru_minflt   1527300

mris_inflate ru_majflt   0

mris_inflate ru_nswap    0

mris_inflate ru_inblock  0

mris_inflate ru_oublock  12560

mris_inflate ru_msgsnd   0

mris_inflate ru_msgrcv   0

mris_inflate ru_nsignals 0

mris_inflate ru_nvcsw    195

mris_inflate ru_nivcsw   78

Started at: Thu Jun 20 21:17:06 AEST 2024

Ended   at: Thu Jun 20 21:18:18 AEST 2024

mkheadsurf done

2. Creating /headnode1/abry4213/data/Cogitate_Batch2/MEG_Data/derivatives/fs/sub-CB035/bem/sub-CB035-head-dense.fif ...
/headnode1/abry4213/github/cogitate-msp1/coglib/meeg/source_modelling/S00a_scalp_surfaces.py:106: RuntimeWarning: Surface outer skin  has topological defects: 5 / 459516 vertices have fewer than three neighboring triangles [99792, 99794, 100800, 100802, 101869]

Consider using --force as an additional input parameter.
  mnebem.make_scalp_surfaces(subject,
outer skin  CM is   0.56  -4.51 -11.11 mm
Surfaces passed the basic topology checks.
3. Creating medium tessellation...
3.1 Decimating the dense tessellation...
3.2 Creating /headnode1/abry4213/data/Cogitate_Batch2/MEG_Data/derivatives/fs/sub-CB035/bem/sub-CB035-head-medium.fif
/headnode1/abry4213/github/cogitate-msp1/coglib/meeg/source_modelling/S00a_scalp_surfaces.py:106: RuntimeWarning: Surface outer skin  has topological defects: 11 / 30000 vertices have fewer than three neighboring triangles [6284, 9208, 9782, 10189, 10902, 11180, 11236, 11422, 11727, 12141, 13057]

Consider using --force as an additional input parameter.
  mnebem.make_scalp_surfaces(subject,
outer skin  CM is   0.49   5.39 -29.33 mm
Surfaces passed the basic topology checks.
4. Creating sparse tessellation...
4.1 Decimating the dense tessellation...
4.2 Creating /headnode1/abry4213/data/Cogitate_Batch2/MEG_Data/derivatives/fs/sub-CB035/bem/sub-CB035-head-sparse.fif
outer skin  CM is   0.28   2.15 -24.90 mm
/headnode1/abry4213/github/cogitate-msp1/coglib/meeg/source_modelling/S00a_scalp_surfaces.py:106: RuntimeWarning: Surface outer skin  is not complete (sum of solid angles yielded 0.9999227112564479, should be 1.)
  mnebem.make_scalp_surfaces(subject,
Surfaces passed the basic topology checks.
Can't load history: $< line too long.
