Warning: no access to tty (Bad file descriptor).
Thus no job control in this shell.
Can't load history: $< line too long.
Now running source localization for CB084
LOADEDMODULES=pbspro:Anaconda3-5.1.0 ;export LOADEDMODULES;PATH=/usr/physics/python/anaconda3/bin:/usr/lib64/qt-3.3/bin:/headnode1/abry4213/software/freesurfer/bin:/headnode1/abry4213/software/freesurfer/fsfast/bin:/headnode1/abry4213/software/freesurfer/bin:/headnode1/abry4213/.vscode-server/cli/servers/Stable-31c37ee8f63491495ac49e43b8544550fbae4533/server/bin/remote-cli:/usr/physics/pbspro/bin:/headnode1/abry4213/bin:/usr/physics/bin:/bin:/usr/local/bin:/usr/share/Modules/bin:/usr/bin:/opt/dell/srvadmin/bin:/usr/local/sbin:/usr/sbin ;export PATH;_LMFILES_=/usr/physics/share/modulefiles/pbspro:/usr/physics/share/modulefiles/Anaconda3-5.1.0 ;export _LMFILES_;1. Creating a dense scalp tessellation with mkheadsurf...
Running subprocess: mkheadsurf -subjid sub-CB084 -srcvol T1.mgz
INFO: log file is /headnode1/abry4213/data/Cogitate_Batch2/MEG_Data/derivatives/fs/sub-CB084/scripts/mkheadsurf.log

--------------------------------

Thu Jun 20 21:19:21 AEST 2024

/headnode1/abry4213

mri_seghead --invol /headnode1/abry4213/data/Cogitate_Batch2/MEG_Data/derivatives/fs/sub-CB084/mri/T1.mgz --outvol /headnode1/abry4213/data/Cogitate_Batch2/MEG_Data/derivatives/fs/sub-CB084/mri/seghead.mgz --fill 1 --thresh1 20 --thresh2 20 --nhitsmin 2

--------------------------------

input volume:  /headnode1/abry4213/data/Cogitate_Batch2/MEG_Data/derivatives/fs/sub-CB084/mri/T1.mgz

output volume: /headnode1/abry4213/data/Cogitate_Batch2/MEG_Data/derivatives/fs/sub-CB084/mri/seghead.mgz

threshold1:    20

threshold2:    20

nhitsmin:      2

fill value:    1

Loading input volume

Filling Columns

Filling Rows

Filling Slices

Merging and Inverting

Growing

Counting

N Head Voxels = 4891705

N Back Voxels = 11885511

Avg. Back Intensity = 1.674692

Max. Back Intensity = 225.000000

Writing output

Done

--------------------------------

Thu Jun 20 21:19:29 AEST 2024

/headnode1/abry4213

mri_tessellate /headnode1/abry4213/data/Cogitate_Batch2/MEG_Data/derivatives/fs/sub-CB084/mri/seghead.mgz 1 /headnode1/abry4213/data/Cogitate_Batch2/MEG_Data/derivatives/fs/sub-CB084/surf/lh.seghead

--------------------------------

7.1.1

  7.1.1

slice 20: 3313 vertices, 3428 faces

slice 30: 11554 vertices, 11749 faces

slice 40: 21037 vertices, 21285 faces

slice 50: 31044 vertices, 31343 faces

slice 60: 41816 vertices, 42154 faces

slice 70: 55270 vertices, 55713 faces

slice 80: 67380 vertices, 67841 faces

slice 90: 77854 vertices, 78317 faces

slice 100: 87688 vertices, 88151 faces

slice 110: 97127 vertices, 97599 faces

slice 120: 106881 vertices, 107368 faces

slice 130: 116549 vertices, 117033 faces

slice 140: 126861 vertices, 127385 faces

slice 150: 138514 vertices, 139043 faces

slice 160: 149220 vertices, 149805 faces

slice 170: 160603 vertices, 161257 faces

slice 180: 172644 vertices, 173465 faces

slice 190: 188366 vertices, 189503 faces

slice 200: 204413 vertices, 205770 faces

slice 210: 219390 vertices, 220985 faces

slice 220: 236375 vertices, 237937 faces

slice 230: 244302 vertices, 245711 faces

slice 240: 246652 vertices, 247959 faces

slice 250: 246755 vertices, 248038 faces

using the conformed surface RAS to save vertex points...

writing /headnode1/abry4213/data/Cogitate_Batch2/MEG_Data/derivatives/fs/sub-CB084/surf/lh.seghead

using vox2ras matrix:

-1.00000   0.00000   0.00000   128.00000;

 0.00000   0.00000   1.00000  -128.00000;

 0.00000  -1.00000   0.00000   128.00000;

 0.00000   0.00000   0.00000   1.00000;

--------------------------------

Thu Jun 20 21:19:32 AEST 2024

/headnode1/abry4213

mris_smooth -n 10 -b area.seghead -c curv.seghead /headnode1/abry4213/data/Cogitate_Batch2/MEG_Data/derivatives/fs/sub-CB084/surf/lh.seghead /headnode1/abry4213/data/Cogitate_Batch2/MEG_Data/derivatives/fs/sub-CB084/surf/lh.seghead

--------------------------------

smoothing for 10 iterations

smoothing surface tessellation for 10 iterations...

smoothing complete - recomputing first and second fundamental forms...

writing smoothed curvature to /headnode1/abry4213/data/Cogitate_Batch2/MEG_Data/derivatives/fs/sub-CB084/surf/lh.curv.seghead

writing smoothed area to /headnode1/abry4213/data/Cogitate_Batch2/MEG_Data/derivatives/fs/sub-CB084/surf/lh.area.seghead

--------------------------------

Thu Jun 20 21:19:41 AEST 2024

/headnode1/abry4213

mris_inflate -n 10 -sulc sulc.seghead /headnode1/abry4213/data/Cogitate_Batch2/MEG_Data/derivatives/fs/sub-CB084/surf/lh.seghead /headnode1/abry4213/data/Cogitate_Batch2/MEG_Data/derivatives/fs/sub-CB084/surf/lh.seghead.inflated

--------------------------------

niterations = 10

sulc name = sulc.seghead

Reading /headnode1/abry4213/data/Cogitate_Batch2/MEG_Data/derivatives/fs/sub-CB084/surf/lh.seghead

avg radius = 107.4 mm, total surface area = 159678 mm^2

step 000: RMS=0.117 (target=0.015)   step 005: RMS=0.094 (target=0.015)   step 010: RMS=0.087 (target=0.015)   step 015: RMS=0.082 (target=0.015)   step 020: RMS=0.079 (target=0.015)   step 025: RMS=0.076 (target=0.015)   step 030: RMS=0.074 (target=0.015)   step 035: RMS=0.072 (target=0.015)   step 040: RMS=0.070 (target=0.015)   step 045: RMS=0.069 (target=0.015)   step 050: RMS=0.068 (target=0.015)   step 055: RMS=0.069 (target=0.015)   step 060: RMS=0.069 (target=0.015)   writing inflated surface to /headnode1/abry4213/data/Cogitate_Batch2/MEG_Data/derivatives/fs/sub-CB084/surf/lh.seghead.inflated

writing sulcal depths to /headnode1/abry4213/data/Cogitate_Batch2/MEG_Data/derivatives/fs/sub-CB084/surf/lh.sulc.seghead



inflation complete.

inflation took 0.9 minutes

mris_inflate utimesec    50.443074

mris_inflate stimesec    3.594862

mris_inflate ru_maxrss   380980

mris_inflate ru_ixrss    0

mris_inflate ru_idrss    0

mris_inflate ru_isrss    0

mris_inflate ru_minflt   1617277

mris_inflate ru_majflt   0

mris_inflate ru_nswap    0

mris_inflate ru_inblock  0

mris_inflate ru_oublock  13536

mris_inflate ru_msgsnd   0

mris_inflate ru_msgrcv   0

mris_inflate ru_nsignals 0

mris_inflate ru_nvcsw    239

mris_inflate ru_nivcsw   71

Started at: Thu Jun 20 21:19:21 AEST 2024

Ended   at: Thu Jun 20 21:20:35 AEST 2024

mkheadsurf done

2. Creating /headnode1/abry4213/data/Cogitate_Batch2/MEG_Data/derivatives/fs/sub-CB084/bem/sub-CB084-head-dense.fif ...
/headnode1/abry4213/github/cogitate-msp1/coglib/meeg/source_modelling/S00a_scalp_surfaces.py:106: RuntimeWarning: Surface outer skin  has topological defects: 3 / 496076 vertices have fewer than three neighboring triangles [107823, 108793, 109741]

Consider using --force as an additional input parameter.
  mnebem.make_scalp_surfaces(subject,
outer skin  CM is   1.60   2.33 -12.62 mm
Surfaces passed the basic topology checks.
3. Creating medium tessellation...
3.1 Decimating the dense tessellation...
3.2 Creating /headnode1/abry4213/data/Cogitate_Batch2/MEG_Data/derivatives/fs/sub-CB084/bem/sub-CB084-head-medium.fif
/headnode1/abry4213/github/cogitate-msp1/coglib/meeg/source_modelling/S00a_scalp_surfaces.py:106: RuntimeWarning: Surface outer skin  has topological defects: 44 / 29999 vertices have fewer than three neighboring triangles [3809, 3857, 3972, 4302, 4359, 4360, 4550, 5140, 5406, 5610, 5669, 5820, 6003, 6100, 6810, 7116, 7420, 7421, 7422, 7787, 7845, 8033, 9021, 9166, 9451, 9653, 9682, 9948, 10109, 11249, 11761, 11762, 12176, 12309, 12482, 12797, 12876, 12895, 13128, 13442, 13457, 13519, 13766, 13962]

Consider using --force as an additional input parameter.
  mnebem.make_scalp_surfaces(subject,
outer skin  CM is   3.74  23.10 -43.98 mm
/headnode1/abry4213/github/cogitate-msp1/coglib/meeg/source_modelling/S00a_scalp_surfaces.py:106: RuntimeWarning: Surface outer skin  is not complete (sum of solid angles yielded 1.000053503290435, should be 1.)
  mnebem.make_scalp_surfaces(subject,
Surfaces passed the basic topology checks.
4. Creating sparse tessellation...
4.1 Decimating the dense tessellation...
4.2 Creating /headnode1/abry4213/data/Cogitate_Batch2/MEG_Data/derivatives/fs/sub-CB084/bem/sub-CB084-head-sparse.fif
/headnode1/abry4213/github/cogitate-msp1/coglib/meeg/source_modelling/S00a_scalp_surfaces.py:106: RuntimeWarning: Surface outer skin  has topological defects: 4 / 2500 vertices have fewer than three neighboring triangles [660, 870, 1004, 1123]

Consider using --force as an additional input parameter.
  mnebem.make_scalp_surfaces(subject,
outer skin  CM is   3.73  19.02 -39.38 mm
/headnode1/abry4213/github/cogitate-msp1/coglib/meeg/source_modelling/S00a_scalp_surfaces.py:106: RuntimeWarning: Surface outer skin  is not complete (sum of solid angles yielded 0.9993847428043076, should be 1.)
  mnebem.make_scalp_surfaces(subject,
Surfaces passed the basic topology checks.
Can't load history: $< line too long.
