Warning: no access to tty (Bad file descriptor).
Thus no job control in this shell.
Can't load history: $< line too long.
Now running source localization for CA131
LOADEDMODULES=pbspro:Anaconda3-5.1.0 ;export LOADEDMODULES;PATH=/usr/physics/python/anaconda3/bin:/usr/lib64/qt-3.3/bin:/headnode1/abry4213/software/freesurfer/bin:/headnode1/abry4213/software/freesurfer/fsfast/bin:/headnode1/abry4213/software/freesurfer/bin:/headnode1/abry4213/.vscode-server/cli/servers/Stable-31c37ee8f63491495ac49e43b8544550fbae4533/server/bin/remote-cli:/usr/physics/pbspro/bin:/headnode1/abry4213/bin:/usr/physics/bin:/bin:/usr/local/bin:/usr/share/Modules/bin:/usr/bin:/opt/dell/srvadmin/bin:/usr/local/sbin:/usr/sbin ;export PATH;_LMFILES_=/usr/physics/share/modulefiles/pbspro:/usr/physics/share/modulefiles/Anaconda3-5.1.0 ;export _LMFILES_;1. Creating a dense scalp tessellation with mkheadsurf...
Running subprocess: mkheadsurf -subjid sub-CA131 -srcvol T1.mgz
INFO: log file is /headnode1/abry4213/data/Cogitate_Batch2/MEG_Data/derivatives/fs/sub-CA131/scripts/mkheadsurf.log

--------------------------------

Thu Jun 20 21:12:41 AEST 2024

/headnode1/abry4213

mri_seghead --invol /headnode1/abry4213/data/Cogitate_Batch2/MEG_Data/derivatives/fs/sub-CA131/mri/T1.mgz --outvol /headnode1/abry4213/data/Cogitate_Batch2/MEG_Data/derivatives/fs/sub-CA131/mri/seghead.mgz --fill 1 --thresh1 20 --thresh2 20 --nhitsmin 2

--------------------------------

input volume:  /headnode1/abry4213/data/Cogitate_Batch2/MEG_Data/derivatives/fs/sub-CA131/mri/T1.mgz

output volume: /headnode1/abry4213/data/Cogitate_Batch2/MEG_Data/derivatives/fs/sub-CA131/mri/seghead.mgz

threshold1:    20

threshold2:    20

nhitsmin:      2

fill value:    1

Loading input volume

Filling Columns

Filling Rows

Filling Slices

Merging and Inverting

Growing

Counting

N Head Voxels = 4591104

N Back Voxels = 12186112

Avg. Back Intensity = 1.780647

Max. Back Intensity = 235.000000

Writing output

Done

--------------------------------

Thu Jun 20 21:12:46 AEST 2024

/headnode1/abry4213

mri_tessellate /headnode1/abry4213/data/Cogitate_Batch2/MEG_Data/derivatives/fs/sub-CA131/mri/seghead.mgz 1 /headnode1/abry4213/data/Cogitate_Batch2/MEG_Data/derivatives/fs/sub-CA131/surf/lh.seghead

--------------------------------

7.1.1

  7.1.1

slice 20: 3034 vertices, 3161 faces

slice 30: 11203 vertices, 11409 faces

slice 40: 21483 vertices, 21760 faces

slice 50: 33013 vertices, 33356 faces

slice 60: 45902 vertices, 46304 faces

slice 70: 56449 vertices, 56874 faces

slice 80: 66284 vertices, 66733 faces

slice 90: 76771 vertices, 77253 faces

slice 100: 87060 vertices, 87554 faces

slice 110: 97881 vertices, 98445 faces

slice 120: 109229 vertices, 109815 faces

slice 130: 118758 vertices, 119298 faces

slice 140: 127976 vertices, 128600 faces

slice 150: 137769 vertices, 138407 faces

slice 160: 147040 vertices, 147688 faces

slice 170: 156358 vertices, 156997 faces

slice 180: 165953 vertices, 166582 faces

slice 190: 175921 vertices, 176548 faces

slice 200: 186458 vertices, 187089 faces

slice 210: 199298 vertices, 199960 faces

slice 220: 211879 vertices, 212482 faces

slice 230: 219146 vertices, 219634 faces

slice 240: 222525 vertices, 222915 faces

slice 250: 223562 vertices, 223902 faces

using the conformed surface RAS to save vertex points...

writing /headnode1/abry4213/data/Cogitate_Batch2/MEG_Data/derivatives/fs/sub-CA131/surf/lh.seghead

using vox2ras matrix:

-1.00000   0.00000   0.00000   128.00000;

 0.00000   0.00000   1.00000  -128.00000;

 0.00000  -1.00000   0.00000   128.00000;

 0.00000   0.00000   0.00000   1.00000;

--------------------------------

Thu Jun 20 21:12:48 AEST 2024

/headnode1/abry4213

mris_smooth -n 10 -b area.seghead -c curv.seghead /headnode1/abry4213/data/Cogitate_Batch2/MEG_Data/derivatives/fs/sub-CA131/surf/lh.seghead /headnode1/abry4213/data/Cogitate_Batch2/MEG_Data/derivatives/fs/sub-CA131/surf/lh.seghead

--------------------------------

smoothing for 10 iterations

smoothing surface tessellation for 10 iterations...

smoothing complete - recomputing first and second fundamental forms...

writing smoothed curvature to /headnode1/abry4213/data/Cogitate_Batch2/MEG_Data/derivatives/fs/sub-CA131/surf/lh.curv.seghead

writing smoothed area to /headnode1/abry4213/data/Cogitate_Batch2/MEG_Data/derivatives/fs/sub-CA131/surf/lh.area.seghead

--------------------------------

Thu Jun 20 21:12:56 AEST 2024

/headnode1/abry4213

mris_inflate -n 10 -sulc sulc.seghead /headnode1/abry4213/data/Cogitate_Batch2/MEG_Data/derivatives/fs/sub-CA131/surf/lh.seghead /headnode1/abry4213/data/Cogitate_Batch2/MEG_Data/derivatives/fs/sub-CA131/surf/lh.seghead.inflated

--------------------------------

niterations = 10

sulc name = sulc.seghead

Reading /headnode1/abry4213/data/Cogitate_Batch2/MEG_Data/derivatives/fs/sub-CA131/surf/lh.seghead

avg radius = 104.6 mm, total surface area = 151399 mm^2

step 000: RMS=0.068 (target=0.015)   step 005: RMS=0.051 (target=0.015)   step 010: RMS=0.045 (target=0.015)   step 015: RMS=0.041 (target=0.015)   step 020: RMS=0.039 (target=0.015)   step 025: RMS=0.035 (target=0.015)   step 030: RMS=0.035 (target=0.015)   step 035: RMS=0.032 (target=0.015)   step 040: RMS=0.031 (target=0.015)   step 045: RMS=0.030 (target=0.015)   step 050: RMS=0.030 (target=0.015)   step 055: RMS=0.030 (target=0.015)   step 060: RMS=0.030 (target=0.015)   writing inflated surface to /headnode1/abry4213/data/Cogitate_Batch2/MEG_Data/derivatives/fs/sub-CA131/surf/lh.seghead.inflated

writing sulcal depths to /headnode1/abry4213/data/Cogitate_Batch2/MEG_Data/derivatives/fs/sub-CA131/surf/lh.sulc.seghead



inflation complete.

inflation took 0.8 minutes

mris_inflate utimesec    44.985303

mris_inflate stimesec    4.108662

mris_inflate ru_maxrss   342856

mris_inflate ru_ixrss    0

mris_inflate ru_idrss    0

mris_inflate ru_isrss    0

mris_inflate ru_minflt   1614616

mris_inflate ru_majflt   0

mris_inflate ru_nswap    0

mris_inflate ru_inblock  0

mris_inflate ru_oublock  12248

mris_inflate ru_msgsnd   0

mris_inflate ru_msgrcv   0

mris_inflate ru_nsignals 0

mris_inflate ru_nvcsw    384

mris_inflate ru_nivcsw   76

Started at: Thu Jun 20 21:12:41 AEST 2024

Ended   at: Thu Jun 20 21:13:45 AEST 2024

mkheadsurf done

2. Creating /headnode1/abry4213/data/Cogitate_Batch2/MEG_Data/derivatives/fs/sub-CA131/bem/sub-CA131-head-dense.fif ...
outer skin  CM is  -0.07  -3.76 -15.54 mm
Surfaces passed the basic topology checks.
3. Creating medium tessellation...
3.1 Decimating the dense tessellation...
3.2 Creating /headnode1/abry4213/data/Cogitate_Batch2/MEG_Data/derivatives/fs/sub-CA131/bem/sub-CA131-head-medium.fif
/headnode1/abry4213/github/cogitate-msp1/coglib/meeg/source_modelling/S00a_scalp_surfaces.py:106: RuntimeWarning: Surface outer skin  has topological defects: 7 / 30000 vertices have fewer than three neighboring triangles [6728, 6795, 8604, 9227, 9870, 9927, 10268]

Consider using --force as an additional input parameter.
  mnebem.make_scalp_surfaces(subject,
outer skin  CM is   0.32  -0.46 -24.77 mm
Surfaces passed the basic topology checks.
4. Creating sparse tessellation...
4.1 Decimating the dense tessellation...
4.2 Creating /headnode1/abry4213/data/Cogitate_Batch2/MEG_Data/derivatives/fs/sub-CA131/bem/sub-CA131-head-sparse.fif
outer skin  CM is   0.94  -3.02 -21.12 mm
Surfaces passed the basic topology checks.
Can't load history: $< line too long.
