Warning: no access to tty (Bad file descriptor).
Thus no job control in this shell.
Can't load history: $< line too long.
Now running source localization for CB028
LOADEDMODULES=pbspro:Anaconda3-5.1.0 ;export LOADEDMODULES;PATH=/usr/physics/python/anaconda3/bin:/usr/lib64/qt-3.3/bin:/headnode1/abry4213/software/freesurfer/bin:/headnode1/abry4213/software/freesurfer/fsfast/bin:/headnode1/abry4213/software/freesurfer/bin:/headnode1/abry4213/.vscode-server/cli/servers/Stable-31c37ee8f63491495ac49e43b8544550fbae4533/server/bin/remote-cli:/usr/physics/pbspro/bin:/headnode1/abry4213/bin:/usr/physics/bin:/bin:/usr/local/bin:/usr/share/Modules/bin:/usr/bin:/opt/dell/srvadmin/bin:/usr/local/sbin:/usr/sbin ;export PATH;_LMFILES_=/usr/physics/share/modulefiles/pbspro:/usr/physics/share/modulefiles/Anaconda3-5.1.0 ;export _LMFILES_;1. Creating a dense scalp tessellation with mkheadsurf...
Running subprocess: mkheadsurf -subjid sub-CB028 -srcvol T1.mgz
INFO: log file is /headnode1/abry4213/data/Cogitate_Batch2/MEG_Data/derivatives/fs/sub-CB028/scripts/mkheadsurf.log

--------------------------------

Thu Jun 20 21:16:48 AEST 2024

/headnode1/abry4213

mri_seghead --invol /headnode1/abry4213/data/Cogitate_Batch2/MEG_Data/derivatives/fs/sub-CB028/mri/T1.mgz --outvol /headnode1/abry4213/data/Cogitate_Batch2/MEG_Data/derivatives/fs/sub-CB028/mri/seghead.mgz --fill 1 --thresh1 20 --thresh2 20 --nhitsmin 2

--------------------------------

input volume:  /headnode1/abry4213/data/Cogitate_Batch2/MEG_Data/derivatives/fs/sub-CB028/mri/T1.mgz

output volume: /headnode1/abry4213/data/Cogitate_Batch2/MEG_Data/derivatives/fs/sub-CB028/mri/seghead.mgz

threshold1:    20

threshold2:    20

nhitsmin:      2

fill value:    1

Loading input volume

Filling Columns

Filling Rows

Filling Slices

Merging and Inverting

Growing

Counting

N Head Voxels = 4481916

N Back Voxels = 12295300

Avg. Back Intensity = 1.684025

Max. Back Intensity = 231.000000

Writing output

Done

--------------------------------

Thu Jun 20 21:16:54 AEST 2024

/headnode1/abry4213

mri_tessellate /headnode1/abry4213/data/Cogitate_Batch2/MEG_Data/derivatives/fs/sub-CB028/mri/seghead.mgz 1 /headnode1/abry4213/data/Cogitate_Batch2/MEG_Data/derivatives/fs/sub-CB028/surf/lh.seghead

--------------------------------

7.1.1

  7.1.1

slice 20: 1449 vertices, 1533 faces

slice 30: 10127 vertices, 10319 faces

slice 40: 19676 vertices, 19926 faces

slice 50: 29649 vertices, 29941 faces

slice 60: 41104 vertices, 41536 faces

slice 70: 56387 vertices, 56854 faces

slice 80: 68583 vertices, 69058 faces

slice 90: 80201 vertices, 80708 faces

slice 100: 91659 vertices, 92196 faces

slice 110: 102771 vertices, 103311 faces

slice 120: 113852 vertices, 114382 faces

slice 130: 123417 vertices, 123926 faces

slice 140: 133731 vertices, 134274 faces

slice 150: 144709 vertices, 145260 faces

slice 160: 156866 vertices, 157550 faces

slice 170: 168075 vertices, 168766 faces

slice 180: 180594 vertices, 181443 faces

slice 190: 195374 vertices, 196410 faces

slice 200: 213619 vertices, 214962 faces

slice 210: 231650 vertices, 233009 faces

slice 220: 243936 vertices, 245310 faces

slice 230: 248978 vertices, 250276 faces

slice 240: 250450 vertices, 251692 faces

slice 250: 250561 vertices, 251778 faces

using the conformed surface RAS to save vertex points...

writing /headnode1/abry4213/data/Cogitate_Batch2/MEG_Data/derivatives/fs/sub-CB028/surf/lh.seghead

using vox2ras matrix:

-1.00000   0.00000   0.00000   128.00000;

 0.00000   0.00000   1.00000  -128.00000;

 0.00000  -1.00000   0.00000   128.00000;

 0.00000   0.00000   0.00000   1.00000;

--------------------------------

Thu Jun 20 21:16:57 AEST 2024

/headnode1/abry4213

mris_smooth -n 10 -b area.seghead -c curv.seghead /headnode1/abry4213/data/Cogitate_Batch2/MEG_Data/derivatives/fs/sub-CB028/surf/lh.seghead /headnode1/abry4213/data/Cogitate_Batch2/MEG_Data/derivatives/fs/sub-CB028/surf/lh.seghead

--------------------------------

smoothing for 10 iterations

smoothing surface tessellation for 10 iterations...

smoothing complete - recomputing first and second fundamental forms...

writing smoothed curvature to /headnode1/abry4213/data/Cogitate_Batch2/MEG_Data/derivatives/fs/sub-CB028/surf/lh.curv.seghead

writing smoothed area to /headnode1/abry4213/data/Cogitate_Batch2/MEG_Data/derivatives/fs/sub-CB028/surf/lh.area.seghead

--------------------------------

Thu Jun 20 21:17:06 AEST 2024

/headnode1/abry4213

mris_inflate -n 10 -sulc sulc.seghead /headnode1/abry4213/data/Cogitate_Batch2/MEG_Data/derivatives/fs/sub-CB028/surf/lh.seghead /headnode1/abry4213/data/Cogitate_Batch2/MEG_Data/derivatives/fs/sub-CB028/surf/lh.seghead.inflated

--------------------------------

niterations = 10

sulc name = sulc.seghead

Reading /headnode1/abry4213/data/Cogitate_Batch2/MEG_Data/derivatives/fs/sub-CB028/surf/lh.seghead

avg radius = 104.4 mm, total surface area = 162557 mm^2

step 000: RMS=0.124 (target=0.015)   step 005: RMS=0.097 (target=0.015)   step 010: RMS=0.088 (target=0.015)   step 015: RMS=0.082 (target=0.015)   step 020: RMS=0.078 (target=0.015)   step 025: RMS=0.074 (target=0.015)   step 030: RMS=0.073 (target=0.015)   step 035: RMS=0.070 (target=0.015)   step 040: RMS=0.069 (target=0.015)   step 045: RMS=0.068 (target=0.015)   step 050: RMS=0.067 (target=0.015)   step 055: RMS=0.069 (target=0.015)   step 060: RMS=0.069 (target=0.015)   writing inflated surface to /headnode1/abry4213/data/Cogitate_Batch2/MEG_Data/derivatives/fs/sub-CB028/surf/lh.seghead.inflated

writing sulcal depths to /headnode1/abry4213/data/Cogitate_Batch2/MEG_Data/derivatives/fs/sub-CB028/surf/lh.sulc.seghead



inflation complete.

inflation took 1.0 minutes

mris_inflate utimesec    53.958138

mris_inflate stimesec    3.564943

mris_inflate ru_maxrss   385560

mris_inflate ru_ixrss    0

mris_inflate ru_idrss    0

mris_inflate ru_isrss    0

mris_inflate ru_minflt   1729176

mris_inflate ru_majflt   0

mris_inflate ru_nswap    0

mris_inflate ru_inblock  0

mris_inflate ru_oublock  13744

mris_inflate ru_msgsnd   0

mris_inflate ru_msgrcv   0

mris_inflate ru_nsignals 0

mris_inflate ru_nvcsw    390

mris_inflate ru_nivcsw   23

Started at: Thu Jun 20 21:16:48 AEST 2024

Ended   at: Thu Jun 20 21:18:03 AEST 2024

mkheadsurf done

2. Creating /headnode1/abry4213/data/Cogitate_Batch2/MEG_Data/derivatives/fs/sub-CB028/bem/sub-CB028-head-dense.fif ...
outer skin  CM is   0.93  -0.03 -17.17 mm
Surfaces passed the basic topology checks.
3. Creating medium tessellation...
3.1 Decimating the dense tessellation...
3.2 Creating /headnode1/abry4213/data/Cogitate_Batch2/MEG_Data/derivatives/fs/sub-CB028/bem/sub-CB028-head-medium.fif
/headnode1/abry4213/github/cogitate-msp1/coglib/meeg/source_modelling/S00a_scalp_surfaces.py:106: RuntimeWarning: Surface outer skin  has topological defects: 18 / 29999 vertices have fewer than three neighboring triangles [3131, 4162, 6731, 7097, 8891, 8967, 9692, 10656, 10753, 12518, 12616, 12778, 12957, 12967, 13433, 13963, 14048, 14547]

Consider using --force as an additional input parameter.
  mnebem.make_scalp_surfaces(subject,
outer skin  CM is   1.39  17.52 -42.84 mm
/headnode1/abry4213/github/cogitate-msp1/coglib/meeg/source_modelling/S00a_scalp_surfaces.py:106: RuntimeWarning: Surface outer skin  is not complete (sum of solid angles yielded 1.0001307668149462, should be 1.)
  mnebem.make_scalp_surfaces(subject,
Surfaces passed the basic topology checks.
4. Creating sparse tessellation...
4.1 Decimating the dense tessellation...
4.2 Creating /headnode1/abry4213/data/Cogitate_Batch2/MEG_Data/derivatives/fs/sub-CB028/bem/sub-CB028-head-sparse.fif
/headnode1/abry4213/github/cogitate-msp1/coglib/meeg/source_modelling/S00a_scalp_surfaces.py:106: RuntimeWarning: Surface outer skin  has topological defects: 4 / 2499 vertices have fewer than three neighboring triangles [571, 967, 1014, 1208]

Consider using --force as an additional input parameter.
  mnebem.make_scalp_surfaces(subject,
outer skin  CM is   1.21  14.27 -38.29 mm
/headnode1/abry4213/github/cogitate-msp1/coglib/meeg/source_modelling/S00a_scalp_surfaces.py:106: RuntimeWarning: Surface outer skin  is not complete (sum of solid angles yielded 0.9993962013057481, should be 1.)
  mnebem.make_scalp_surfaces(subject,
Surfaces passed the basic topology checks.
Can't load history: $< line too long.
