Warning: no access to tty (Bad file descriptor).
Thus no job control in this shell.
Can't load history: $< line too long.
Now running source localization for CA127
LOADEDMODULES=pbspro:Anaconda3-5.1.0 ;export LOADEDMODULES;PATH=/usr/physics/python/anaconda3/bin:/usr/lib64/qt-3.3/bin:/headnode1/abry4213/software/freesurfer/bin:/headnode1/abry4213/software/freesurfer/fsfast/bin:/headnode1/abry4213/software/freesurfer/bin:/headnode1/abry4213/.vscode-server/cli/servers/Stable-31c37ee8f63491495ac49e43b8544550fbae4533/server/bin/remote-cli:/usr/physics/pbspro/bin:/headnode1/abry4213/bin:/usr/physics/bin:/bin:/usr/local/bin:/usr/share/Modules/bin:/usr/bin:/opt/dell/srvadmin/bin:/usr/local/sbin:/usr/sbin ;export PATH;_LMFILES_=/usr/physics/share/modulefiles/pbspro:/usr/physics/share/modulefiles/Anaconda3-5.1.0 ;export _LMFILES_;1. Creating a dense scalp tessellation with mkheadsurf...
Running subprocess: mkheadsurf -subjid sub-CA127 -srcvol T1.mgz
INFO: log file is /headnode1/abry4213/data/Cogitate_Batch2/MEG_Data/derivatives/fs/sub-CA127/scripts/mkheadsurf.log

--------------------------------

Thu Jun 20 21:10:36 AEST 2024

/headnode1/abry4213

mri_seghead --invol /headnode1/abry4213/data/Cogitate_Batch2/MEG_Data/derivatives/fs/sub-CA127/mri/T1.mgz --outvol /headnode1/abry4213/data/Cogitate_Batch2/MEG_Data/derivatives/fs/sub-CA127/mri/seghead.mgz --fill 1 --thresh1 20 --thresh2 20 --nhitsmin 2

--------------------------------

input volume:  /headnode1/abry4213/data/Cogitate_Batch2/MEG_Data/derivatives/fs/sub-CA127/mri/T1.mgz

output volume: /headnode1/abry4213/data/Cogitate_Batch2/MEG_Data/derivatives/fs/sub-CA127/mri/seghead.mgz

threshold1:    20

threshold2:    20

nhitsmin:      2

fill value:    1

Loading input volume

Filling Columns

Filling Rows

Filling Slices

Merging and Inverting

Growing

Counting

N Head Voxels = 4302005

N Back Voxels = 12475211

Avg. Back Intensity = 2.100972

Max. Back Intensity = 230.000000

Writing output

Done

--------------------------------

Thu Jun 20 21:10:43 AEST 2024

/headnode1/abry4213

mri_tessellate /headnode1/abry4213/data/Cogitate_Batch2/MEG_Data/derivatives/fs/sub-CA127/mri/seghead.mgz 1 /headnode1/abry4213/data/Cogitate_Batch2/MEG_Data/derivatives/fs/sub-CA127/surf/lh.seghead

--------------------------------

7.1.1

  7.1.1

slice 30: 7277 vertices, 7527 faces

slice 40: 22120 vertices, 22653 faces

slice 50: 41881 vertices, 42565 faces

slice 60: 58383 vertices, 59065 faces

slice 70: 72244 vertices, 72921 faces

slice 80: 84890 vertices, 85605 faces

slice 90: 98460 vertices, 99246 faces

slice 100: 112702 vertices, 113513 faces

slice 110: 126194 vertices, 127017 faces

slice 120: 140240 vertices, 141121 faces

slice 130: 153874 vertices, 154914 faces

slice 140: 165221 vertices, 166161 faces

slice 150: 175861 vertices, 176821 faces

slice 160: 185048 vertices, 185970 faces

slice 170: 194234 vertices, 195147 faces

slice 180: 204045 vertices, 204958 faces

slice 190: 214878 vertices, 215796 faces

slice 200: 227190 vertices, 228108 faces

slice 210: 239724 vertices, 240604 faces

slice 220: 245538 vertices, 246218 faces

slice 230: 246551 vertices, 247162 faces

slice 240: 246551 vertices, 247162 faces

slice 250: 246551 vertices, 247162 faces

using the conformed surface RAS to save vertex points...

writing /headnode1/abry4213/data/Cogitate_Batch2/MEG_Data/derivatives/fs/sub-CA127/surf/lh.seghead

using vox2ras matrix:

-1.00000   0.00000   0.00000   128.00000;

 0.00000   0.00000   1.00000  -128.00000;

 0.00000  -1.00000   0.00000   128.00000;

 0.00000   0.00000   0.00000   1.00000;

--------------------------------

Thu Jun 20 21:10:46 AEST 2024

/headnode1/abry4213

mris_smooth -n 10 -b area.seghead -c curv.seghead /headnode1/abry4213/data/Cogitate_Batch2/MEG_Data/derivatives/fs/sub-CA127/surf/lh.seghead /headnode1/abry4213/data/Cogitate_Batch2/MEG_Data/derivatives/fs/sub-CA127/surf/lh.seghead

--------------------------------

smoothing for 10 iterations

smoothing surface tessellation for 10 iterations...

smoothing complete - recomputing first and second fundamental forms...

writing smoothed curvature to /headnode1/abry4213/data/Cogitate_Batch2/MEG_Data/derivatives/fs/sub-CA127/surf/lh.curv.seghead

writing smoothed area to /headnode1/abry4213/data/Cogitate_Batch2/MEG_Data/derivatives/fs/sub-CA127/surf/lh.area.seghead

--------------------------------

Thu Jun 20 21:10:56 AEST 2024

/headnode1/abry4213

mris_inflate -n 10 -sulc sulc.seghead /headnode1/abry4213/data/Cogitate_Batch2/MEG_Data/derivatives/fs/sub-CA127/surf/lh.seghead /headnode1/abry4213/data/Cogitate_Batch2/MEG_Data/derivatives/fs/sub-CA127/surf/lh.seghead.inflated

--------------------------------

niterations = 10

sulc name = sulc.seghead

Reading /headnode1/abry4213/data/Cogitate_Batch2/MEG_Data/derivatives/fs/sub-CA127/surf/lh.seghead

avg radius = 106.2 mm, total surface area = 166303 mm^2

step 000: RMS=0.088 (target=0.015)   step 005: RMS=0.063 (target=0.015)   step 010: RMS=0.058 (target=0.015)   step 015: RMS=0.051 (target=0.015)   step 020: RMS=0.048 (target=0.015)   step 025: RMS=0.044 (target=0.015)   step 030: RMS=0.043 (target=0.015)   step 035: RMS=0.040 (target=0.015)   step 040: RMS=0.039 (target=0.015)   step 045: RMS=0.038 (target=0.015)   step 050: RMS=0.037 (target=0.015)   step 055: RMS=0.037 (target=0.015)   step 060: RMS=0.039 (target=0.015)   writing inflated surface to /headnode1/abry4213/data/Cogitate_Batch2/MEG_Data/derivatives/fs/sub-CA127/surf/lh.seghead.inflated

writing sulcal depths to /headnode1/abry4213/data/Cogitate_Batch2/MEG_Data/derivatives/fs/sub-CA127/surf/lh.sulc.seghead



inflation complete.

inflation took 1.3 minutes

mris_inflate utimesec    72.106796

mris_inflate stimesec    4.988080

mris_inflate ru_maxrss   378408

mris_inflate ru_ixrss    0

mris_inflate ru_idrss    0

mris_inflate ru_isrss    0

mris_inflate ru_minflt   1718560

mris_inflate ru_majflt   0

mris_inflate ru_nswap    0

mris_inflate ru_inblock  0

mris_inflate ru_oublock  13504

mris_inflate ru_msgsnd   0

mris_inflate ru_msgrcv   0

mris_inflate ru_nsignals 0

mris_inflate ru_nvcsw    236

mris_inflate ru_nivcsw   397

Started at: Thu Jun 20 21:10:36 AEST 2024

Ended   at: Thu Jun 20 21:12:14 AEST 2024

mkheadsurf done

2. Creating /headnode1/abry4213/data/Cogitate_Batch2/MEG_Data/derivatives/fs/sub-CA127/bem/sub-CA127-head-dense.fif ...
outer skin  CM is  -2.55 -16.35 -26.57 mm
Surfaces passed the basic topology checks.
3. Creating medium tessellation...
3.1 Decimating the dense tessellation...
3.2 Creating /headnode1/abry4213/data/Cogitate_Batch2/MEG_Data/derivatives/fs/sub-CA127/bem/sub-CA127-head-medium.fif
/headnode1/abry4213/github/cogitate-msp1/coglib/meeg/source_modelling/S00a_scalp_surfaces.py:106: RuntimeWarning: Surface outer skin  has topological defects: 10 / 29999 vertices have fewer than three neighboring triangles [1206, 3468, 4132, 8149, 8491, 8493, 8552, 8856, 10180, 10652]

Consider using --force as an additional input parameter.
  mnebem.make_scalp_surfaces(subject,
outer skin  CM is  -8.29 -17.85 -44.25 mm
/headnode1/abry4213/github/cogitate-msp1/coglib/meeg/source_modelling/S00a_scalp_surfaces.py:106: RuntimeWarning: Surface outer skin  is not complete (sum of solid angles yielded 1.0000246221551803, should be 1.)
  mnebem.make_scalp_surfaces(subject,
Surfaces passed the basic topology checks.
4. Creating sparse tessellation...
4.1 Decimating the dense tessellation...
4.2 Creating /headnode1/abry4213/data/Cogitate_Batch2/MEG_Data/derivatives/fs/sub-CA127/bem/sub-CA127-head-sparse.fif
/headnode1/abry4213/github/cogitate-msp1/coglib/meeg/source_modelling/S00a_scalp_surfaces.py:106: RuntimeWarning: Surface outer skin  has topological defects: 3 / 2499 vertices have fewer than three neighboring triangles [566, 763, 786]

Consider using --force as an additional input parameter.
  mnebem.make_scalp_surfaces(subject,
outer skin  CM is  -7.11 -18.32 -40.69 mm
/headnode1/abry4213/github/cogitate-msp1/coglib/meeg/source_modelling/S00a_scalp_surfaces.py:106: RuntimeWarning: Surface outer skin  is not complete (sum of solid angles yielded 0.9999665048545755, should be 1.)
  mnebem.make_scalp_surfaces(subject,
Surfaces passed the basic topology checks.
Can't load history: $< line too long.
