Warning: no access to tty (Bad file descriptor).
Thus no job control in this shell.
Can't load history: $< line too long.
Now running source localization for CB027
LOADEDMODULES=pbspro:Anaconda3-5.1.0 ;export LOADEDMODULES;PATH=/usr/physics/python/anaconda3/bin:/usr/lib64/qt-3.3/bin:/headnode1/abry4213/software/freesurfer/bin:/headnode1/abry4213/software/freesurfer/fsfast/bin:/headnode1/abry4213/software/freesurfer/bin:/headnode1/abry4213/.vscode-server/cli/servers/Stable-31c37ee8f63491495ac49e43b8544550fbae4533/server/bin/remote-cli:/usr/physics/pbspro/bin:/headnode1/abry4213/bin:/usr/physics/bin:/bin:/usr/local/bin:/usr/share/Modules/bin:/usr/bin:/opt/dell/srvadmin/bin:/usr/local/sbin:/usr/sbin ;export PATH;_LMFILES_=/usr/physics/share/modulefiles/pbspro:/usr/physics/share/modulefiles/Anaconda3-5.1.0 ;export _LMFILES_;1. Creating a dense scalp tessellation with mkheadsurf...
Running subprocess: mkheadsurf -subjid sub-CB027 -srcvol T1.mgz
INFO: log file is /headnode1/abry4213/data/Cogitate_Batch2/MEG_Data/derivatives/fs/sub-CB027/scripts/mkheadsurf.log

--------------------------------

Thu Jun 20 21:16:35 AEST 2024

/headnode1/abry4213

mri_seghead --invol /headnode1/abry4213/data/Cogitate_Batch2/MEG_Data/derivatives/fs/sub-CB027/mri/T1.mgz --outvol /headnode1/abry4213/data/Cogitate_Batch2/MEG_Data/derivatives/fs/sub-CB027/mri/seghead.mgz --fill 1 --thresh1 20 --thresh2 20 --nhitsmin 2

--------------------------------

input volume:  /headnode1/abry4213/data/Cogitate_Batch2/MEG_Data/derivatives/fs/sub-CB027/mri/T1.mgz

output volume: /headnode1/abry4213/data/Cogitate_Batch2/MEG_Data/derivatives/fs/sub-CB027/mri/seghead.mgz

threshold1:    20

threshold2:    20

nhitsmin:      2

fill value:    1

Loading input volume

Filling Columns

Filling Rows

Filling Slices

Merging and Inverting

Growing

Counting

N Head Voxels = 4514240

N Back Voxels = 12262976

Avg. Back Intensity = 1.773979

Max. Back Intensity = 220.000000

Writing output

Done

--------------------------------

Thu Jun 20 21:16:44 AEST 2024

/headnode1/abry4213

mri_tessellate /headnode1/abry4213/data/Cogitate_Batch2/MEG_Data/derivatives/fs/sub-CB027/mri/seghead.mgz 1 /headnode1/abry4213/data/Cogitate_Batch2/MEG_Data/derivatives/fs/sub-CB027/surf/lh.seghead

--------------------------------

7.1.1

  7.1.1

slice 30: 7234 vertices, 7400 faces

slice 40: 17172 vertices, 17411 faces

slice 50: 27375 vertices, 27659 faces

slice 60: 43757 vertices, 44355 faces

slice 70: 60574 vertices, 61096 faces

slice 80: 73580 vertices, 74123 faces

slice 90: 85725 vertices, 86253 faces

slice 100: 96443 vertices, 96951 faces

slice 110: 106969 vertices, 107503 faces

slice 120: 118599 vertices, 119119 faces

slice 130: 128532 vertices, 129052 faces

slice 140: 139117 vertices, 139662 faces

slice 150: 149529 vertices, 150041 faces

slice 160: 159498 vertices, 160049 faces

slice 170: 170528 vertices, 171102 faces

slice 180: 182268 vertices, 182975 faces

slice 190: 196591 vertices, 197394 faces

slice 200: 211889 vertices, 213040 faces

slice 210: 227389 vertices, 228422 faces

slice 220: 233853 vertices, 234752 faces

slice 230: 237209 vertices, 238039 faces

slice 240: 237569 vertices, 238358 faces

slice 250: 237569 vertices, 238358 faces

using the conformed surface RAS to save vertex points...

writing /headnode1/abry4213/data/Cogitate_Batch2/MEG_Data/derivatives/fs/sub-CB027/surf/lh.seghead

using vox2ras matrix:

-1.00000   0.00000   0.00000   128.00000;

 0.00000   0.00000   1.00000  -128.00000;

 0.00000  -1.00000   0.00000   128.00000;

 0.00000   0.00000   0.00000   1.00000;

--------------------------------

Thu Jun 20 21:16:47 AEST 2024

/headnode1/abry4213

mris_smooth -n 10 -b area.seghead -c curv.seghead /headnode1/abry4213/data/Cogitate_Batch2/MEG_Data/derivatives/fs/sub-CB027/surf/lh.seghead /headnode1/abry4213/data/Cogitate_Batch2/MEG_Data/derivatives/fs/sub-CB027/surf/lh.seghead

--------------------------------

smoothing for 10 iterations

smoothing surface tessellation for 10 iterations...

smoothing complete - recomputing first and second fundamental forms...

writing smoothed curvature to /headnode1/abry4213/data/Cogitate_Batch2/MEG_Data/derivatives/fs/sub-CB027/surf/lh.curv.seghead

writing smoothed area to /headnode1/abry4213/data/Cogitate_Batch2/MEG_Data/derivatives/fs/sub-CB027/surf/lh.area.seghead

--------------------------------

Thu Jun 20 21:16:57 AEST 2024

/headnode1/abry4213

mris_inflate -n 10 -sulc sulc.seghead /headnode1/abry4213/data/Cogitate_Batch2/MEG_Data/derivatives/fs/sub-CB027/surf/lh.seghead /headnode1/abry4213/data/Cogitate_Batch2/MEG_Data/derivatives/fs/sub-CB027/surf/lh.seghead.inflated

--------------------------------

niterations = 10

sulc name = sulc.seghead

Reading /headnode1/abry4213/data/Cogitate_Batch2/MEG_Data/derivatives/fs/sub-CB027/surf/lh.seghead

avg radius = 105.0 mm, total surface area = 157641 mm^2

step 000: RMS=0.098 (target=0.015)   step 005: RMS=0.077 (target=0.015)   step 010: RMS=0.068 (target=0.015)   step 015: RMS=0.064 (target=0.015)   step 020: RMS=0.062 (target=0.015)   step 025: RMS=0.059 (target=0.015)   step 030: RMS=0.057 (target=0.015)   step 035: RMS=0.055 (target=0.015)   step 040: RMS=0.054 (target=0.015)   step 045: RMS=0.053 (target=0.015)   step 050: RMS=0.052 (target=0.015)   step 055: RMS=0.053 (target=0.015)   step 060: RMS=0.054 (target=0.015)   writing inflated surface to /headnode1/abry4213/data/Cogitate_Batch2/MEG_Data/derivatives/fs/sub-CB027/surf/lh.seghead.inflated

writing sulcal depths to /headnode1/abry4213/data/Cogitate_Batch2/MEG_Data/derivatives/fs/sub-CB027/surf/lh.sulc.seghead



inflation complete.

inflation took 1.3 minutes

mris_inflate utimesec    74.944640

mris_inflate stimesec    4.955727

mris_inflate ru_maxrss   365552

mris_inflate ru_ixrss    0

mris_inflate ru_idrss    0

mris_inflate ru_isrss    0

mris_inflate ru_minflt   1905208

mris_inflate ru_majflt   0

mris_inflate ru_nswap    0

mris_inflate ru_inblock  0

mris_inflate ru_oublock  13024

mris_inflate ru_msgsnd   0

mris_inflate ru_msgrcv   0

mris_inflate ru_nsignals 0

mris_inflate ru_nvcsw    191

mris_inflate ru_nivcsw   357

Started at: Thu Jun 20 21:16:35 AEST 2024

Ended   at: Thu Jun 20 21:18:18 AEST 2024

mkheadsurf done

2. Creating /headnode1/abry4213/data/Cogitate_Batch2/MEG_Data/derivatives/fs/sub-CB027/bem/sub-CB027-head-dense.fif ...
outer skin  CM is  -0.05  -6.57 -12.77 mm
Surfaces passed the basic topology checks.
3. Creating medium tessellation...
3.1 Decimating the dense tessellation...
3.2 Creating /headnode1/abry4213/data/Cogitate_Batch2/MEG_Data/derivatives/fs/sub-CB027/bem/sub-CB027-head-medium.fif
/headnode1/abry4213/github/cogitate-msp1/coglib/meeg/source_modelling/S00a_scalp_surfaces.py:106: RuntimeWarning: Surface outer skin  has topological defects: 15 / 29999 vertices have fewer than three neighboring triangles [5002, 5139, 5624, 7380, 8980, 9220, 9675, 10395, 10969, 11138, 11336, 12477, 12544, 12665, 13472]

Consider using --force as an additional input parameter.
  mnebem.make_scalp_surfaces(subject,
outer skin  CM is   0.02   5.32 -33.05 mm
Surfaces passed the basic topology checks.
4. Creating sparse tessellation...
4.1 Decimating the dense tessellation...
4.2 Creating /headnode1/abry4213/data/Cogitate_Batch2/MEG_Data/derivatives/fs/sub-CB027/bem/sub-CB027-head-sparse.fif
/headnode1/abry4213/github/cogitate-msp1/coglib/meeg/source_modelling/S00a_scalp_surfaces.py:106: RuntimeWarning: Surface outer skin  has topological defects: 2 / 2500 vertices have fewer than three neighboring triangles [1085, 1113]

Consider using --force as an additional input parameter.
  mnebem.make_scalp_surfaces(subject,
outer skin  CM is  -0.82   2.37 -28.77 mm
/headnode1/abry4213/github/cogitate-msp1/coglib/meeg/source_modelling/S00a_scalp_surfaces.py:106: RuntimeWarning: Surface outer skin  is not complete (sum of solid angles yielded 1.0000998741350429, should be 1.)
  mnebem.make_scalp_surfaces(subject,
Surfaces passed the basic topology checks.
Can't load history: $< line too long.
