Warning: no access to tty (Bad file descriptor).
Thus no job control in this shell.
Can't load history: $< line too long.
Now running source localization for CA170
LOADEDMODULES=pbspro:Anaconda3-5.1.0 ;export LOADEDMODULES;PATH=/usr/physics/python/anaconda3/bin:/usr/lib64/qt-3.3/bin:/headnode1/abry4213/software/freesurfer/bin:/headnode1/abry4213/software/freesurfer/fsfast/bin:/headnode1/abry4213/software/freesurfer/bin:/headnode1/abry4213/.vscode-server/cli/servers/Stable-31c37ee8f63491495ac49e43b8544550fbae4533/server/bin/remote-cli:/usr/physics/pbspro/bin:/headnode1/abry4213/bin:/usr/physics/bin:/bin:/usr/local/bin:/usr/share/Modules/bin:/usr/bin:/opt/dell/srvadmin/bin:/usr/local/sbin:/usr/sbin ;export PATH;_LMFILES_=/usr/physics/share/modulefiles/pbspro:/usr/physics/share/modulefiles/Anaconda3-5.1.0 ;export _LMFILES_;1. Creating a dense scalp tessellation with mkheadsurf...
Running subprocess: mkheadsurf -subjid sub-CA170 -srcvol T1.mgz
INFO: log file is /headnode1/abry4213/data/Cogitate_Batch2/MEG_Data/derivatives/fs/sub-CA170/scripts/mkheadsurf.log

--------------------------------

Thu Jun 20 21:14:10 AEST 2024

/headnode1/abry4213

mri_seghead --invol /headnode1/abry4213/data/Cogitate_Batch2/MEG_Data/derivatives/fs/sub-CA170/mri/T1.mgz --outvol /headnode1/abry4213/data/Cogitate_Batch2/MEG_Data/derivatives/fs/sub-CA170/mri/seghead.mgz --fill 1 --thresh1 20 --thresh2 20 --nhitsmin 2

--------------------------------

input volume:  /headnode1/abry4213/data/Cogitate_Batch2/MEG_Data/derivatives/fs/sub-CA170/mri/T1.mgz

output volume: /headnode1/abry4213/data/Cogitate_Batch2/MEG_Data/derivatives/fs/sub-CA170/mri/seghead.mgz

threshold1:    20

threshold2:    20

nhitsmin:      2

fill value:    1

Loading input volume

Filling Columns

Filling Rows

Filling Slices

Merging and Inverting

Growing

Counting

N Head Voxels = 3737587

N Back Voxels = 13039629

Avg. Back Intensity = 1.505548

Max. Back Intensity = 238.000000

Writing output

Done

--------------------------------

Thu Jun 20 21:14:16 AEST 2024

/headnode1/abry4213

mri_tessellate /headnode1/abry4213/data/Cogitate_Batch2/MEG_Data/derivatives/fs/sub-CA170/mri/seghead.mgz 1 /headnode1/abry4213/data/Cogitate_Batch2/MEG_Data/derivatives/fs/sub-CA170/surf/lh.seghead

--------------------------------

7.1.1

  7.1.1

slice 30: 4982 vertices, 5115 faces

slice 40: 12655 vertices, 12856 faces

slice 50: 21683 vertices, 21936 faces

slice 60: 31730 vertices, 32049 faces

slice 70: 43845 vertices, 44232 faces

slice 80: 54264 vertices, 54675 faces

slice 90: 64448 vertices, 64882 faces

slice 100: 75293 vertices, 75758 faces

slice 110: 85760 vertices, 86243 faces

slice 120: 96121 vertices, 96594 faces

slice 130: 105270 vertices, 105723 faces

slice 140: 114764 vertices, 115246 faces

slice 150: 123719 vertices, 124170 faces

slice 160: 132404 vertices, 132847 faces

slice 170: 141586 vertices, 142016 faces

slice 180: 151214 vertices, 151635 faces

slice 190: 161758 vertices, 162215 faces

slice 200: 175037 vertices, 175580 faces

slice 210: 189271 vertices, 189720 faces

slice 220: 196441 vertices, 196696 faces

slice 230: 197347 vertices, 197552 faces

slice 240: 197347 vertices, 197552 faces

slice 250: 197347 vertices, 197552 faces

using the conformed surface RAS to save vertex points...

writing /headnode1/abry4213/data/Cogitate_Batch2/MEG_Data/derivatives/fs/sub-CA170/surf/lh.seghead

using vox2ras matrix:

-1.00000   0.00000   0.00000   128.00000;

 0.00000   0.00000   1.00000  -128.00000;

 0.00000  -1.00000   0.00000   128.00000;

 0.00000   0.00000   0.00000   1.00000;

--------------------------------

Thu Jun 20 21:14:19 AEST 2024

/headnode1/abry4213

mris_smooth -n 10 -b area.seghead -c curv.seghead /headnode1/abry4213/data/Cogitate_Batch2/MEG_Data/derivatives/fs/sub-CA170/surf/lh.seghead /headnode1/abry4213/data/Cogitate_Batch2/MEG_Data/derivatives/fs/sub-CA170/surf/lh.seghead

--------------------------------

smoothing for 10 iterations

smoothing surface tessellation for 10 iterations...

smoothing complete - recomputing first and second fundamental forms...

writing smoothed curvature to /headnode1/abry4213/data/Cogitate_Batch2/MEG_Data/derivatives/fs/sub-CA170/surf/lh.curv.seghead

writing smoothed area to /headnode1/abry4213/data/Cogitate_Batch2/MEG_Data/derivatives/fs/sub-CA170/surf/lh.area.seghead

--------------------------------

Thu Jun 20 21:14:26 AEST 2024

/headnode1/abry4213

mris_inflate -n 10 -sulc sulc.seghead /headnode1/abry4213/data/Cogitate_Batch2/MEG_Data/derivatives/fs/sub-CA170/surf/lh.seghead /headnode1/abry4213/data/Cogitate_Batch2/MEG_Data/derivatives/fs/sub-CA170/surf/lh.seghead.inflated

--------------------------------

niterations = 10

sulc name = sulc.seghead

Reading /headnode1/abry4213/data/Cogitate_Batch2/MEG_Data/derivatives/fs/sub-CA170/surf/lh.seghead

avg radius = 97.7 mm, total surface area = 130417 mm^2

step 000: RMS=0.068 (target=0.015)   step 005: RMS=0.048 (target=0.015)   step 010: RMS=0.040 (target=0.015)   step 015: RMS=0.035 (target=0.015)   step 020: RMS=0.032 (target=0.015)   step 025: RMS=0.030 (target=0.015)   step 030: RMS=0.029 (target=0.015)   step 035: RMS=0.027 (target=0.015)   step 040: RMS=0.026 (target=0.015)   step 045: RMS=0.025 (target=0.015)   step 050: RMS=0.024 (target=0.015)   step 055: RMS=0.024 (target=0.015)   step 060: RMS=0.024 (target=0.015)   writing inflated surface to /headnode1/abry4213/data/Cogitate_Batch2/MEG_Data/derivatives/fs/sub-CA170/surf/lh.seghead.inflated

writing sulcal depths to /headnode1/abry4213/data/Cogitate_Batch2/MEG_Data/derivatives/fs/sub-CA170/surf/lh.sulc.seghead



inflation complete.

inflation took 0.8 minutes

mris_inflate utimesec    42.714879

mris_inflate stimesec    3.126698

mris_inflate ru_maxrss   304024

mris_inflate ru_ixrss    0

mris_inflate ru_idrss    0

mris_inflate ru_isrss    0

mris_inflate ru_minflt   1444288

mris_inflate ru_majflt   0

mris_inflate ru_nswap    0

mris_inflate ru_inblock  0

mris_inflate ru_oublock  10808

mris_inflate ru_msgsnd   0

mris_inflate ru_msgrcv   0

mris_inflate ru_nsignals 0

mris_inflate ru_nvcsw    302

mris_inflate ru_nivcsw   30

Started at: Thu Jun 20 21:14:10 AEST 2024

Ended   at: Thu Jun 20 21:15:12 AEST 2024

mkheadsurf done

2. Creating /headnode1/abry4213/data/Cogitate_Batch2/MEG_Data/derivatives/fs/sub-CA170/bem/sub-CA170-head-dense.fif ...
/headnode1/abry4213/github/cogitate-msp1/coglib/meeg/source_modelling/S00a_scalp_surfaces.py:106: RuntimeWarning: Surface outer skin  has topological defects: 3 / 395104 vertices have fewer than three neighboring triangles [102624, 103512, 103514]

Consider using --force as an additional input parameter.
  mnebem.make_scalp_surfaces(subject,
outer skin  CM is  -1.25  -4.46  -9.55 mm
Surfaces passed the basic topology checks.
3. Creating medium tessellation...
3.1 Decimating the dense tessellation...
3.2 Creating /headnode1/abry4213/data/Cogitate_Batch2/MEG_Data/derivatives/fs/sub-CA170/bem/sub-CA170-head-medium.fif
/headnode1/abry4213/github/cogitate-msp1/coglib/meeg/source_modelling/S00a_scalp_surfaces.py:106: RuntimeWarning: Surface outer skin  has topological defects: 4 / 29999 vertices have fewer than three neighboring triangles [5754, 5756, 6973, 8520]

Consider using --force as an additional input parameter.
  mnebem.make_scalp_surfaces(subject,
outer skin  CM is  -1.48   5.81 -20.98 mm
/headnode1/abry4213/github/cogitate-msp1/coglib/meeg/source_modelling/S00a_scalp_surfaces.py:106: RuntimeWarning: Surface outer skin  is not complete (sum of solid angles yielded 0.9999871984067726, should be 1.)
  mnebem.make_scalp_surfaces(subject,
Surfaces passed the basic topology checks.
4. Creating sparse tessellation...
4.1 Decimating the dense tessellation...
4.2 Creating /headnode1/abry4213/data/Cogitate_Batch2/MEG_Data/derivatives/fs/sub-CA170/bem/sub-CA170-head-sparse.fif
/headnode1/abry4213/github/cogitate-msp1/coglib/meeg/source_modelling/S00a_scalp_surfaces.py:106: RuntimeWarning: Surface outer skin  has topological defects: 1 / 2500 vertices have fewer than three neighboring triangles [996]

Consider using --force as an additional input parameter.
  mnebem.make_scalp_surfaces(subject,
outer skin  CM is  -1.13   5.11 -19.10 mm
/headnode1/abry4213/github/cogitate-msp1/coglib/meeg/source_modelling/S00a_scalp_surfaces.py:106: RuntimeWarning: Surface outer skin  is not complete (sum of solid angles yielded 1.0000238830682069, should be 1.)
  mnebem.make_scalp_surfaces(subject,
Surfaces passed the basic topology checks.
Can't load history: $< line too long.
