Warning: no access to tty (Bad file descriptor).
Thus no job control in this shell.
Can't load history: $< line too long.
Now running source localization for CA163
LOADEDMODULES=pbspro:Anaconda3-5.1.0 ;export LOADEDMODULES;PATH=/usr/physics/python/anaconda3/bin:/usr/lib64/qt-3.3/bin:/headnode1/abry4213/software/freesurfer/bin:/headnode1/abry4213/software/freesurfer/fsfast/bin:/headnode1/abry4213/software/freesurfer/bin:/headnode1/abry4213/.vscode-server/cli/servers/Stable-31c37ee8f63491495ac49e43b8544550fbae4533/server/bin/remote-cli:/usr/physics/pbspro/bin:/headnode1/abry4213/bin:/usr/physics/bin:/bin:/usr/local/bin:/usr/share/Modules/bin:/usr/bin:/opt/dell/srvadmin/bin:/usr/local/sbin:/usr/sbin ;export PATH;_LMFILES_=/usr/physics/share/modulefiles/pbspro:/usr/physics/share/modulefiles/Anaconda3-5.1.0 ;export _LMFILES_;1. Creating a dense scalp tessellation with mkheadsurf...
Running subprocess: mkheadsurf -subjid sub-CA163 -srcvol T1.mgz
INFO: log file is /headnode1/abry4213/data/Cogitate_Batch2/MEG_Data/derivatives/fs/sub-CA163/scripts/mkheadsurf.log

--------------------------------

Thu Jun 20 21:14:07 AEST 2024

/headnode1/abry4213

mri_seghead --invol /headnode1/abry4213/data/Cogitate_Batch2/MEG_Data/derivatives/fs/sub-CA163/mri/T1.mgz --outvol /headnode1/abry4213/data/Cogitate_Batch2/MEG_Data/derivatives/fs/sub-CA163/mri/seghead.mgz --fill 1 --thresh1 20 --thresh2 20 --nhitsmin 2

--------------------------------

input volume:  /headnode1/abry4213/data/Cogitate_Batch2/MEG_Data/derivatives/fs/sub-CA163/mri/T1.mgz

output volume: /headnode1/abry4213/data/Cogitate_Batch2/MEG_Data/derivatives/fs/sub-CA163/mri/seghead.mgz

threshold1:    20

threshold2:    20

nhitsmin:      2

fill value:    1

Loading input volume

Filling Columns

Filling Rows

Filling Slices

Merging and Inverting

Growing

Counting

N Head Voxels = 3780446

N Back Voxels = 12996770

Avg. Back Intensity = 1.379285

Max. Back Intensity = 234.000000

Writing output

Done

--------------------------------

Thu Jun 20 21:14:13 AEST 2024

/headnode1/abry4213

mri_tessellate /headnode1/abry4213/data/Cogitate_Batch2/MEG_Data/derivatives/fs/sub-CA163/mri/seghead.mgz 1 /headnode1/abry4213/data/Cogitate_Batch2/MEG_Data/derivatives/fs/sub-CA163/surf/lh.seghead

--------------------------------

7.1.1

  7.1.1

slice 20: 125 vertices, 158 faces

slice 30: 8956 vertices, 9139 faces

slice 40: 17586 vertices, 17818 faces

slice 50: 26924 vertices, 27223 faces

slice 60: 39893 vertices, 40407 faces

slice 70: 54044 vertices, 54563 faces

slice 80: 65987 vertices, 66530 faces

slice 90: 76918 vertices, 77484 faces

slice 100: 88260 vertices, 88869 faces

slice 110: 99694 vertices, 100362 faces

slice 120: 110641 vertices, 111344 faces

slice 130: 121633 vertices, 122418 faces

slice 140: 133277 vertices, 134120 faces

slice 150: 144045 vertices, 144924 faces

slice 160: 153273 vertices, 154126 faces

slice 170: 162574 vertices, 163419 faces

slice 180: 172263 vertices, 173087 faces

slice 190: 182447 vertices, 183274 faces

slice 200: 193313 vertices, 194126 faces

slice 210: 204340 vertices, 205083 faces

slice 220: 208617 vertices, 209259 faces

slice 230: 210697 vertices, 211306 faces

slice 240: 211292 vertices, 211856 faces

slice 250: 211292 vertices, 211856 faces

using the conformed surface RAS to save vertex points...

writing /headnode1/abry4213/data/Cogitate_Batch2/MEG_Data/derivatives/fs/sub-CA163/surf/lh.seghead

using vox2ras matrix:

-1.00000   0.00000   0.00000   128.00000;

 0.00000   0.00000   1.00000  -128.00000;

 0.00000  -1.00000   0.00000   128.00000;

 0.00000   0.00000   0.00000   1.00000;

--------------------------------

Thu Jun 20 21:14:16 AEST 2024

/headnode1/abry4213

mris_smooth -n 10 -b area.seghead -c curv.seghead /headnode1/abry4213/data/Cogitate_Batch2/MEG_Data/derivatives/fs/sub-CA163/surf/lh.seghead /headnode1/abry4213/data/Cogitate_Batch2/MEG_Data/derivatives/fs/sub-CA163/surf/lh.seghead

--------------------------------

smoothing for 10 iterations

smoothing surface tessellation for 10 iterations...

smoothing complete - recomputing first and second fundamental forms...

writing smoothed curvature to /headnode1/abry4213/data/Cogitate_Batch2/MEG_Data/derivatives/fs/sub-CA163/surf/lh.curv.seghead

writing smoothed area to /headnode1/abry4213/data/Cogitate_Batch2/MEG_Data/derivatives/fs/sub-CA163/surf/lh.area.seghead

--------------------------------

Thu Jun 20 21:14:23 AEST 2024

/headnode1/abry4213

mris_inflate -n 10 -sulc sulc.seghead /headnode1/abry4213/data/Cogitate_Batch2/MEG_Data/derivatives/fs/sub-CA163/surf/lh.seghead /headnode1/abry4213/data/Cogitate_Batch2/MEG_Data/derivatives/fs/sub-CA163/surf/lh.seghead.inflated

--------------------------------

niterations = 10

sulc name = sulc.seghead

Reading /headnode1/abry4213/data/Cogitate_Batch2/MEG_Data/derivatives/fs/sub-CA163/surf/lh.seghead

avg radius = 99.9 mm, total surface area = 138305 mm^2

step 000: RMS=0.099 (target=0.015)   step 005: RMS=0.074 (target=0.015)   step 010: RMS=0.069 (target=0.015)   step 015: RMS=0.065 (target=0.015)   step 020: RMS=0.060 (target=0.015)   step 025: RMS=0.057 (target=0.015)   step 030: RMS=0.055 (target=0.015)   step 035: RMS=0.053 (target=0.015)   step 040: RMS=0.053 (target=0.015)   step 045: RMS=0.051 (target=0.015)   step 050: RMS=0.050 (target=0.015)   step 055: RMS=0.051 (target=0.015)   step 060: RMS=0.051 (target=0.015)   writing inflated surface to /headnode1/abry4213/data/Cogitate_Batch2/MEG_Data/derivatives/fs/sub-CA163/surf/lh.seghead.inflated

writing sulcal depths to /headnode1/abry4213/data/Cogitate_Batch2/MEG_Data/derivatives/fs/sub-CA163/surf/lh.sulc.seghead



inflation complete.

inflation took 0.8 minutes

mris_inflate utimesec    46.004595

mris_inflate stimesec    3.293827

mris_inflate ru_maxrss   325828

mris_inflate ru_ixrss    0

mris_inflate ru_idrss    0

mris_inflate ru_isrss    0

mris_inflate ru_minflt   1320589

mris_inflate ru_majflt   0

mris_inflate ru_nswap    0

mris_inflate ru_inblock  0

mris_inflate ru_oublock  11584

mris_inflate ru_msgsnd   0

mris_inflate ru_msgrcv   0

mris_inflate ru_nsignals 0

mris_inflate ru_nvcsw    174

mris_inflate ru_nivcsw   73

Started at: Thu Jun 20 21:14:07 AEST 2024

Ended   at: Thu Jun 20 21:15:13 AEST 2024

mkheadsurf done

2. Creating /headnode1/abry4213/data/Cogitate_Batch2/MEG_Data/derivatives/fs/sub-CA163/bem/sub-CA163-head-dense.fif ...
outer skin  CM is   0.55 -11.22 -20.40 mm
Surfaces passed the basic topology checks.
3. Creating medium tessellation...
3.1 Decimating the dense tessellation...
3.2 Creating /headnode1/abry4213/data/Cogitate_Batch2/MEG_Data/derivatives/fs/sub-CA163/bem/sub-CA163-head-medium.fif
/headnode1/abry4213/github/cogitate-msp1/coglib/meeg/source_modelling/S00a_scalp_surfaces.py:106: RuntimeWarning: Surface outer skin  has topological defects: 29 / 29999 vertices have fewer than three neighboring triangles [1533, 1536, 1787, 3210, 3346, 3610, 3677, 3754, 3983, 4171, 4544, 4859, 5499, 5715, 5810, 6045, 6338, 6378, 7236, 7542, 7700, 8126, 8821, 8823, 9064, 9077, 9342, 9559, 10357]

Consider using --force as an additional input parameter.
  mnebem.make_scalp_surfaces(subject,
outer skin  CM is  -1.89  -7.46 -42.75 mm
Surfaces passed the basic topology checks.
4. Creating sparse tessellation...
4.1 Decimating the dense tessellation...
4.2 Creating /headnode1/abry4213/data/Cogitate_Batch2/MEG_Data/derivatives/fs/sub-CA163/bem/sub-CA163-head-sparse.fif
/headnode1/abry4213/github/cogitate-msp1/coglib/meeg/source_modelling/S00a_scalp_surfaces.py:106: RuntimeWarning: Surface outer skin  has topological defects: 1 / 2500 vertices have fewer than three neighboring triangles [305]

Consider using --force as an additional input parameter.
  mnebem.make_scalp_surfaces(subject,
outer skin  CM is  -1.77  -8.97 -38.41 mm
/headnode1/abry4213/github/cogitate-msp1/coglib/meeg/source_modelling/S00a_scalp_surfaces.py:106: RuntimeWarning: Surface outer skin  is not complete (sum of solid angles yielded 1.0002146803499963, should be 1.)
  mnebem.make_scalp_surfaces(subject,
Surfaces passed the basic topology checks.
Can't load history: $< line too long.
