Warning: no access to tty (Bad file descriptor).
Thus no job control in this shell.
Can't load history: $< line too long.
Now running source localization for CA160
LOADEDMODULES=pbspro:Anaconda3-5.1.0 ;export LOADEDMODULES;PATH=/usr/physics/python/anaconda3/bin:/usr/lib64/qt-3.3/bin:/headnode1/abry4213/software/freesurfer/bin:/headnode1/abry4213/software/freesurfer/fsfast/bin:/headnode1/abry4213/software/freesurfer/bin:/headnode1/abry4213/.vscode-server/cli/servers/Stable-31c37ee8f63491495ac49e43b8544550fbae4533/server/bin/remote-cli:/usr/physics/pbspro/bin:/headnode1/abry4213/bin:/usr/physics/bin:/bin:/usr/local/bin:/usr/share/Modules/bin:/usr/bin:/opt/dell/srvadmin/bin:/usr/local/sbin:/usr/sbin ;export PATH;_LMFILES_=/usr/physics/share/modulefiles/pbspro:/usr/physics/share/modulefiles/Anaconda3-5.1.0 ;export _LMFILES_;1. Creating a dense scalp tessellation with mkheadsurf...
Running subprocess: mkheadsurf -subjid sub-CA160 -srcvol T1.mgz
INFO: log file is /headnode1/abry4213/data/Cogitate_Batch2/MEG_Data/derivatives/fs/sub-CA160/scripts/mkheadsurf.log

--------------------------------

Thu Jun 20 21:14:08 AEST 2024

/headnode1/abry4213

mri_seghead --invol /headnode1/abry4213/data/Cogitate_Batch2/MEG_Data/derivatives/fs/sub-CA160/mri/T1.mgz --outvol /headnode1/abry4213/data/Cogitate_Batch2/MEG_Data/derivatives/fs/sub-CA160/mri/seghead.mgz --fill 1 --thresh1 20 --thresh2 20 --nhitsmin 2

--------------------------------

input volume:  /headnode1/abry4213/data/Cogitate_Batch2/MEG_Data/derivatives/fs/sub-CA160/mri/T1.mgz

output volume: /headnode1/abry4213/data/Cogitate_Batch2/MEG_Data/derivatives/fs/sub-CA160/mri/seghead.mgz

threshold1:    20

threshold2:    20

nhitsmin:      2

fill value:    1

Loading input volume

Filling Columns

Filling Rows

Filling Slices

Merging and Inverting

Growing

Counting

N Head Voxels = 4251583

N Back Voxels = 12525633

Avg. Back Intensity = 1.558208

Max. Back Intensity = 220.000000

Writing output

Done

--------------------------------

Thu Jun 20 21:14:13 AEST 2024

/headnode1/abry4213

mri_tessellate /headnode1/abry4213/data/Cogitate_Batch2/MEG_Data/derivatives/fs/sub-CA160/mri/seghead.mgz 1 /headnode1/abry4213/data/Cogitate_Batch2/MEG_Data/derivatives/fs/sub-CA160/surf/lh.seghead

--------------------------------

7.1.1

  7.1.1

slice 30: 7446 vertices, 7612 faces

slice 40: 16745 vertices, 16978 faces

slice 50: 26408 vertices, 26688 faces

slice 60: 36855 vertices, 37193 faces

slice 70: 49311 vertices, 49722 faces

slice 80: 60204 vertices, 60645 faces

slice 90: 70490 vertices, 70943 faces

slice 100: 80309 vertices, 80773 faces

slice 110: 90181 vertices, 90658 faces

slice 120: 101695 vertices, 102224 faces

slice 130: 112369 vertices, 112970 faces

slice 140: 123218 vertices, 123933 faces

slice 150: 135353 vertices, 136292 faces

slice 160: 147928 vertices, 148885 faces

slice 170: 157914 vertices, 158839 faces

slice 180: 167957 vertices, 168867 faces

slice 190: 178612 vertices, 179541 faces

slice 200: 191552 vertices, 192576 faces

slice 210: 206034 vertices, 206926 faces

slice 220: 215193 vertices, 215911 faces

slice 230: 217868 vertices, 218529 faces

slice 240: 218942 vertices, 219550 faces

slice 250: 218942 vertices, 219550 faces

using the conformed surface RAS to save vertex points...

writing /headnode1/abry4213/data/Cogitate_Batch2/MEG_Data/derivatives/fs/sub-CA160/surf/lh.seghead

using vox2ras matrix:

-1.00000   0.00000   0.00000   128.00000;

 0.00000   0.00000   1.00000  -128.00000;

 0.00000  -1.00000   0.00000   128.00000;

 0.00000   0.00000   0.00000   1.00000;

--------------------------------

Thu Jun 20 21:14:15 AEST 2024

/headnode1/abry4213

mris_smooth -n 10 -b area.seghead -c curv.seghead /headnode1/abry4213/data/Cogitate_Batch2/MEG_Data/derivatives/fs/sub-CA160/surf/lh.seghead /headnode1/abry4213/data/Cogitate_Batch2/MEG_Data/derivatives/fs/sub-CA160/surf/lh.seghead

--------------------------------

smoothing for 10 iterations

smoothing surface tessellation for 10 iterations...

smoothing complete - recomputing first and second fundamental forms...

writing smoothed curvature to /headnode1/abry4213/data/Cogitate_Batch2/MEG_Data/derivatives/fs/sub-CA160/surf/lh.curv.seghead

writing smoothed area to /headnode1/abry4213/data/Cogitate_Batch2/MEG_Data/derivatives/fs/sub-CA160/surf/lh.area.seghead

--------------------------------

Thu Jun 20 21:14:23 AEST 2024

/headnode1/abry4213

mris_inflate -n 10 -sulc sulc.seghead /headnode1/abry4213/data/Cogitate_Batch2/MEG_Data/derivatives/fs/sub-CA160/surf/lh.seghead /headnode1/abry4213/data/Cogitate_Batch2/MEG_Data/derivatives/fs/sub-CA160/surf/lh.seghead.inflated

--------------------------------

niterations = 10

sulc name = sulc.seghead

Reading /headnode1/abry4213/data/Cogitate_Batch2/MEG_Data/derivatives/fs/sub-CA160/surf/lh.seghead

avg radius = 102.7 mm, total surface area = 143310 mm^2

step 000: RMS=0.096 (target=0.015)   step 005: RMS=0.073 (target=0.015)   step 010: RMS=0.066 (target=0.015)   step 015: RMS=0.062 (target=0.015)   step 020: RMS=0.058 (target=0.015)   step 025: RMS=0.056 (target=0.015)   step 030: RMS=0.054 (target=0.015)   step 035: RMS=0.051 (target=0.015)   step 040: RMS=0.050 (target=0.015)   step 045: RMS=0.049 (target=0.015)   step 050: RMS=0.048 (target=0.015)   step 055: RMS=0.048 (target=0.015)   step 060: RMS=0.048 (target=0.015)   writing inflated surface to /headnode1/abry4213/data/Cogitate_Batch2/MEG_Data/derivatives/fs/sub-CA160/surf/lh.seghead.inflated

writing sulcal depths to /headnode1/abry4213/data/Cogitate_Batch2/MEG_Data/derivatives/fs/sub-CA160/surf/lh.sulc.seghead



inflation complete.

inflation took 0.8 minutes

mris_inflate utimesec    43.620502

mris_inflate stimesec    3.254739

mris_inflate ru_maxrss   337264

mris_inflate ru_ixrss    0

mris_inflate ru_idrss    0

mris_inflate ru_isrss    0

mris_inflate ru_minflt   1627257

mris_inflate ru_majflt   0

mris_inflate ru_nswap    0

mris_inflate ru_inblock  0

mris_inflate ru_oublock  12000

mris_inflate ru_msgsnd   0

mris_inflate ru_msgrcv   0

mris_inflate ru_nsignals 0

mris_inflate ru_nvcsw    190

mris_inflate ru_nivcsw   67

Started at: Thu Jun 20 21:14:08 AEST 2024

Ended   at: Thu Jun 20 21:15:10 AEST 2024

mkheadsurf done

2. Creating /headnode1/abry4213/data/Cogitate_Batch2/MEG_Data/derivatives/fs/sub-CA160/bem/sub-CA160-head-dense.fif ...
outer skin  CM is   2.38  -3.37 -14.13 mm
Surfaces passed the basic topology checks.
3. Creating medium tessellation...
3.1 Decimating the dense tessellation...
3.2 Creating /headnode1/abry4213/data/Cogitate_Batch2/MEG_Data/derivatives/fs/sub-CA160/bem/sub-CA160-head-medium.fif
/headnode1/abry4213/github/cogitate-msp1/coglib/meeg/source_modelling/S00a_scalp_surfaces.py:106: RuntimeWarning: Surface outer skin  has topological defects: 31 / 29999 vertices have fewer than three neighboring triangles [2853, 3699, 4761, 5888, 6015, 6119, 6208, 6243, 6676, 6906, 7091, 7197, 7217, 7244, 7363, 7428, 7546, 7692, 7693, 7962, 7973, 8076, 8238, 8860, 9012, 9093, 9100, 9913, 10296, 10413, 10431]

Consider using --force as an additional input parameter.
  mnebem.make_scalp_surfaces(subject,
outer skin  CM is   4.11   5.87 -38.35 mm
Surfaces passed the basic topology checks.
4. Creating sparse tessellation...
4.1 Decimating the dense tessellation...
4.2 Creating /headnode1/abry4213/data/Cogitate_Batch2/MEG_Data/derivatives/fs/sub-CA160/bem/sub-CA160-head-sparse.fif
outer skin  CM is   4.14   3.45 -32.32 mm
/headnode1/abry4213/github/cogitate-msp1/coglib/meeg/source_modelling/S00a_scalp_surfaces.py:106: RuntimeWarning: Surface outer skin  is not complete (sum of solid angles yielded 1.0001097344301875, should be 1.)
  mnebem.make_scalp_surfaces(subject,
Surfaces passed the basic topology checks.
Can't load history: $< line too long.
