Warning: no access to tty (Bad file descriptor).
Thus no job control in this shell.
Can't load history: $< line too long.
Now running source localization for CB036
LOADEDMODULES=pbspro:Anaconda3-5.1.0 ;export LOADEDMODULES;PATH=/usr/physics/python/anaconda3/bin:/usr/lib64/qt-3.3/bin:/headnode1/abry4213/software/freesurfer/bin:/headnode1/abry4213/software/freesurfer/fsfast/bin:/headnode1/abry4213/software/freesurfer/bin:/headnode1/abry4213/.vscode-server/cli/servers/Stable-31c37ee8f63491495ac49e43b8544550fbae4533/server/bin/remote-cli:/usr/physics/pbspro/bin:/headnode1/abry4213/bin:/usr/physics/bin:/bin:/usr/local/bin:/usr/share/Modules/bin:/usr/bin:/opt/dell/srvadmin/bin:/usr/local/sbin:/usr/sbin ;export PATH;_LMFILES_=/usr/physics/share/modulefiles/pbspro:/usr/physics/share/modulefiles/Anaconda3-5.1.0 ;export _LMFILES_;1. Creating a dense scalp tessellation with mkheadsurf...
Running subprocess: mkheadsurf -subjid sub-CB036 -srcvol T1.mgz
INFO: log file is /headnode1/abry4213/data/Cogitate_Batch2/MEG_Data/derivatives/fs/sub-CB036/scripts/mkheadsurf.log

--------------------------------

Thu Jun 20 21:17:25 AEST 2024

/headnode1/abry4213

mri_seghead --invol /headnode1/abry4213/data/Cogitate_Batch2/MEG_Data/derivatives/fs/sub-CB036/mri/T1.mgz --outvol /headnode1/abry4213/data/Cogitate_Batch2/MEG_Data/derivatives/fs/sub-CB036/mri/seghead.mgz --fill 1 --thresh1 20 --thresh2 20 --nhitsmin 2

--------------------------------

input volume:  /headnode1/abry4213/data/Cogitate_Batch2/MEG_Data/derivatives/fs/sub-CB036/mri/T1.mgz

output volume: /headnode1/abry4213/data/Cogitate_Batch2/MEG_Data/derivatives/fs/sub-CB036/mri/seghead.mgz

threshold1:    20

threshold2:    20

nhitsmin:      2

fill value:    1

Loading input volume

Filling Columns

Filling Rows

Filling Slices

Merging and Inverting

Growing

Counting

N Head Voxels = 4831437

N Back Voxels = 11945779

Avg. Back Intensity = 1.814820

Max. Back Intensity = 234.000000

Writing output

Done

--------------------------------

Thu Jun 20 21:17:32 AEST 2024

/headnode1/abry4213

mri_tessellate /headnode1/abry4213/data/Cogitate_Batch2/MEG_Data/derivatives/fs/sub-CB036/mri/seghead.mgz 1 /headnode1/abry4213/data/Cogitate_Batch2/MEG_Data/derivatives/fs/sub-CB036/surf/lh.seghead

--------------------------------

7.1.1

  7.1.1

slice 30: 5653 vertices, 5806 faces

slice 40: 16875 vertices, 17118 faces

slice 50: 28397 vertices, 28701 faces

slice 60: 44041 vertices, 44471 faces

slice 70: 57926 vertices, 58355 faces

slice 80: 68812 vertices, 69243 faces

slice 90: 78993 vertices, 79427 faces

slice 100: 88780 vertices, 89224 faces

slice 110: 98577 vertices, 99035 faces

slice 120: 108680 vertices, 109150 faces

slice 130: 119347 vertices, 119844 faces

slice 140: 132681 vertices, 133246 faces

slice 150: 142582 vertices, 143131 faces

slice 160: 152793 vertices, 153349 faces

slice 170: 163871 vertices, 164480 faces

slice 180: 175739 vertices, 176391 faces

slice 190: 187390 vertices, 188051 faces

slice 200: 199399 vertices, 200039 faces

slice 210: 214513 vertices, 215133 faces

slice 220: 223586 vertices, 224038 faces

slice 230: 226275 vertices, 226621 faces

slice 240: 226322 vertices, 226652 faces

slice 250: 226322 vertices, 226652 faces

using the conformed surface RAS to save vertex points...

writing /headnode1/abry4213/data/Cogitate_Batch2/MEG_Data/derivatives/fs/sub-CB036/surf/lh.seghead

using vox2ras matrix:

-1.00000   0.00000   0.00000   128.00000;

 0.00000   0.00000   1.00000  -128.00000;

 0.00000  -1.00000   0.00000   128.00000;

 0.00000   0.00000   0.00000   1.00000;

--------------------------------

Thu Jun 20 21:17:34 AEST 2024

/headnode1/abry4213

mris_smooth -n 10 -b area.seghead -c curv.seghead /headnode1/abry4213/data/Cogitate_Batch2/MEG_Data/derivatives/fs/sub-CB036/surf/lh.seghead /headnode1/abry4213/data/Cogitate_Batch2/MEG_Data/derivatives/fs/sub-CB036/surf/lh.seghead

--------------------------------

smoothing for 10 iterations

smoothing surface tessellation for 10 iterations...

smoothing complete - recomputing first and second fundamental forms...

writing smoothed curvature to /headnode1/abry4213/data/Cogitate_Batch2/MEG_Data/derivatives/fs/sub-CB036/surf/lh.curv.seghead

writing smoothed area to /headnode1/abry4213/data/Cogitate_Batch2/MEG_Data/derivatives/fs/sub-CB036/surf/lh.area.seghead

--------------------------------

Thu Jun 20 21:17:42 AEST 2024

/headnode1/abry4213

mris_inflate -n 10 -sulc sulc.seghead /headnode1/abry4213/data/Cogitate_Batch2/MEG_Data/derivatives/fs/sub-CB036/surf/lh.seghead /headnode1/abry4213/data/Cogitate_Batch2/MEG_Data/derivatives/fs/sub-CB036/surf/lh.seghead.inflated

--------------------------------

niterations = 10

sulc name = sulc.seghead

Reading /headnode1/abry4213/data/Cogitate_Batch2/MEG_Data/derivatives/fs/sub-CB036/surf/lh.seghead

avg radius = 106.9 mm, total surface area = 152276 mm^2

step 000: RMS=0.071 (target=0.015)   step 005: RMS=0.049 (target=0.015)   step 010: RMS=0.044 (target=0.015)   step 015: RMS=0.040 (target=0.015)   step 020: RMS=0.037 (target=0.015)   step 025: RMS=0.033 (target=0.015)   step 030: RMS=0.032 (target=0.015)   step 035: RMS=0.030 (target=0.015)   step 040: RMS=0.029 (target=0.015)   step 045: RMS=0.029 (target=0.015)   step 050: RMS=0.028 (target=0.015)   step 055: RMS=0.028 (target=0.015)   step 060: RMS=0.028 (target=0.015)   writing inflated surface to /headnode1/abry4213/data/Cogitate_Batch2/MEG_Data/derivatives/fs/sub-CB036/surf/lh.seghead.inflated

writing sulcal depths to /headnode1/abry4213/data/Cogitate_Batch2/MEG_Data/derivatives/fs/sub-CB036/surf/lh.sulc.seghead



inflation complete.

inflation took 0.9 minutes

mris_inflate utimesec    48.360274

mris_inflate stimesec    3.175952

mris_inflate ru_maxrss   347828

mris_inflate ru_ixrss    0

mris_inflate ru_idrss    0

mris_inflate ru_isrss    0

mris_inflate ru_minflt   1348367

mris_inflate ru_majflt   0

mris_inflate ru_nswap    0

mris_inflate ru_inblock  0

mris_inflate ru_oublock  12400

mris_inflate ru_msgsnd   0

mris_inflate ru_msgrcv   0

mris_inflate ru_nsignals 0

mris_inflate ru_nvcsw    192

mris_inflate ru_nivcsw   72

Started at: Thu Jun 20 21:17:25 AEST 2024

Ended   at: Thu Jun 20 21:18:34 AEST 2024

mkheadsurf done

2. Creating /headnode1/abry4213/data/Cogitate_Batch2/MEG_Data/derivatives/fs/sub-CB036/bem/sub-CB036-head-dense.fif ...
outer skin  CM is   1.39  -5.97 -10.77 mm
Surfaces passed the basic topology checks.
3. Creating medium tessellation...
3.1 Decimating the dense tessellation...
3.2 Creating /headnode1/abry4213/data/Cogitate_Batch2/MEG_Data/derivatives/fs/sub-CB036/bem/sub-CB036-head-medium.fif
/headnode1/abry4213/github/cogitate-msp1/coglib/meeg/source_modelling/S00a_scalp_surfaces.py:106: RuntimeWarning: Surface outer skin  has topological defects: 10 / 29999 vertices have fewer than three neighboring triangles [5302, 7390, 7768, 8060, 8214, 8420, 9514, 9998, 11377, 11387]

Consider using --force as an additional input parameter.
  mnebem.make_scalp_surfaces(subject,
outer skin  CM is   2.38   2.85 -32.05 mm
Surfaces passed the basic topology checks.
4. Creating sparse tessellation...
4.1 Decimating the dense tessellation...
4.2 Creating /headnode1/abry4213/data/Cogitate_Batch2/MEG_Data/derivatives/fs/sub-CB036/bem/sub-CB036-head-sparse.fif
/headnode1/abry4213/github/cogitate-msp1/coglib/meeg/source_modelling/S00a_scalp_surfaces.py:106: RuntimeWarning: Surface outer skin  has topological defects: 1 / 2500 vertices have fewer than three neighboring triangles [549]

Consider using --force as an additional input parameter.
  mnebem.make_scalp_surfaces(subject,
outer skin  CM is   2.86   0.21 -26.69 mm
/headnode1/abry4213/github/cogitate-msp1/coglib/meeg/source_modelling/S00a_scalp_surfaces.py:106: RuntimeWarning: Surface outer skin  is not complete (sum of solid angles yielded 1.0000586326461798, should be 1.)
  mnebem.make_scalp_surfaces(subject,
Surfaces passed the basic topology checks.
Can't load history: $< line too long.
