Warning: no access to tty (Bad file descriptor).
Thus no job control in this shell.
Can't load history: $< line too long.
Now running source localization for CA172
LOADEDMODULES=pbspro:Anaconda3-5.1.0 ;export LOADEDMODULES;PATH=/usr/physics/python/anaconda3/bin:/usr/lib64/qt-3.3/bin:/headnode1/abry4213/software/freesurfer/bin:/headnode1/abry4213/software/freesurfer/fsfast/bin:/headnode1/abry4213/software/freesurfer/bin:/headnode1/abry4213/.vscode-server/cli/servers/Stable-31c37ee8f63491495ac49e43b8544550fbae4533/server/bin/remote-cli:/usr/physics/pbspro/bin:/headnode1/abry4213/bin:/usr/physics/bin:/bin:/usr/local/bin:/usr/share/Modules/bin:/usr/bin:/opt/dell/srvadmin/bin:/usr/local/sbin:/usr/sbin ;export PATH;_LMFILES_=/usr/physics/share/modulefiles/pbspro:/usr/physics/share/modulefiles/Anaconda3-5.1.0 ;export _LMFILES_;1. Creating a dense scalp tessellation with mkheadsurf...
Running subprocess: mkheadsurf -subjid sub-CA172 -srcvol T1.mgz
INFO: log file is /headnode1/abry4213/data/Cogitate_Batch2/MEG_Data/derivatives/fs/sub-CA172/scripts/mkheadsurf.log

--------------------------------

Thu Jun 20 21:14:45 AEST 2024

/headnode1/abry4213

mri_seghead --invol /headnode1/abry4213/data/Cogitate_Batch2/MEG_Data/derivatives/fs/sub-CA172/mri/T1.mgz --outvol /headnode1/abry4213/data/Cogitate_Batch2/MEG_Data/derivatives/fs/sub-CA172/mri/seghead.mgz --fill 1 --thresh1 20 --thresh2 20 --nhitsmin 2

--------------------------------

input volume:  /headnode1/abry4213/data/Cogitate_Batch2/MEG_Data/derivatives/fs/sub-CA172/mri/T1.mgz

output volume: /headnode1/abry4213/data/Cogitate_Batch2/MEG_Data/derivatives/fs/sub-CA172/mri/seghead.mgz

threshold1:    20

threshold2:    20

nhitsmin:      2

fill value:    1

Loading input volume

Filling Columns

Filling Rows

Filling Slices

Merging and Inverting

Growing

Counting

N Head Voxels = 4256412

N Back Voxels = 12520804

Avg. Back Intensity = 1.555217

Max. Back Intensity = 233.000000

Writing output

Done

--------------------------------

Thu Jun 20 21:14:54 AEST 2024

/headnode1/abry4213

mri_tessellate /headnode1/abry4213/data/Cogitate_Batch2/MEG_Data/derivatives/fs/sub-CA172/mri/seghead.mgz 1 /headnode1/abry4213/data/Cogitate_Batch2/MEG_Data/derivatives/fs/sub-CA172/surf/lh.seghead

--------------------------------

7.1.1

  7.1.1

slice 20: 980 vertices, 1107 faces

slice 30: 10034 vertices, 10333 faces

slice 40: 20220 vertices, 20586 faces

slice 50: 32676 vertices, 33133 faces

slice 60: 43657 vertices, 44127 faces

slice 70: 53783 vertices, 54275 faces

slice 80: 63887 vertices, 64401 faces

slice 90: 73871 vertices, 74421 faces

slice 100: 83578 vertices, 84154 faces

slice 110: 94066 vertices, 94710 faces

slice 120: 104587 vertices, 105208 faces

slice 130: 114245 vertices, 114877 faces

slice 140: 125266 vertices, 126013 faces

slice 150: 134147 vertices, 134878 faces

slice 160: 143132 vertices, 143857 faces

slice 170: 152382 vertices, 153095 faces

slice 180: 161984 vertices, 162697 faces

slice 190: 172199 vertices, 172933 faces

slice 200: 183900 vertices, 184663 faces

slice 210: 197143 vertices, 197863 faces

slice 220: 207741 vertices, 208360 faces

slice 230: 211436 vertices, 211916 faces

slice 240: 212070 vertices, 212506 faces

slice 250: 212070 vertices, 212506 faces

using the conformed surface RAS to save vertex points...

writing /headnode1/abry4213/data/Cogitate_Batch2/MEG_Data/derivatives/fs/sub-CA172/surf/lh.seghead

using vox2ras matrix:

-1.00000   0.00000   0.00000   128.00000;

 0.00000   0.00000   1.00000  -128.00000;

 0.00000  -1.00000   0.00000   128.00000;

 0.00000   0.00000   0.00000   1.00000;

--------------------------------

Thu Jun 20 21:14:57 AEST 2024

/headnode1/abry4213

mris_smooth -n 10 -b area.seghead -c curv.seghead /headnode1/abry4213/data/Cogitate_Batch2/MEG_Data/derivatives/fs/sub-CA172/surf/lh.seghead /headnode1/abry4213/data/Cogitate_Batch2/MEG_Data/derivatives/fs/sub-CA172/surf/lh.seghead

--------------------------------

smoothing for 10 iterations

smoothing surface tessellation for 10 iterations...

smoothing complete - recomputing first and second fundamental forms...

writing smoothed curvature to /headnode1/abry4213/data/Cogitate_Batch2/MEG_Data/derivatives/fs/sub-CA172/surf/lh.curv.seghead

writing smoothed area to /headnode1/abry4213/data/Cogitate_Batch2/MEG_Data/derivatives/fs/sub-CA172/surf/lh.area.seghead

--------------------------------

Thu Jun 20 21:15:06 AEST 2024

/headnode1/abry4213

mris_inflate -n 10 -sulc sulc.seghead /headnode1/abry4213/data/Cogitate_Batch2/MEG_Data/derivatives/fs/sub-CA172/surf/lh.seghead /headnode1/abry4213/data/Cogitate_Batch2/MEG_Data/derivatives/fs/sub-CA172/surf/lh.seghead.inflated

--------------------------------

niterations = 10

sulc name = sulc.seghead

Reading /headnode1/abry4213/data/Cogitate_Batch2/MEG_Data/derivatives/fs/sub-CA172/surf/lh.seghead

avg radius = 102.5 mm, total surface area = 141246 mm^2

step 000: RMS=0.075 (target=0.015)   step 005: RMS=0.056 (target=0.015)   step 010: RMS=0.050 (target=0.015)   step 015: RMS=0.046 (target=0.015)   step 020: RMS=0.043 (target=0.015)   step 025: RMS=0.042 (target=0.015)   step 030: RMS=0.041 (target=0.015)   step 035: RMS=0.039 (target=0.015)   step 040: RMS=0.038 (target=0.015)   step 045: RMS=0.037 (target=0.015)   step 050: RMS=0.037 (target=0.015)   step 055: RMS=0.038 (target=0.015)   step 060: RMS=0.037 (target=0.015)   writing inflated surface to /headnode1/abry4213/data/Cogitate_Batch2/MEG_Data/derivatives/fs/sub-CA172/surf/lh.seghead.inflated

writing sulcal depths to /headnode1/abry4213/data/Cogitate_Batch2/MEG_Data/derivatives/fs/sub-CA172/surf/lh.sulc.seghead



inflation complete.

inflation took 1.0 minutes

mris_inflate utimesec    55.374718

mris_inflate stimesec    3.925554

mris_inflate ru_maxrss   326096

mris_inflate ru_ixrss    0

mris_inflate ru_idrss    0

mris_inflate ru_isrss    0

mris_inflate ru_minflt   1269451

mris_inflate ru_majflt   0

mris_inflate ru_nswap    0

mris_inflate ru_inblock  0

mris_inflate ru_oublock  11624

mris_inflate ru_msgsnd   0

mris_inflate ru_msgrcv   0

mris_inflate ru_nsignals 0

mris_inflate ru_nvcsw    332

mris_inflate ru_nivcsw   60

Started at: Thu Jun 20 21:14:45 AEST 2024

Ended   at: Thu Jun 20 21:16:05 AEST 2024

mkheadsurf done

2. Creating /headnode1/abry4213/data/Cogitate_Batch2/MEG_Data/derivatives/fs/sub-CA172/bem/sub-CA172-head-dense.fif ...
outer skin  CM is   0.69  -6.49 -10.76 mm
Surfaces passed the basic topology checks.
3. Creating medium tessellation...
3.1 Decimating the dense tessellation...
3.2 Creating /headnode1/abry4213/data/Cogitate_Batch2/MEG_Data/derivatives/fs/sub-CA172/bem/sub-CA172-head-medium.fif
/headnode1/abry4213/github/cogitate-msp1/coglib/meeg/source_modelling/S00a_scalp_surfaces.py:106: RuntimeWarning: Surface outer skin  has topological defects: 8 / 30000 vertices have fewer than three neighboring triangles [759, 1244, 5312, 5456, 5559, 6219, 8364, 9441]

Consider using --force as an additional input parameter.
  mnebem.make_scalp_surfaces(subject,
outer skin  CM is   1.20  -4.57 -22.92 mm
/headnode1/abry4213/github/cogitate-msp1/coglib/meeg/source_modelling/S00a_scalp_surfaces.py:106: RuntimeWarning: Surface outer skin  is not complete (sum of solid angles yielded 1.0000273801680706, should be 1.)
  mnebem.make_scalp_surfaces(subject,
Surfaces passed the basic topology checks.
4. Creating sparse tessellation...
4.1 Decimating the dense tessellation...
4.2 Creating /headnode1/abry4213/data/Cogitate_Batch2/MEG_Data/derivatives/fs/sub-CA172/bem/sub-CA172-head-sparse.fif
/headnode1/abry4213/github/cogitate-msp1/coglib/meeg/source_modelling/S00a_scalp_surfaces.py:106: RuntimeWarning: Surface outer skin  has topological defects: 1 / 2500 vertices have fewer than three neighboring triangles [530]

Consider using --force as an additional input parameter.
  mnebem.make_scalp_surfaces(subject,
outer skin  CM is   1.19  -6.53 -19.07 mm
/headnode1/abry4213/github/cogitate-msp1/coglib/meeg/source_modelling/S00a_scalp_surfaces.py:106: RuntimeWarning: Surface outer skin  is not complete (sum of solid angles yielded 1.0001930277047164, should be 1.)
  mnebem.make_scalp_surfaces(subject,
Surfaces passed the basic topology checks.
Can't load history: $< line too long.
