Warning: no access to tty (Bad file descriptor).
Thus no job control in this shell.
Can't load history: $< line too long.
Now running source localization for CA166
LOADEDMODULES=pbspro:Anaconda3-5.1.0 ;export LOADEDMODULES;PATH=/usr/physics/python/anaconda3/bin:/usr/lib64/qt-3.3/bin:/headnode1/abry4213/software/freesurfer/bin:/headnode1/abry4213/software/freesurfer/fsfast/bin:/headnode1/abry4213/software/freesurfer/bin:/headnode1/abry4213/.vscode-server/cli/servers/Stable-31c37ee8f63491495ac49e43b8544550fbae4533/server/bin/remote-cli:/usr/physics/pbspro/bin:/headnode1/abry4213/bin:/usr/physics/bin:/bin:/usr/local/bin:/usr/share/Modules/bin:/usr/bin:/opt/dell/srvadmin/bin:/usr/local/sbin:/usr/sbin ;export PATH;_LMFILES_=/usr/physics/share/modulefiles/pbspro:/usr/physics/share/modulefiles/Anaconda3-5.1.0 ;export _LMFILES_;1. Creating a dense scalp tessellation with mkheadsurf...
Running subprocess: mkheadsurf -subjid sub-CA166 -srcvol T1.mgz
INFO: log file is /headnode1/abry4213/data/Cogitate_Batch2/MEG_Data/derivatives/fs/sub-CA166/scripts/mkheadsurf.log

--------------------------------

Thu Jun 20 21:14:10 AEST 2024

/headnode1/abry4213

mri_seghead --invol /headnode1/abry4213/data/Cogitate_Batch2/MEG_Data/derivatives/fs/sub-CA166/mri/T1.mgz --outvol /headnode1/abry4213/data/Cogitate_Batch2/MEG_Data/derivatives/fs/sub-CA166/mri/seghead.mgz --fill 1 --thresh1 20 --thresh2 20 --nhitsmin 2

--------------------------------

input volume:  /headnode1/abry4213/data/Cogitate_Batch2/MEG_Data/derivatives/fs/sub-CA166/mri/T1.mgz

output volume: /headnode1/abry4213/data/Cogitate_Batch2/MEG_Data/derivatives/fs/sub-CA166/mri/seghead.mgz

threshold1:    20

threshold2:    20

nhitsmin:      2

fill value:    1

Loading input volume

Filling Columns

Filling Rows

Filling Slices

Merging and Inverting

Growing

Counting

N Head Voxels = 4501629

N Back Voxels = 12275587

Avg. Back Intensity = 1.972804

Max. Back Intensity = 232.000000

Writing output

Done

--------------------------------

Thu Jun 20 21:14:17 AEST 2024

/headnode1/abry4213

mri_tessellate /headnode1/abry4213/data/Cogitate_Batch2/MEG_Data/derivatives/fs/sub-CA166/mri/seghead.mgz 1 /headnode1/abry4213/data/Cogitate_Batch2/MEG_Data/derivatives/fs/sub-CA166/surf/lh.seghead

--------------------------------

7.1.1

  7.1.1

slice 30: 7061 vertices, 7323 faces

slice 40: 23476 vertices, 23989 faces

slice 50: 42480 vertices, 43083 faces

slice 60: 58324 vertices, 58905 faces

slice 70: 74122 vertices, 74944 faces

slice 80: 89280 vertices, 90272 faces

slice 90: 104250 vertices, 105417 faces

slice 100: 118867 vertices, 120044 faces

slice 110: 133686 vertices, 135079 faces

slice 120: 151418 vertices, 153058 faces

slice 130: 169398 vertices, 171323 faces

slice 140: 184739 vertices, 186745 faces

slice 150: 196210 vertices, 198167 faces

slice 160: 205776 vertices, 207717 faces

slice 170: 215416 vertices, 217366 faces

slice 180: 225641 vertices, 227579 faces

slice 190: 236654 vertices, 238577 faces

slice 200: 249493 vertices, 251550 faces

slice 210: 266431 vertices, 268248 faces

slice 220: 269689 vertices, 271406 faces

slice 230: 269995 vertices, 271678 faces

slice 240: 269995 vertices, 271678 faces

slice 250: 269995 vertices, 271678 faces

using the conformed surface RAS to save vertex points...

writing /headnode1/abry4213/data/Cogitate_Batch2/MEG_Data/derivatives/fs/sub-CA166/surf/lh.seghead

using vox2ras matrix:

-1.00000   0.00000   0.00000   128.00000;

 0.00000   0.00000   1.00000  -128.00000;

 0.00000  -1.00000   0.00000   128.00000;

 0.00000   0.00000   0.00000   1.00000;

--------------------------------

Thu Jun 20 21:14:20 AEST 2024

/headnode1/abry4213

mris_smooth -n 10 -b area.seghead -c curv.seghead /headnode1/abry4213/data/Cogitate_Batch2/MEG_Data/derivatives/fs/sub-CA166/surf/lh.seghead /headnode1/abry4213/data/Cogitate_Batch2/MEG_Data/derivatives/fs/sub-CA166/surf/lh.seghead

--------------------------------

smoothing for 10 iterations

smoothing surface tessellation for 10 iterations...

smoothing complete - recomputing first and second fundamental forms...

writing smoothed curvature to /headnode1/abry4213/data/Cogitate_Batch2/MEG_Data/derivatives/fs/sub-CA166/surf/lh.curv.seghead

writing smoothed area to /headnode1/abry4213/data/Cogitate_Batch2/MEG_Data/derivatives/fs/sub-CA166/surf/lh.area.seghead

--------------------------------

Thu Jun 20 21:14:30 AEST 2024

/headnode1/abry4213

mris_inflate -n 10 -sulc sulc.seghead /headnode1/abry4213/data/Cogitate_Batch2/MEG_Data/derivatives/fs/sub-CA166/surf/lh.seghead /headnode1/abry4213/data/Cogitate_Batch2/MEG_Data/derivatives/fs/sub-CA166/surf/lh.seghead.inflated

--------------------------------

niterations = 10

sulc name = sulc.seghead

Reading /headnode1/abry4213/data/Cogitate_Batch2/MEG_Data/derivatives/fs/sub-CA166/surf/lh.seghead

avg radius = 109.6 mm, total surface area = 173797 mm^2

step 000: RMS=0.133 (target=0.015)   step 005: RMS=0.102 (target=0.015)   step 010: RMS=0.095 (target=0.015)   step 015: RMS=0.089 (target=0.015)   step 020: RMS=0.085 (target=0.015)   step 025: RMS=0.080 (target=0.015)   step 030: RMS=0.077 (target=0.015)   step 035: RMS=0.073 (target=0.015)   step 040: RMS=0.071 (target=0.015)   step 045: RMS=0.069 (target=0.015)   step 050: RMS=0.067 (target=0.015)   step 055: RMS=0.067 (target=0.015)   step 060: RMS=0.067 (target=0.015)   writing inflated surface to /headnode1/abry4213/data/Cogitate_Batch2/MEG_Data/derivatives/fs/sub-CA166/surf/lh.seghead.inflated

writing sulcal depths to /headnode1/abry4213/data/Cogitate_Batch2/MEG_Data/derivatives/fs/sub-CA166/surf/lh.sulc.seghead



inflation complete.

inflation took 1.0 minutes

mris_inflate utimesec    58.405028

mris_inflate stimesec    3.862538

mris_inflate ru_maxrss   416436

mris_inflate ru_ixrss    0

mris_inflate ru_idrss    0

mris_inflate ru_isrss    0

mris_inflate ru_minflt   1767019

mris_inflate ru_majflt   0

mris_inflate ru_nswap    0

mris_inflate ru_inblock  0

mris_inflate ru_oublock  14816

mris_inflate ru_msgsnd   0

mris_inflate ru_msgrcv   0

mris_inflate ru_nsignals 0

mris_inflate ru_nvcsw    215

mris_inflate ru_nivcsw   21

Started at: Thu Jun 20 21:14:10 AEST 2024

Ended   at: Thu Jun 20 21:15:33 AEST 2024

mkheadsurf done

2. Creating /headnode1/abry4213/data/Cogitate_Batch2/MEG_Data/derivatives/fs/sub-CA166/bem/sub-CA166-head-dense.fif ...
outer skin  CM is  -3.60 -15.96 -33.97 mm
Surfaces passed the basic topology checks.
3. Creating medium tessellation...
3.1 Decimating the dense tessellation...
3.2 Creating /headnode1/abry4213/data/Cogitate_Batch2/MEG_Data/derivatives/fs/sub-CA166/bem/sub-CA166-head-medium.fif
/headnode1/abry4213/github/cogitate-msp1/coglib/meeg/source_modelling/S00a_scalp_surfaces.py:106: RuntimeWarning: Surface outer skin  has topological defects: 32 / 30000 vertices have fewer than three neighboring triangles [2337, 2864, 2928, 3022, 3411, 3981, 4892, 5088, 5221, 5233, 5323, 5634, 5807, 6340, 6453, 6662, 6995, 7389, 7800, 7984, 8055, 8528, 8565, 8620, 8903, 9388, 9726, 9841, 10233, 10647, 10944, 11217]

Consider using --force as an additional input parameter.
  mnebem.make_scalp_surfaces(subject,
outer skin  CM is  -8.22 -15.24 -64.08 mm
/headnode1/abry4213/github/cogitate-msp1/coglib/meeg/source_modelling/S00a_scalp_surfaces.py:106: RuntimeWarning: Surface outer skin  is not complete (sum of solid angles yielded 1.0001159578476932, should be 1.)
  mnebem.make_scalp_surfaces(subject,
Surfaces passed the basic topology checks.
4. Creating sparse tessellation...
4.1 Decimating the dense tessellation...
4.2 Creating /headnode1/abry4213/data/Cogitate_Batch2/MEG_Data/derivatives/fs/sub-CA166/bem/sub-CA166-head-sparse.fif
/headnode1/abry4213/github/cogitate-msp1/coglib/meeg/source_modelling/S00a_scalp_surfaces.py:106: RuntimeWarning: Surface outer skin  has topological defects: 6 / 2499 vertices have fewer than three neighboring triangles [330, 498, 621, 643, 917, 991]

Consider using --force as an additional input parameter.
  mnebem.make_scalp_surfaces(subject,
outer skin  CM is  -6.86 -14.81 -57.45 mm
/headnode1/abry4213/github/cogitate-msp1/coglib/meeg/source_modelling/S00a_scalp_surfaces.py:106: RuntimeWarning: Surface outer skin  is not complete (sum of solid angles yielded 1.0002790228732674, should be 1.)
  mnebem.make_scalp_surfaces(subject,
Surfaces passed the basic topology checks.
Can't load history: $< line too long.
