Warning: no access to tty (Bad file descriptor).
Thus no job control in this shell.
Can't load history: $< line too long.
Now running source localization for CA144
LOADEDMODULES=pbspro:Anaconda3-5.1.0 ;export LOADEDMODULES;PATH=/usr/physics/python/anaconda3/bin:/usr/lib64/qt-3.3/bin:/headnode1/abry4213/software/freesurfer/bin:/headnode1/abry4213/software/freesurfer/fsfast/bin:/headnode1/abry4213/software/freesurfer/bin:/headnode1/abry4213/.vscode-server/cli/servers/Stable-31c37ee8f63491495ac49e43b8544550fbae4533/server/bin/remote-cli:/usr/physics/pbspro/bin:/headnode1/abry4213/bin:/usr/physics/bin:/bin:/usr/local/bin:/usr/share/Modules/bin:/usr/bin:/opt/dell/srvadmin/bin:/usr/local/sbin:/usr/sbin ;export PATH;_LMFILES_=/usr/physics/share/modulefiles/pbspro:/usr/physics/share/modulefiles/Anaconda3-5.1.0 ;export _LMFILES_;1. Creating a dense scalp tessellation with mkheadsurf...
Running subprocess: mkheadsurf -subjid sub-CA144 -srcvol T1.mgz
INFO: log file is /headnode1/abry4213/data/Cogitate_Batch2/MEG_Data/derivatives/fs/sub-CA144/scripts/mkheadsurf.log

--------------------------------

Thu Jun 20 21:12:42 AEST 2024

/headnode1/abry4213

mri_seghead --invol /headnode1/abry4213/data/Cogitate_Batch2/MEG_Data/derivatives/fs/sub-CA144/mri/T1.mgz --outvol /headnode1/abry4213/data/Cogitate_Batch2/MEG_Data/derivatives/fs/sub-CA144/mri/seghead.mgz --fill 1 --thresh1 20 --thresh2 20 --nhitsmin 2

--------------------------------

input volume:  /headnode1/abry4213/data/Cogitate_Batch2/MEG_Data/derivatives/fs/sub-CA144/mri/T1.mgz

output volume: /headnode1/abry4213/data/Cogitate_Batch2/MEG_Data/derivatives/fs/sub-CA144/mri/seghead.mgz

threshold1:    20

threshold2:    20

nhitsmin:      2

fill value:    1

Loading input volume

Filling Columns

Filling Rows

Filling Slices

Merging and Inverting

Growing

Counting

N Head Voxels = 4172577

N Back Voxels = 12604639

Avg. Back Intensity = 1.697408

Max. Back Intensity = 234.000000

Writing output

Done

--------------------------------

Thu Jun 20 21:12:49 AEST 2024

/headnode1/abry4213

mri_tessellate /headnode1/abry4213/data/Cogitate_Batch2/MEG_Data/derivatives/fs/sub-CA144/mri/seghead.mgz 1 /headnode1/abry4213/data/Cogitate_Batch2/MEG_Data/derivatives/fs/sub-CA144/surf/lh.seghead

--------------------------------

7.1.1

  7.1.1

slice 30: 4606 vertices, 4748 faces

slice 40: 14129 vertices, 14350 faces

slice 50: 24649 vertices, 24929 faces

slice 60: 36914 vertices, 37284 faces

slice 70: 49163 vertices, 49571 faces

slice 80: 59471 vertices, 59887 faces

slice 90: 69354 vertices, 69791 faces

slice 100: 79987 vertices, 80463 faces

slice 110: 90148 vertices, 90676 faces

slice 120: 101017 vertices, 101606 faces

slice 130: 111787 vertices, 112339 faces

slice 140: 124071 vertices, 124649 faces

slice 150: 133484 vertices, 134050 faces

slice 160: 142900 vertices, 143474 faces

slice 170: 152419 vertices, 152988 faces

slice 180: 162623 vertices, 163184 faces

slice 190: 173406 vertices, 173963 faces

slice 200: 186715 vertices, 187362 faces

slice 210: 201875 vertices, 202436 faces

slice 220: 210580 vertices, 210967 faces

slice 230: 212438 vertices, 212786 faces

slice 240: 212885 vertices, 213196 faces

slice 250: 212885 vertices, 213196 faces

using the conformed surface RAS to save vertex points...

writing /headnode1/abry4213/data/Cogitate_Batch2/MEG_Data/derivatives/fs/sub-CA144/surf/lh.seghead

using vox2ras matrix:

-1.00000   0.00000   0.00000   128.00000;

 0.00000   0.00000   1.00000  -128.00000;

 0.00000  -1.00000   0.00000   128.00000;

 0.00000   0.00000   0.00000   1.00000;

--------------------------------

Thu Jun 20 21:12:51 AEST 2024

/headnode1/abry4213

mris_smooth -n 10 -b area.seghead -c curv.seghead /headnode1/abry4213/data/Cogitate_Batch2/MEG_Data/derivatives/fs/sub-CA144/surf/lh.seghead /headnode1/abry4213/data/Cogitate_Batch2/MEG_Data/derivatives/fs/sub-CA144/surf/lh.seghead

--------------------------------

smoothing for 10 iterations

smoothing surface tessellation for 10 iterations...

smoothing complete - recomputing first and second fundamental forms...

writing smoothed curvature to /headnode1/abry4213/data/Cogitate_Batch2/MEG_Data/derivatives/fs/sub-CA144/surf/lh.curv.seghead

writing smoothed area to /headnode1/abry4213/data/Cogitate_Batch2/MEG_Data/derivatives/fs/sub-CA144/surf/lh.area.seghead

--------------------------------

Thu Jun 20 21:12:59 AEST 2024

/headnode1/abry4213

mris_inflate -n 10 -sulc sulc.seghead /headnode1/abry4213/data/Cogitate_Batch2/MEG_Data/derivatives/fs/sub-CA144/surf/lh.seghead /headnode1/abry4213/data/Cogitate_Batch2/MEG_Data/derivatives/fs/sub-CA144/surf/lh.seghead.inflated

--------------------------------

niterations = 10

sulc name = sulc.seghead

Reading /headnode1/abry4213/data/Cogitate_Batch2/MEG_Data/derivatives/fs/sub-CA144/surf/lh.seghead

avg radius = 100.9 mm, total surface area = 140719 mm^2

step 000: RMS=0.078 (target=0.015)   step 005: RMS=0.058 (target=0.015)   step 010: RMS=0.050 (target=0.015)   step 015: RMS=0.045 (target=0.015)   step 020: RMS=0.042 (target=0.015)   step 025: RMS=0.040 (target=0.015)   step 030: RMS=0.038 (target=0.015)   step 035: RMS=0.036 (target=0.015)   step 040: RMS=0.035 (target=0.015)   step 045: RMS=0.035 (target=0.015)   step 050: RMS=0.035 (target=0.015)   step 055: RMS=0.036 (target=0.015)   step 060: RMS=0.036 (target=0.015)   writing inflated surface to /headnode1/abry4213/data/Cogitate_Batch2/MEG_Data/derivatives/fs/sub-CA144/surf/lh.seghead.inflated

writing sulcal depths to /headnode1/abry4213/data/Cogitate_Batch2/MEG_Data/derivatives/fs/sub-CA144/surf/lh.sulc.seghead



inflation complete.

inflation took 0.8 minutes

mris_inflate utimesec    46.947670

mris_inflate stimesec    3.267698

mris_inflate ru_maxrss   327400

mris_inflate ru_ixrss    0

mris_inflate ru_idrss    0

mris_inflate ru_isrss    0

mris_inflate ru_minflt   1418051

mris_inflate ru_majflt   0

mris_inflate ru_nswap    0

mris_inflate ru_inblock  0

mris_inflate ru_oublock  11656

mris_inflate ru_msgsnd   0

mris_inflate ru_msgrcv   0

mris_inflate ru_nsignals 0

mris_inflate ru_nvcsw    188

mris_inflate ru_nivcsw   87

Started at: Thu Jun 20 21:12:42 AEST 2024

Ended   at: Thu Jun 20 21:13:49 AEST 2024

mkheadsurf done

2. Creating /headnode1/abry4213/data/Cogitate_Batch2/MEG_Data/derivatives/fs/sub-CA144/bem/sub-CA144-head-dense.fif ...
outer skin  CM is  -0.54  -4.00 -10.91 mm
Surfaces passed the basic topology checks.
3. Creating medium tessellation...
3.1 Decimating the dense tessellation...
3.2 Creating /headnode1/abry4213/data/Cogitate_Batch2/MEG_Data/derivatives/fs/sub-CA144/bem/sub-CA144-head-medium.fif
/headnode1/abry4213/github/cogitate-msp1/coglib/meeg/source_modelling/S00a_scalp_surfaces.py:106: RuntimeWarning: Surface outer skin  has topological defects: 9 / 30000 vertices have fewer than three neighboring triangles [5576, 6720, 6856, 7825, 8057, 9042, 9104, 9392, 12724]

Consider using --force as an additional input parameter.
  mnebem.make_scalp_surfaces(subject,
outer skin  CM is  -0.70   4.19 -20.41 mm
/headnode1/abry4213/github/cogitate-msp1/coglib/meeg/source_modelling/S00a_scalp_surfaces.py:106: RuntimeWarning: Surface outer skin  is not complete (sum of solid angles yielded 0.9999869124309788, should be 1.)
  mnebem.make_scalp_surfaces(subject,
Surfaces passed the basic topology checks.
4. Creating sparse tessellation...
4.1 Decimating the dense tessellation...
4.2 Creating /headnode1/abry4213/data/Cogitate_Batch2/MEG_Data/derivatives/fs/sub-CA144/bem/sub-CA144-head-sparse.fif
/headnode1/abry4213/github/cogitate-msp1/coglib/meeg/source_modelling/S00a_scalp_surfaces.py:106: RuntimeWarning: Surface outer skin  has topological defects: 1 / 2499 vertices have fewer than three neighboring triangles [735]

Consider using --force as an additional input parameter.
  mnebem.make_scalp_surfaces(subject,
outer skin  CM is  -0.19   3.06 -18.11 mm
Surfaces passed the basic topology checks.
Can't load history: $< line too long.
