Warning: no access to tty (Bad file descriptor).
Thus no job control in this shell.
Can't load history: $< line too long.
Now running source localization for CB041
LOADEDMODULES=pbspro:Anaconda3-5.1.0 ;export LOADEDMODULES;PATH=/usr/physics/python/anaconda3/bin:/usr/lib64/qt-3.3/bin:/headnode1/abry4213/software/freesurfer/bin:/headnode1/abry4213/software/freesurfer/fsfast/bin:/headnode1/abry4213/software/freesurfer/bin:/headnode1/abry4213/.vscode-server/cli/servers/Stable-31c37ee8f63491495ac49e43b8544550fbae4533/server/bin/remote-cli:/usr/physics/pbspro/bin:/headnode1/abry4213/bin:/usr/physics/bin:/bin:/usr/local/bin:/usr/share/Modules/bin:/usr/bin:/opt/dell/srvadmin/bin:/usr/local/sbin:/usr/sbin ;export PATH;_LMFILES_=/usr/physics/share/modulefiles/pbspro:/usr/physics/share/modulefiles/Anaconda3-5.1.0 ;export _LMFILES_;1. Creating a dense scalp tessellation with mkheadsurf...
Running subprocess: mkheadsurf -subjid sub-CB041 -srcvol T1.mgz
INFO: log file is /headnode1/abry4213/data/Cogitate_Batch2/MEG_Data/derivatives/fs/sub-CB041/scripts/mkheadsurf.log

--------------------------------

Thu Jun 20 21:17:46 AEST 2024

/headnode1/abry4213

mri_seghead --invol /headnode1/abry4213/data/Cogitate_Batch2/MEG_Data/derivatives/fs/sub-CB041/mri/T1.mgz --outvol /headnode1/abry4213/data/Cogitate_Batch2/MEG_Data/derivatives/fs/sub-CB041/mri/seghead.mgz --fill 1 --thresh1 20 --thresh2 20 --nhitsmin 2

--------------------------------

input volume:  /headnode1/abry4213/data/Cogitate_Batch2/MEG_Data/derivatives/fs/sub-CB041/mri/T1.mgz

output volume: /headnode1/abry4213/data/Cogitate_Batch2/MEG_Data/derivatives/fs/sub-CB041/mri/seghead.mgz

threshold1:    20

threshold2:    20

nhitsmin:      2

fill value:    1

Loading input volume

Filling Columns

Filling Rows

Filling Slices

Merging and Inverting

Growing

Counting

N Head Voxels = 4534202

N Back Voxels = 12243014

Avg. Back Intensity = 1.671517

Max. Back Intensity = 216.000000

Writing output

Done

--------------------------------

Thu Jun 20 21:17:54 AEST 2024

/headnode1/abry4213

mri_tessellate /headnode1/abry4213/data/Cogitate_Batch2/MEG_Data/derivatives/fs/sub-CB041/mri/seghead.mgz 1 /headnode1/abry4213/data/Cogitate_Batch2/MEG_Data/derivatives/fs/sub-CB041/surf/lh.seghead

--------------------------------

7.1.1

  7.1.1

slice 20: 1533 vertices, 1617 faces

slice 30: 9356 vertices, 9533 faces

slice 40: 17978 vertices, 18208 faces

slice 50: 27732 vertices, 28036 faces

slice 60: 41640 vertices, 42113 faces

slice 70: 56178 vertices, 56613 faces

slice 80: 67371 vertices, 67806 faces

slice 90: 77950 vertices, 78403 faces

slice 100: 88182 vertices, 88652 faces

slice 110: 98240 vertices, 98752 faces

slice 120: 109138 vertices, 109716 faces

slice 130: 120278 vertices, 120777 faces

slice 140: 131030 vertices, 131567 faces

slice 150: 141049 vertices, 141548 faces

slice 160: 150710 vertices, 151209 faces

slice 170: 160743 vertices, 161249 faces

slice 180: 171394 vertices, 171984 faces

slice 190: 182868 vertices, 183497 faces

slice 200: 195203 vertices, 195897 faces

slice 210: 209439 vertices, 210183 faces

slice 220: 222684 vertices, 223223 faces

slice 230: 226629 vertices, 227077 faces

slice 240: 227970 vertices, 228356 faces

slice 250: 227970 vertices, 228356 faces

using the conformed surface RAS to save vertex points...

writing /headnode1/abry4213/data/Cogitate_Batch2/MEG_Data/derivatives/fs/sub-CB041/surf/lh.seghead

using vox2ras matrix:

-1.00000   0.00000   0.00000   128.00000;

 0.00000   0.00000   1.00000  -128.00000;

 0.00000  -1.00000   0.00000   128.00000;

 0.00000   0.00000   0.00000   1.00000;

--------------------------------

Thu Jun 20 21:17:57 AEST 2024

/headnode1/abry4213

mris_smooth -n 10 -b area.seghead -c curv.seghead /headnode1/abry4213/data/Cogitate_Batch2/MEG_Data/derivatives/fs/sub-CB041/surf/lh.seghead /headnode1/abry4213/data/Cogitate_Batch2/MEG_Data/derivatives/fs/sub-CB041/surf/lh.seghead

--------------------------------

smoothing for 10 iterations

smoothing surface tessellation for 10 iterations...

smoothing complete - recomputing first and second fundamental forms...

writing smoothed curvature to /headnode1/abry4213/data/Cogitate_Batch2/MEG_Data/derivatives/fs/sub-CB041/surf/lh.curv.seghead

writing smoothed area to /headnode1/abry4213/data/Cogitate_Batch2/MEG_Data/derivatives/fs/sub-CB041/surf/lh.area.seghead

--------------------------------

Thu Jun 20 21:18:05 AEST 2024

/headnode1/abry4213

mris_inflate -n 10 -sulc sulc.seghead /headnode1/abry4213/data/Cogitate_Batch2/MEG_Data/derivatives/fs/sub-CB041/surf/lh.seghead /headnode1/abry4213/data/Cogitate_Batch2/MEG_Data/derivatives/fs/sub-CB041/surf/lh.seghead.inflated

--------------------------------

niterations = 10

sulc name = sulc.seghead

Reading /headnode1/abry4213/data/Cogitate_Batch2/MEG_Data/derivatives/fs/sub-CB041/surf/lh.seghead

avg radius = 104.7 mm, total surface area = 152816 mm^2

step 000: RMS=0.086 (target=0.015)   step 005: RMS=0.063 (target=0.015)   step 010: RMS=0.054 (target=0.015)   step 015: RMS=0.051 (target=0.015)   step 020: RMS=0.048 (target=0.015)   step 025: RMS=0.043 (target=0.015)   step 030: RMS=0.042 (target=0.015)   step 035: RMS=0.038 (target=0.015)   step 040: RMS=0.036 (target=0.015)   step 045: RMS=0.036 (target=0.015)   step 050: RMS=0.034 (target=0.015)   step 055: RMS=0.034 (target=0.015)   step 060: RMS=0.033 (target=0.015)   writing inflated surface to /headnode1/abry4213/data/Cogitate_Batch2/MEG_Data/derivatives/fs/sub-CB041/surf/lh.seghead.inflated

writing sulcal depths to /headnode1/abry4213/data/Cogitate_Batch2/MEG_Data/derivatives/fs/sub-CB041/surf/lh.sulc.seghead



inflation complete.

inflation took 0.9 minutes

mris_inflate utimesec    49.674730

mris_inflate stimesec    3.798597

mris_inflate ru_maxrss   349652

mris_inflate ru_ixrss    0

mris_inflate ru_idrss    0

mris_inflate ru_isrss    0

mris_inflate ru_minflt   1747325

mris_inflate ru_majflt   0

mris_inflate ru_nswap    0

mris_inflate ru_inblock  0

mris_inflate ru_oublock  12488

mris_inflate ru_msgsnd   0

mris_inflate ru_msgrcv   0

mris_inflate ru_nsignals 0

mris_inflate ru_nvcsw    194

mris_inflate ru_nivcsw   81

Started at: Thu Jun 20 21:17:46 AEST 2024

Ended   at: Thu Jun 20 21:18:59 AEST 2024

mkheadsurf done

2. Creating /headnode1/abry4213/data/Cogitate_Batch2/MEG_Data/derivatives/fs/sub-CB041/bem/sub-CB041-head-dense.fif ...
outer skin  CM is   1.03  -3.96 -12.70 mm
Surfaces passed the basic topology checks.
3. Creating medium tessellation...
3.1 Decimating the dense tessellation...
3.2 Creating /headnode1/abry4213/data/Cogitate_Batch2/MEG_Data/derivatives/fs/sub-CB041/bem/sub-CB041-head-medium.fif
/headnode1/abry4213/github/cogitate-msp1/coglib/meeg/source_modelling/S00a_scalp_surfaces.py:106: RuntimeWarning: Surface outer skin  has topological defects: 19 / 30000 vertices have fewer than three neighboring triangles [5057, 5523, 6904, 6905, 7597, 9036, 9095, 9392, 9580, 9827, 9940, 10054, 10123, 10792, 11090, 11295, 12500, 12897, 13619]

Consider using --force as an additional input parameter.
  mnebem.make_scalp_surfaces(subject,
outer skin  CM is   1.93   6.50 -31.93 mm
/headnode1/abry4213/github/cogitate-msp1/coglib/meeg/source_modelling/S00a_scalp_surfaces.py:106: RuntimeWarning: Surface outer skin  is not complete (sum of solid angles yielded 1.000049053890945, should be 1.)
  mnebem.make_scalp_surfaces(subject,
Surfaces passed the basic topology checks.
4. Creating sparse tessellation...
4.1 Decimating the dense tessellation...
4.2 Creating /headnode1/abry4213/data/Cogitate_Batch2/MEG_Data/derivatives/fs/sub-CB041/bem/sub-CB041-head-sparse.fif
outer skin  CM is   2.52   3.90 -29.69 mm
/headnode1/abry4213/github/cogitate-msp1/coglib/meeg/source_modelling/S00a_scalp_surfaces.py:106: RuntimeWarning: Surface outer skin  is not complete (sum of solid angles yielded 0.9999337488681412, should be 1.)
  mnebem.make_scalp_surfaces(subject,
Surfaces passed the basic topology checks.
Can't load history: $< line too long.
