Warning: no access to tty (Bad file descriptor).
Thus no job control in this shell.
Can't load history: $< line too long.
Now running source localization for CB049
LOADEDMODULES=pbspro:Anaconda3-5.1.0 ;export LOADEDMODULES;PATH=/usr/physics/python/anaconda3/bin:/usr/lib64/qt-3.3/bin:/headnode1/abry4213/software/freesurfer/bin:/headnode1/abry4213/software/freesurfer/fsfast/bin:/headnode1/abry4213/software/freesurfer/bin:/headnode1/abry4213/.vscode-server/cli/servers/Stable-31c37ee8f63491495ac49e43b8544550fbae4533/server/bin/remote-cli:/usr/physics/pbspro/bin:/headnode1/abry4213/bin:/usr/physics/bin:/bin:/usr/local/bin:/usr/share/Modules/bin:/usr/bin:/opt/dell/srvadmin/bin:/usr/local/sbin:/usr/sbin ;export PATH;_LMFILES_=/usr/physics/share/modulefiles/pbspro:/usr/physics/share/modulefiles/Anaconda3-5.1.0 ;export _LMFILES_;1. Creating a dense scalp tessellation with mkheadsurf...
Running subprocess: mkheadsurf -subjid sub-CB049 -srcvol T1.mgz
INFO: log file is /headnode1/abry4213/data/Cogitate_Batch2/MEG_Data/derivatives/fs/sub-CB049/scripts/mkheadsurf.log

--------------------------------

Thu Jun 20 21:18:27 AEST 2024

/headnode1/abry4213

mri_seghead --invol /headnode1/abry4213/data/Cogitate_Batch2/MEG_Data/derivatives/fs/sub-CB049/mri/T1.mgz --outvol /headnode1/abry4213/data/Cogitate_Batch2/MEG_Data/derivatives/fs/sub-CB049/mri/seghead.mgz --fill 1 --thresh1 20 --thresh2 20 --nhitsmin 2

--------------------------------

input volume:  /headnode1/abry4213/data/Cogitate_Batch2/MEG_Data/derivatives/fs/sub-CB049/mri/T1.mgz

output volume: /headnode1/abry4213/data/Cogitate_Batch2/MEG_Data/derivatives/fs/sub-CB049/mri/seghead.mgz

threshold1:    20

threshold2:    20

nhitsmin:      2

fill value:    1

Loading input volume

Filling Columns

Filling Rows

Filling Slices

Merging and Inverting

Growing

Counting

N Head Voxels = 5038407

N Back Voxels = 11738809

Avg. Back Intensity = 1.775534

Max. Back Intensity = 235.000000

Writing output

Done

--------------------------------

Thu Jun 20 21:18:34 AEST 2024

/headnode1/abry4213

mri_tessellate /headnode1/abry4213/data/Cogitate_Batch2/MEG_Data/derivatives/fs/sub-CB049/mri/seghead.mgz 1 /headnode1/abry4213/data/Cogitate_Batch2/MEG_Data/derivatives/fs/sub-CB049/surf/lh.seghead

--------------------------------

7.1.1

  7.1.1

slice 20: 2189 vertices, 2288 faces

slice 30: 10621 vertices, 10814 faces

slice 40: 20949 vertices, 21202 faces

slice 50: 34713 vertices, 35159 faces

slice 60: 50906 vertices, 51320 faces

slice 70: 62788 vertices, 63200 faces

slice 80: 72504 vertices, 72920 faces

slice 90: 81718 vertices, 82151 faces

slice 100: 92669 vertices, 93186 faces

slice 110: 102717 vertices, 103243 faces

slice 120: 113197 vertices, 113746 faces

slice 130: 125171 vertices, 125898 faces

slice 140: 136498 vertices, 137180 faces

slice 150: 145895 vertices, 146557 faces

slice 160: 155725 vertices, 156390 faces

slice 170: 166237 vertices, 166967 faces

slice 180: 180491 vertices, 181377 faces

slice 190: 194089 vertices, 194980 faces

slice 200: 206098 vertices, 206972 faces

slice 210: 219568 vertices, 220491 faces

slice 220: 233177 vertices, 233921 faces

slice 230: 236394 vertices, 237003 faces

slice 240: 236704 vertices, 237276 faces

slice 250: 236704 vertices, 237276 faces

using the conformed surface RAS to save vertex points...

writing /headnode1/abry4213/data/Cogitate_Batch2/MEG_Data/derivatives/fs/sub-CB049/surf/lh.seghead

using vox2ras matrix:

-1.00000   0.00000   0.00000   128.00000;

 0.00000   0.00000   1.00000  -128.00000;

 0.00000  -1.00000   0.00000   128.00000;

 0.00000   0.00000   0.00000   1.00000;

--------------------------------

Thu Jun 20 21:18:37 AEST 2024

/headnode1/abry4213

mris_smooth -n 10 -b area.seghead -c curv.seghead /headnode1/abry4213/data/Cogitate_Batch2/MEG_Data/derivatives/fs/sub-CB049/surf/lh.seghead /headnode1/abry4213/data/Cogitate_Batch2/MEG_Data/derivatives/fs/sub-CB049/surf/lh.seghead

--------------------------------

smoothing for 10 iterations

smoothing surface tessellation for 10 iterations...

smoothing complete - recomputing first and second fundamental forms...

writing smoothed curvature to /headnode1/abry4213/data/Cogitate_Batch2/MEG_Data/derivatives/fs/sub-CB049/surf/lh.curv.seghead

writing smoothed area to /headnode1/abry4213/data/Cogitate_Batch2/MEG_Data/derivatives/fs/sub-CB049/surf/lh.area.seghead

--------------------------------

Thu Jun 20 21:18:45 AEST 2024

/headnode1/abry4213

mris_inflate -n 10 -sulc sulc.seghead /headnode1/abry4213/data/Cogitate_Batch2/MEG_Data/derivatives/fs/sub-CB049/surf/lh.seghead /headnode1/abry4213/data/Cogitate_Batch2/MEG_Data/derivatives/fs/sub-CB049/surf/lh.seghead.inflated

--------------------------------

niterations = 10

sulc name = sulc.seghead

Reading /headnode1/abry4213/data/Cogitate_Batch2/MEG_Data/derivatives/fs/sub-CB049/surf/lh.seghead

avg radius = 108.1 mm, total surface area = 160714 mm^2

step 000: RMS=0.085 (target=0.015)   step 005: RMS=0.065 (target=0.015)   step 010: RMS=0.059 (target=0.015)   step 015: RMS=0.056 (target=0.015)   step 020: RMS=0.053 (target=0.015)   step 025: RMS=0.051 (target=0.015)   step 030: RMS=0.049 (target=0.015)   step 035: RMS=0.047 (target=0.015)   step 040: RMS=0.046 (target=0.015)   step 045: RMS=0.045 (target=0.015)   step 050: RMS=0.044 (target=0.015)   step 055: RMS=0.045 (target=0.015)   step 060: RMS=0.045 (target=0.015)   writing inflated surface to /headnode1/abry4213/data/Cogitate_Batch2/MEG_Data/derivatives/fs/sub-CB049/surf/lh.seghead.inflated

writing sulcal depths to /headnode1/abry4213/data/Cogitate_Batch2/MEG_Data/derivatives/fs/sub-CB049/surf/lh.sulc.seghead



inflation complete.

inflation took 0.9 minutes

mris_inflate utimesec    50.400696

mris_inflate stimesec    3.471634

mris_inflate ru_maxrss   362632

mris_inflate ru_ixrss    0

mris_inflate ru_idrss    0

mris_inflate ru_isrss    0

mris_inflate ru_minflt   1424337

mris_inflate ru_majflt   0

mris_inflate ru_nswap    0

mris_inflate ru_inblock  0

mris_inflate ru_oublock  12976

mris_inflate ru_msgsnd   0

mris_inflate ru_msgrcv   0

mris_inflate ru_nsignals 0

mris_inflate ru_nvcsw    226

mris_inflate ru_nivcsw   167

Started at: Thu Jun 20 21:18:27 AEST 2024

Ended   at: Thu Jun 20 21:19:39 AEST 2024

mkheadsurf done

2. Creating /headnode1/abry4213/data/Cogitate_Batch2/MEG_Data/derivatives/fs/sub-CB049/bem/sub-CB049-head-dense.fif ...
outer skin  CM is  -1.84  -5.67 -12.47 mm
Surfaces passed the basic topology checks.
3. Creating medium tessellation...
3.1 Decimating the dense tessellation...
3.2 Creating /headnode1/abry4213/data/Cogitate_Batch2/MEG_Data/derivatives/fs/sub-CB049/bem/sub-CB049-head-medium.fif
/headnode1/abry4213/github/cogitate-msp1/coglib/meeg/source_modelling/S00a_scalp_surfaces.py:106: RuntimeWarning: Surface outer skin  has topological defects: 14 / 29999 vertices have fewer than three neighboring triangles [4448, 5122, 5256, 5259, 6113, 6740, 7128, 8719, 9587, 10089, 10609, 11705, 11927, 12128]

Consider using --force as an additional input parameter.
  mnebem.make_scalp_surfaces(subject,
outer skin  CM is  -1.93   2.94 -32.76 mm
/headnode1/abry4213/github/cogitate-msp1/coglib/meeg/source_modelling/S00a_scalp_surfaces.py:106: RuntimeWarning: Surface outer skin  is not complete (sum of solid angles yielded 0.9999859935412495, should be 1.)
  mnebem.make_scalp_surfaces(subject,
Surfaces passed the basic topology checks.
4. Creating sparse tessellation...
4.1 Decimating the dense tessellation...
4.2 Creating /headnode1/abry4213/data/Cogitate_Batch2/MEG_Data/derivatives/fs/sub-CB049/bem/sub-CB049-head-sparse.fif
/headnode1/abry4213/github/cogitate-msp1/coglib/meeg/source_modelling/S00a_scalp_surfaces.py:106: RuntimeWarning: Surface outer skin  has topological defects: 5 / 2500 vertices have fewer than three neighboring triangles [552, 665, 710, 1025, 1026]

Consider using --force as an additional input parameter.
  mnebem.make_scalp_surfaces(subject,
outer skin  CM is  -2.53   1.01 -28.20 mm
/headnode1/abry4213/github/cogitate-msp1/coglib/meeg/source_modelling/S00a_scalp_surfaces.py:106: RuntimeWarning: Surface outer skin  is not complete (sum of solid angles yielded 0.9998112783792379, should be 1.)
  mnebem.make_scalp_surfaces(subject,
Surfaces passed the basic topology checks.
Can't load history: $< line too long.
